[ 2018-06-13T21:26:09+08:00 ] ::1 /biye/index.php/WecharAPI/Login/checkLoginphone
INFO: [ app_init ] --START--
INFO: Run Behavior\BuildLiteBehavior [ RunTime:0.000043s ]
INFO: [ app_init ] --END-- [ RunTime:0.000702s ]
ERR: 无法加载控制器:Login

[ 2018-06-13T21:27:21+08:00 ] ::1 /biye/index.php/WecharAPI/Login/checkLoginphone
INFO: [ app_init ] --START--
INFO: Run Behavior\BuildLiteBehavior [ RunTime:0.000027s ]
INFO: [ app_init ] --END-- [ RunTime:0.000555s ]
ERR: 无法加载控制器:Login

[ 2018-06-13T21:27:23+08:00 ] ::1 /biye/index.php/WecharAPI/Login/checkLoginphone
INFO: [ app_init ] --START--
INFO: Run Behavior\BuildLiteBehavior [ RunTime:0.000026s ]
INFO: [ app_init ] --END-- [ RunTime:0.000548s ]
ERR: 无法加载控制器:Login

[ 2018-06-13T21:27:26+08:00 ] ::1 /biye/index.php/WecharAPI/Login/checkLoginphone
INFO: [ app_init ] --START--
INFO: Run Behavior\BuildLiteBehavior [ RunTime:0.000027s ]
INFO: [ app_init ] --END-- [ RunTime:0.000552s ]
ERR: 无法加载控制器:Login

[ 2018-06-13T21:28:58+08:00 ] ::1 /biye/index.php/WecharAPI/Login/checkLoginphone
INFO: [ app_init ] --START--
INFO: Run Behavior\BuildLiteBehavior [ RunTime:0.000029s ]
INFO: [ app_init ] --END-- [ RunTime:0.000611s ]

[ 2018-06-13T21:30:32+08:00 ] ::1 /biye/index.php/WecharAPI/Login/checkLoginphone
INFO: [ app_init ] --START--
INFO: Run Behavior\BuildLiteBehavior [ RunTime:0.000032s ]
INFO: [ app_init ] --END-- [ RunTime:0.000633s ]

[ 2018-06-13T21:33:12+08:00 ] ::1 /biye/index.php/WecharAPI/Login/checkLoginphone
INFO: [ app_init ] --START--
INFO: Run Behavior\BuildLiteBehavior [ RunTime:0.000027s ]
INFO: [ app_init ] --END-- [ RunTime:0.000530s ]

[ 2018-06-13T21:35:56+08:00 ] ::1 /biye/index.php/WecharAPI/Login/checkLoginphone
INFO: [ app_init ] --START--
INFO: Run Behavior\BuildLiteBehavior [ RunTime:0.000052s ]
INFO: [ app_init ] --END-- [ RunTime:0.001216s ]

[ 2018-06-13T21:35:58+08:00 ] ::1 /biye/index.php/WecharAPI/PInformation/indexphone
INFO: [ app_init ] --START--
INFO: Run Behavior\BuildLiteBehavior [ RunTime:0.000023s ]
INFO: [ app_init ] --END-- [ RunTime:0.000394s ]

[ 2018-06-13T21:35:59+08:00 ] ::1 /biye/index.php/WecharAPI/PTeacherManage/indexphone
INFO: [ app_init ] --START--
INFO: Run Behavior\BuildLiteBehavior [ RunTime:0.000036s ]
INFO: [ app_init ] --END-- [ RunTime:0.000486s ]

[ 2018-06-13T21:36:03+08:00 ] ::1 /biye/index.php/WecharAPI/PTeacherManage/ERG_groupphone
INFO: [ app_init ] --START--
INFO: Run Behavior\BuildLiteBehavior [ RunTime:0.000024s ]
INFO: [ app_init ] --END-- [ RunTime:0.000398s ]

[ 2018-06-13T21:36:04+08:00 ] ::1 /biye/index.php/WecharAPI/PDefence/indexphone
INFO: [ app_init ] --START--
INFO: Run Behavior\BuildLiteBehavior [ RunTime:0.000025s ]
INFO: [ app_init ] --END-- [ RunTime:0.000477s ]

[ 2018-06-13T21:36:08+08:00 ] ::1 /biye/index.php/WecharAPI/PDefence/indexphone
INFO: [ app_init ] --START--
INFO: Run Behavior\BuildLiteBehavior [ RunTime:0.000023s ]
INFO: [ app_init ] --END-- [ RunTime:0.000387s ]

[ 2018-06-13T21:36:09+08:00 ] ::1 /biye/index.php/WecharAPI/PDefence/indexphone
INFO: [ app_init ] --START--
INFO: Run Behavior\BuildLiteBehavior [ RunTime:0.000042s ]
INFO: [ app_init ] --END-- [ RunTime:0.000616s ]

[ 2018-06-13T21:36:13+08:00 ] ::1 /biye/index.php/WecharAPI/PDefence/indexphone
INFO: [ app_init ] --START--
INFO: Run Behavior\BuildLiteBehavior [ RunTime:0.000031s ]
INFO: [ app_init ] --END-- [ RunTime:0.000521s ]

[ 2018-06-13T21:36:22+08:00 ] ::1 /biye/index.php/WecharAPI/PInformation/indexphone
INFO: [ app_init ] --START--
INFO: Run Behavior\BuildLiteBehavior [ RunTime:0.000042s ]
INFO: [ app_init ] --END-- [ RunTime:0.000717s ]

[ 2018-06-13T21:36:27+08:00 ] ::1 /biye/index.php/WecharAPI/PTeacherManage/indexphone
INFO: [ app_init ] --START--
INFO: Run Behavior\BuildLiteBehavior [ RunTime:0.000046s ]
INFO: [ app_init ] --END-- [ RunTime:0.000720s ]

[ 2018-06-13T21:36:28+08:00 ] ::1 /biye/index.php/WecharAPI/PTeacherManage/ERG_groupphone
INFO: [ app_init ] --START--
INFO: Run Behavior\BuildLiteBehavior [ RunTime:0.000029s ]
INFO: [ app_init ] --END-- [ RunTime:0.000520s ]

[ 2018-06-13T21:36:29+08:00 ] ::1 /biye/index.php/WecharAPI/PInformation/indexphone
INFO: [ app_init ] --START--
INFO: Run Behavior\BuildLiteBehavior [ RunTime:0.000022s ]
INFO: [ app_init ] --END-- [ RunTime:0.000391s ]

[ 2018-06-13T21:45:47+08:00 ] ::1 /biye/index.php/WecharAPI/Login/checkLoginphone
INFO: [ app_init ] --START--
INFO: Run Behavior\BuildLiteBehavior [ RunTime:0.000039s ]
INFO: [ app_init ] --END-- [ RunTime:0.000639s ]

[ 2018-06-13T21:45:49+08:00 ] ::1 /biye/index.php/WecharAPI/PInformation/indexphone
INFO: [ app_init ] --START--
INFO: Run Behavior\BuildLiteBehavior [ RunTime:0.000037s ]
INFO: [ app_init ] --END-- [ RunTime:0.000523s ]

[ 2018-06-13T21:45:49+08:00 ] ::1 /biye/index.php/WecharAPI/PTeacherManage/indexphone
INFO: [ app_init ] --START--
INFO: Run Behavior\BuildLiteBehavior [ RunTime:0.000035s ]
INFO: [ app_init ] --END-- [ RunTime:0.000505s ]

[ 2018-06-13T21:45:50+08:00 ] ::1 /biye/index.php/WecharAPI/PTeacherManage/ERG_groupphone
INFO: [ app_init ] --START--
INFO: Run Behavior\BuildLiteBehavior [ RunTime:0.000026s ]
INFO: [ app_init ] --END-- [ RunTime:0.000449s ]

[ 2018-06-13T21:45:50+08:00 ] ::1 /biye/index.php/WecharAPI/PDefence/indexphone
INFO: [ app_init ] --START--
INFO: Run Behavior\BuildLiteBehavior [ RunTime:0.000032s ]
INFO: [ app_init ] --END-- [ RunTime:0.000565s ]

[ 2018-06-13T21:45:57+08:00 ] ::1 /biye/index.php/WecharAPI/PTeacherManage/ERG_groupphone
INFO: [ app_init ] --START--
INFO: Run Behavior\BuildLiteBehavior [ RunTime:0.000021s ]
INFO: [ app_init ] --END-- [ RunTime:0.000366s ]

[ 2018-06-13T21:45:58+08:00 ] ::1 /biye/index.php/WecharAPI/PInformation/indexphone
INFO: [ app_init ] --START--
INFO: Run Behavior\BuildLiteBehavior [ RunTime:0.000027s ]
INFO: [ app_init ] --END-- [ RunTime:0.000473s ]

[ 2018-06-13T21:46:00+08:00 ] ::1 /biye/index.php/WecharAPI/PTeacherManage/indexphone
INFO: [ app_init ] --START--
INFO: Run Behavior\BuildLiteBehavior [ RunTime:0.000023s ]
INFO: [ app_init ] --END-- [ RunTime:0.000390s ]

[ 2018-06-13T21:46:00+08:00 ] ::1 /biye/index.php/WecharAPI/PInformation/indexphone
INFO: [ app_init ] --START--
INFO: Run Behavior\BuildLiteBehavior [ RunTime:0.000056s ]
INFO: [ app_init ] --END-- [ RunTime:0.000535s ]

[ 2018-06-13T21:46:07+08:00 ] ::1 /biye/index.php/WecharAPI/PInformation/addphone
INFO: [ app_init ] --START--
INFO: Run Behavior\BuildLiteBehavior [ RunTime:0.000023s ]
INFO: [ app_init ] --END-- [ RunTime:0.000378s ]

[ 2018-06-13T21:46:09+08:00 ] ::1 /biye/index.php/WecharAPI/PInformation/indexphone
INFO: [ app_init ] --START--
INFO: Run Behavior\BuildLiteBehavior [ RunTime:0.000026s ]
INFO: [ app_init ] --END-- [ RunTime:0.000457s ]

[ 2018-06-13T21:50:00+08:00 ] ::1 /biye/index.php/WecharAPI/PInformation/indexphone
INFO: [ app_init ] --START--
INFO: Run Behavior\BuildLiteBehavior [ RunTime:0.000045s ]
INFO: [ app_init ] --END-- [ RunTime:0.000988s ]

[ 2018-06-13T21:50:12+08:00 ] ::1 /biye/index.php/WecharAPI/Login/checkLoginphone
INFO: [ app_init ] --START--
INFO: Run Behavior\BuildLiteBehavior [ RunTime:0.000032s ]
INFO: [ app_init ] --END-- [ RunTime:0.000432s ]

[ 2018-06-13T21:50:13+08:00 ] ::1 /biye/index.php/WecharAPI/PInformation/indexphone
INFO: [ app_init ] --START--
INFO: Run Behavior\BuildLiteBehavior [ RunTime:0.000024s ]
INFO: [ app_init ] --END-- [ RunTime:0.000400s ]

[ 2018-06-13T21:50:25+08:00 ] ::1 /biye/index.php/WecharAPI/PTopic/all
INFO: [ app_init ] --START--
INFO: Run Behavior\BuildLiteBehavior [ RunTime:0.000024s ]
INFO: [ app_init ] --END-- [ RunTime:0.000394s ]
ERR: 无法加载控制器:PTopic

[ 2018-06-13T21:50:27+08:00 ] ::1 /biye/index.php/WecharAPI/PTopic/trial
INFO: [ app_init ] --START--
INFO: Run Behavior\BuildLiteBehavior [ RunTime:0.000027s ]
INFO: [ app_init ] --END-- [ RunTime:0.000471s ]
ERR: 无法加载控制器:PTopic

[ 2018-06-13T21:50:29+08:00 ] ::1 /biye/index.php/WecharAPI/PTopic/my_theme
INFO: [ app_init ] --START--
INFO: Run Behavior\BuildLiteBehavior [ RunTime:0.000028s ]
INFO: [ app_init ] --END-- [ RunTime:0.000470s ]
ERR: 无法加载控制器:PTopic

[ 2018-06-13T21:50:30+08:00 ] ::1 /biye/index.php/WecharAPI/PMyStudent/index
INFO: [ app_init ] --START--
INFO: Run Behavior\BuildLiteBehavior [ RunTime:0.000027s ]
INFO: [ app_init ] --END-- [ RunTime:0.000477s ]
ERR: Think\Model:getStudentList方法不存在！

[ 2018-06-13T21:50:31+08:00 ] ::1 /biye/index.php/WecharAPI/PTopic/my_theme
INFO: [ app_init ] --START--
INFO: Run Behavior\BuildLiteBehavior [ RunTime:0.000029s ]
INFO: [ app_init ] --END-- [ RunTime:0.000488s ]
ERR: 无法加载控制器:PTopic

[ 2018-06-13T21:53:44+08:00 ] ::1 /biye/index.php/WecharAPI/PTopic/add
INFO: [ app_init ] --START--
INFO: Run Behavior\BuildLiteBehavior [ RunTime:0.000026s ]
INFO: [ app_init ] --END-- [ RunTime:0.000548s ]

[ 2018-06-13T21:53:46+08:00 ] ::1 /biye/index.php/WecharAPI/PTopic/my_theme
INFO: [ app_init ] --START--
INFO: Run Behavior\BuildLiteBehavior [ RunTime:0.000027s ]
INFO: [ app_init ] --END-- [ RunTime:0.000461s ]

[ 2018-06-13T21:53:49+08:00 ] ::1 /biye/index.php/WecharAPI/PTopic/trial
INFO: [ app_init ] --START--
INFO: Run Behavior\BuildLiteBehavior [ RunTime:0.000027s ]
INFO: [ app_init ] --END-- [ RunTime:0.000471s ]

[ 2018-06-13T21:53:51+08:00 ] ::1 /biye/index.php/WecharAPI/PTopic/trial
INFO: [ app_init ] --START--
INFO: Run Behavior\BuildLiteBehavior [ RunTime:0.000029s ]
INFO: [ app_init ] --END-- [ RunTime:0.000472s ]

[ 2018-06-13T21:53:51+08:00 ] ::1 /biye/index.php/WecharAPI/PTopic/my_theme
INFO: [ app_init ] --START--
INFO: Run Behavior\BuildLiteBehavior [ RunTime:0.000028s ]
INFO: [ app_init ] --END-- [ RunTime:0.000487s ]

[ 2018-06-13T21:53:52+08:00 ] ::1 /biye/index.php/WecharAPI/PMyStudent/index
INFO: [ app_init ] --START--
INFO: Run Behavior\BuildLiteBehavior [ RunTime:0.000029s ]
INFO: [ app_init ] --END-- [ RunTime:0.000485s ]

[ 2018-06-13T21:53:52+08:00 ] ::1 /biye/index.php/WecharAPI/PTopic/my_theme
INFO: [ app_init ] --START--
INFO: Run Behavior\BuildLiteBehavior [ RunTime:0.000038s ]
INFO: [ app_init ] --END-- [ RunTime:0.000441s ]

[ 2018-06-13T21:55:04+08:00 ] ::1 /biye/index.php/WecharAPI/Login/checkLoginphone
INFO: [ app_init ] --START--
INFO: Run Behavior\BuildLiteBehavior [ RunTime:0.000036s ]
INFO: [ app_init ] --END-- [ RunTime:0.000604s ]

[ 2018-06-13T21:55:05+08:00 ] ::1 /biye/index.php/WecharAPI/PInformation/indexphone
INFO: [ app_init ] --START--
INFO: Run Behavior\BuildLiteBehavior [ RunTime:0.000043s ]
INFO: [ app_init ] --END-- [ RunTime:0.000721s ]

[ 2018-06-13T21:55:06+08:00 ] ::1 /biye/index.php/WecharAPI/PTopic/all
INFO: [ app_init ] --START--
INFO: Run Behavior\BuildLiteBehavior [ RunTime:0.000021s ]
INFO: [ app_init ] --END-- [ RunTime:0.000368s ]

[ 2018-06-13T21:55:08+08:00 ] ::1 /biye/index.php/WecharAPI/PTopic/trial
INFO: [ app_init ] --START--
INFO: Run Behavior\BuildLiteBehavior [ RunTime:0.000021s ]
INFO: [ app_init ] --END-- [ RunTime:0.000367s ]

[ 2018-06-13T21:55:14+08:00 ] ::1 /biye/index.php/WecharAPI/PTopic/all
INFO: [ app_init ] --START--
INFO: Run Behavior\BuildLiteBehavior [ RunTime:0.000026s ]
INFO: [ app_init ] --END-- [ RunTime:0.000435s ]

[ 2018-06-13T21:55:16+08:00 ] ::1 /biye/index.php/WecharAPI/PTopic/all
INFO: [ app_init ] --START--
INFO: Run Behavior\BuildLiteBehavior [ RunTime:0.000022s ]
INFO: [ app_init ] --END-- [ RunTime:0.000374s ]

[ 2018-06-13T21:57:12+08:00 ] ::1 /biye/index.php/WecharAPI/Login/checkLoginphone
INFO: [ app_init ] --START--
INFO: Run Behavior\BuildLiteBehavior [ RunTime:0.000022s ]
INFO: [ app_init ] --END-- [ RunTime:0.000462s ]

[ 2018-06-13T21:57:12+08:00 ] ::1 /biye/index.php/WecharAPI/PInformation/indexphone
INFO: [ app_init ] --START--
INFO: Run Behavior\BuildLiteBehavior [ RunTime:0.000035s ]
INFO: [ app_init ] --END-- [ RunTime:0.000422s ]

[ 2018-06-13T21:57:13+08:00 ] ::1 /biye/index.php/WecharAPI/PTopic/all
INFO: [ app_init ] --START--
INFO: Run Behavior\BuildLiteBehavior [ RunTime:0.000022s ]
INFO: [ app_init ] --END-- [ RunTime:0.000369s ]

[ 2018-06-13T21:58:04+08:00 ] ::1 /biye/index.php/WecharAPI/Login/checkLoginphone
INFO: [ app_init ] --START--
INFO: Run Behavior\BuildLiteBehavior [ RunTime:0.000031s ]
INFO: [ app_init ] --END-- [ RunTime:0.000508s ]

[ 2018-06-13T21:58:04+08:00 ] ::1 /biye/index.php/WecharAPI/PInformation/indexphone
INFO: [ app_init ] --START--
INFO: Run Behavior\BuildLiteBehavior [ RunTime:0.000025s ]
INFO: [ app_init ] --END-- [ RunTime:0.000486s ]

[ 2018-06-13T21:58:06+08:00 ] ::1 /biye/index.php/WecharAPI/PTopic/all
INFO: [ app_init ] --START--
INFO: Run Behavior\BuildLiteBehavior [ RunTime:0.000029s ]
INFO: [ app_init ] --END-- [ RunTime:0.000489s ]

[ 2018-06-13T21:58:09+08:00 ] ::1 /biye/index.php/WecharAPI/PTopic/all
INFO: [ app_init ] --START--
INFO: Run Behavior\BuildLiteBehavior [ RunTime:0.000027s ]
INFO: [ app_init ] --END-- [ RunTime:0.000469s ]

[ 2018-06-13T21:58:24+08:00 ] ::1 /biye/index.php/WecharAPI/Login/checkLoginphone
INFO: [ app_init ] --START--
INFO: Run Behavior\BuildLiteBehavior [ RunTime:0.000033s ]
INFO: [ app_init ] --END-- [ RunTime:0.000611s ]

[ 2018-06-13T21:58:24+08:00 ] ::1 /biye/index.php/WecharAPI/PInformation/indexphone
INFO: [ app_init ] --START--
INFO: Run Behavior\BuildLiteBehavior [ RunTime:0.000023s ]
INFO: [ app_init ] --END-- [ RunTime:0.000392s ]

[ 2018-06-13T21:58:26+08:00 ] ::1 /biye/index.php/WecharAPI/PTopic/all
INFO: [ app_init ] --START--
INFO: Run Behavior\BuildLiteBehavior [ RunTime:0.000030s ]
INFO: [ app_init ] --END-- [ RunTime:0.000607s ]

[ 2018-06-13T21:59:00+08:00 ] ::1 /biye/index.php/WecharAPI/PTopic/all
INFO: [ app_init ] --START--
INFO: Run Behavior\BuildLiteBehavior [ RunTime:0.000037s ]
INFO: [ app_init ] --END-- [ RunTime:0.000702s ]
INFO: [ app_begin ] --START--
INFO: Run Behavior\ReadHtmlCacheBehavior [ RunTime:0.000821s ]
INFO: [ app_begin ] --END-- [ RunTime:0.000982s ]
NOTIC: [2048] Declaration of WecharAPI\Controller\PTopicController::show() should be compatible with Think\Controller::show($content, $charset = '', $contentType = '', $prefix = '') D:\wamp64\www\biye\Application\WecharAPI\Controller\PTopicController.class.php 第 274 行.
NOTIC: [8192] mysql_connect(): The mysql extension is deprecated and will be removed in the future: use mysqli or PDO instead D:\wamp64\www\biye\ThinkPHP\Library\Think\Db\Driver\Mysql.class.php 第 52 行.
SQL: SHOW COLUMNS FROM `think_topic` [ RunTime:0.000540s ]
SQL: select tc.Tnum,tc.Tname,t.Cnum,t.Cname,t.Ctype,t.Csource,s.Snum,s.Sname,s.taskbook,s.denfense_draft from think_student as s right join think_apply as a on s.Snum = a.student_Snum right join think_topic as t on t.Cnum = a.topic_Cnum  join think_teacher as tc on tc.Tnum = t.Tnum where t.year =2018 [ RunTime:0.000579s ]
SQL: SHOW COLUMNS FROM `think_topic` [ RunTime:0.000987s ]
SQL: SELECT COUNT(Cnum) AS tp_count FROM `think_topic` LIMIT 1   [ RunTime:0.000419s ]
INFO: [ app_end ] --START--
INFO: Run Behavior\ShowPageTraceBehavior [ RunTime:0.001364s ]
INFO: [ app_end ] --END-- [ RunTime:0.001510s ]

[ 2018-06-13T21:59:19+08:00 ] ::1 /biye/index.php/WecharAPI/Login/checkLoginphone
INFO: [ app_init ] --START--
INFO: Run Behavior\BuildLiteBehavior [ RunTime:0.000028s ]
INFO: [ app_init ] --END-- [ RunTime:0.000521s ]
INFO: [ app_begin ] --START--
INFO: Run Behavior\ReadHtmlCacheBehavior [ RunTime:0.000721s ]
INFO: [ app_begin ] --END-- [ RunTime:0.000869s ]
NOTIC: [8192] mysql_connect(): The mysql extension is deprecated and will be removed in the future: use mysqli or PDO instead D:\wamp64\www\biye\ThinkPHP\Library\Think\Db\Driver\Mysql.class.php 第 52 行.
SQL: SHOW COLUMNS FROM `think_teacher` [ RunTime:0.000545s ]
SQL: SHOW COLUMNS FROM `think_admin` [ RunTime:0.000440s ]
SQL: SELECT * FROM `think_admin` WHERE `Tnum` = '1090' AND `pwd` = 'b03ba0c98d0f0bc9a864e0288b72fd92' LIMIT 1   [ RunTime:0.000233s ]
SQL: SELECT `ERG_group` FROM `think_teacher` WHERE ( Tnum=1090 ) LIMIT 1   [ RunTime:0.000184s ]
SQL: SELECT * FROM `think_teacher` WHERE `Tnum` = '1090' AND `pwd` = 'b03ba0c98d0f0bc9a864e0288b72fd92' LIMIT 1   [ RunTime:0.000216s ]

[ 2018-06-13T21:59:19+08:00 ] ::1 /biye/index.php/WecharAPI/PInformation/indexphone
INFO: [ app_init ] --START--
INFO: Run Behavior\BuildLiteBehavior [ RunTime:0.000042s ]
INFO: [ app_init ] --END-- [ RunTime:0.000678s ]
INFO: [ app_begin ] --START--
INFO: Run Behavior\ReadHtmlCacheBehavior [ RunTime:0.001035s ]
INFO: [ app_begin ] --END-- [ RunTime:0.001267s ]
NOTIC: [2048] Declaration of WecharAPI\Controller\PInformationController::show() should be compatible with Think\Controller::show($content, $charset = '', $contentType = '', $prefix = '') D:\wamp64\www\biye\Application\WecharAPI\Controller\PInformationController.class.php 第 104 行.
NOTIC: [8192] mysql_connect(): The mysql extension is deprecated and will be removed in the future: use mysqli or PDO instead D:\wamp64\www\biye\ThinkPHP\Library\Think\Db\Driver\Mysql.class.php 第 52 行.
SQL: SHOW COLUMNS FROM `think_information` [ RunTime:0.000698s ]
SQL: SELECT COUNT(*) AS tp_count FROM `think_information` LIMIT 1   [ RunTime:0.000285s ]
SQL: SELECT * FROM `think_information`  [ RunTime:0.000310s ]

[ 2018-06-13T21:59:20+08:00 ] ::1 /biye/index.php/WecharAPI/PTopic/all
INFO: [ app_init ] --START--
INFO: Run Behavior\BuildLiteBehavior [ RunTime:0.000021s ]
INFO: [ app_init ] --END-- [ RunTime:0.000378s ]
INFO: [ app_begin ] --START--
INFO: Run Behavior\ReadHtmlCacheBehavior [ RunTime:0.000541s ]
INFO: [ app_begin ] --END-- [ RunTime:0.000655s ]
NOTIC: [2048] Declaration of WecharAPI\Controller\PTopicController::show() should be compatible with Think\Controller::show($content, $charset = '', $contentType = '', $prefix = '') D:\wamp64\www\biye\Application\WecharAPI\Controller\PTopicController.class.php 第 274 行.
NOTIC: [8192] mysql_connect(): The mysql extension is deprecated and will be removed in the future: use mysqli or PDO instead D:\wamp64\www\biye\ThinkPHP\Library\Think\Db\Driver\Mysql.class.php 第 52 行.
SQL: SHOW COLUMNS FROM `think_topic` [ RunTime:0.000578s ]
SQL: select tc.Tnum,tc.Tname,t.Cnum,t.Cname,t.Ctype,t.Csource,s.Snum,s.Sname,s.taskbook,s.denfense_draft from think_student as s right join think_apply as a on s.Snum = a.student_Snum right join think_topic as t on t.Cnum = a.topic_Cnum  join think_teacher as tc on tc.Tnum = t.Tnum where t.year =2018 [ RunTime:0.000668s ]
SQL: SHOW COLUMNS FROM `think_topic` [ RunTime:0.000434s ]
SQL: SELECT COUNT(Cnum) AS tp_count FROM `think_topic` LIMIT 1   [ RunTime:0.000231s ]
INFO: [ app_end ] --START--
INFO: Run Behavior\ShowPageTraceBehavior [ RunTime:0.000861s ]
INFO: [ app_end ] --END-- [ RunTime:0.000984s ]

[ 2018-06-13T21:59:27+08:00 ] ::1 /biye/index.php/WecharAPI/PTopic/trial
INFO: [ app_init ] --START--
INFO: Run Behavior\BuildLiteBehavior [ RunTime:0.000032s ]
INFO: [ app_init ] --END-- [ RunTime:0.000518s ]
INFO: [ app_begin ] --START--
INFO: Run Behavior\ReadHtmlCacheBehavior [ RunTime:0.000729s ]
INFO: [ app_begin ] --END-- [ RunTime:0.000884s ]
NOTIC: [2048] Declaration of WecharAPI\Controller\PTopicController::show() should be compatible with Think\Controller::show($content, $charset = '', $contentType = '', $prefix = '') D:\wamp64\www\biye\Application\WecharAPI\Controller\PTopicController.class.php 第 274 行.
NOTIC: [8192] mysql_connect(): The mysql extension is deprecated and will be removed in the future: use mysqli or PDO instead D:\wamp64\www\biye\ThinkPHP\Library\Think\Db\Driver\Mysql.class.php 第 52 行.
SQL: SHOW COLUMNS FROM `think_topic` [ RunTime:0.000575s ]
SQL: SHOW COLUMNS FROM `think_apply` [ RunTime:0.000418s ]
SQL: SELECT `apply_num`,`student_Snum`,`Cnum`,`student_name`,`reason`,`Cname`,`Ctype`,`Csource`,`year`,think_apply.status FROM `think_apply` INNER JOIN think_topic ON think_topic.Cnum = think_apply.topic_Cnum  WHERE ( year = 2018 AND think_topic.Tnum = 1090 )  [ RunTime:0.000367s ]
INFO: [ app_end ] --START--
INFO: Run Behavior\ShowPageTraceBehavior [ RunTime:0.000904s ]
INFO: [ app_end ] --END-- [ RunTime:0.001035s ]

[ 2018-06-13T21:59:29+08:00 ] ::1 /biye/index.php/WecharAPI/PTopic/all
INFO: [ app_init ] --START--
INFO: Run Behavior\BuildLiteBehavior [ RunTime:0.000029s ]
INFO: [ app_init ] --END-- [ RunTime:0.000512s ]
INFO: [ app_begin ] --START--
INFO: Run Behavior\ReadHtmlCacheBehavior [ RunTime:0.000725s ]
INFO: [ app_begin ] --END-- [ RunTime:0.000875s ]
NOTIC: [2048] Declaration of WecharAPI\Controller\PTopicController::show() should be compatible with Think\Controller::show($content, $charset = '', $contentType = '', $prefix = '') D:\wamp64\www\biye\Application\WecharAPI\Controller\PTopicController.class.php 第 274 行.
NOTIC: [8192] mysql_connect(): The mysql extension is deprecated and will be removed in the future: use mysqli or PDO instead D:\wamp64\www\biye\ThinkPHP\Library\Think\Db\Driver\Mysql.class.php 第 52 行.
SQL: SHOW COLUMNS FROM `think_topic` [ RunTime:0.000772s ]
SQL: select tc.Tnum,tc.Tname,t.Cnum,t.Cname,t.Ctype,t.Csource,s.Snum,s.Sname,s.taskbook,s.denfense_draft from think_student as s right join think_apply as a on s.Snum = a.student_Snum right join think_topic as t on t.Cnum = a.topic_Cnum  join think_teacher as tc on tc.Tnum = t.Tnum where t.year =2018 [ RunTime:0.000459s ]
SQL: SHOW COLUMNS FROM `think_topic` [ RunTime:0.000401s ]
SQL: SELECT COUNT(Cnum) AS tp_count FROM `think_topic` LIMIT 1   [ RunTime:0.000165s ]
INFO: [ app_end ] --START--
INFO: Run Behavior\ShowPageTraceBehavior [ RunTime:0.000668s ]
INFO: [ app_end ] --END-- [ RunTime:0.000771s ]

[ 2018-06-13T21:59:32+08:00 ] ::1 /biye/index.php/WecharAPI/PTopic/trial
INFO: [ app_init ] --START--
INFO: Run Behavior\BuildLiteBehavior [ RunTime:0.000031s ]
INFO: [ app_init ] --END-- [ RunTime:0.000569s ]
INFO: [ app_begin ] --START--
INFO: Run Behavior\ReadHtmlCacheBehavior [ RunTime:0.000734s ]
INFO: [ app_begin ] --END-- [ RunTime:0.000894s ]
NOTIC: [2048] Declaration of WecharAPI\Controller\PTopicController::show() should be compatible with Think\Controller::show($content, $charset = '', $contentType = '', $prefix = '') D:\wamp64\www\biye\Application\WecharAPI\Controller\PTopicController.class.php 第 274 行.
NOTIC: [8192] mysql_connect(): The mysql extension is deprecated and will be removed in the future: use mysqli or PDO instead D:\wamp64\www\biye\ThinkPHP\Library\Think\Db\Driver\Mysql.class.php 第 52 行.
SQL: SHOW COLUMNS FROM `think_topic` [ RunTime:0.000648s ]
SQL: SHOW COLUMNS FROM `think_apply` [ RunTime:0.000556s ]
SQL: SELECT `apply_num`,`student_Snum`,`Cnum`,`student_name`,`reason`,`Cname`,`Ctype`,`Csource`,`year`,think_apply.status FROM `think_apply` INNER JOIN think_topic ON think_topic.Cnum = think_apply.topic_Cnum  WHERE ( year = 2018 AND think_topic.Tnum = 1090 )  [ RunTime:0.000356s ]
INFO: [ app_end ] --START--
INFO: Run Behavior\ShowPageTraceBehavior [ RunTime:0.000811s ]
INFO: [ app_end ] --END-- [ RunTime:0.000939s ]

[ 2018-06-13T21:59:32+08:00 ] ::1 /biye/index.php/WecharAPI/PTopic/my_theme
INFO: [ app_init ] --START--
INFO: Run Behavior\BuildLiteBehavior [ RunTime:0.000031s ]
INFO: [ app_init ] --END-- [ RunTime:0.000587s ]
INFO: [ app_begin ] --START--
INFO: Run Behavior\ReadHtmlCacheBehavior [ RunTime:0.000737s ]
INFO: [ app_begin ] --END-- [ RunTime:0.000902s ]
NOTIC: [2048] Declaration of WecharAPI\Controller\PTopicController::show() should be compatible with Think\Controller::show($content, $charset = '', $contentType = '', $prefix = '') D:\wamp64\www\biye\Application\WecharAPI\Controller\PTopicController.class.php 第 274 行.
NOTIC: [8192] mysql_connect(): The mysql extension is deprecated and will be removed in the future: use mysqli or PDO instead D:\wamp64\www\biye\ThinkPHP\Library\Think\Db\Driver\Mysql.class.php 第 52 行.
SQL: SHOW COLUMNS FROM `think_topic` [ RunTime:0.000524s ]
SQL: select tc.Tnum,tc.Tname,t.Cnum,t.Cname,t.Ctype,t.Csource,s.Snum,s.Sname,s.taskbook,s.denfense_draft from think_student as s right join think_apply as a on s.Snum = a.student_Snum right join think_topic as t on t.Cnum = a.topic_Cnum  join think_teacher as tc on tc.Tnum = t.Tnum where t.year =2018 and tc.Tnum = 1090 [ RunTime:0.000429s ]
INFO: [ app_end ] --START--
INFO: Run Behavior\ShowPageTraceBehavior [ RunTime:0.000834s ]
INFO: [ app_end ] --END-- [ RunTime:0.000947s ]

[ 2018-06-13T21:59:47+08:00 ] ::1 /biye/index.php/WecharAPI/PTopic/add
INFO: [ app_init ] --START--
INFO: Run Behavior\BuildLiteBehavior [ RunTime:0.000025s ]
INFO: [ app_init ] --END-- [ RunTime:0.000462s ]
INFO: [ app_begin ] --START--
INFO: Run Behavior\ReadHtmlCacheBehavior [ RunTime:0.000704s ]
INFO: [ app_begin ] --END-- [ RunTime:0.000848s ]
NOTIC: [2048] Declaration of WecharAPI\Controller\PTopicController::show() should be compatible with Think\Controller::show($content, $charset = '', $contentType = '', $prefix = '') D:\wamp64\www\biye\Application\WecharAPI\Controller\PTopicController.class.php 第 274 行.
NOTIC: [8192] mysql_connect(): The mysql extension is deprecated and will be removed in the future: use mysqli or PDO instead D:\wamp64\www\biye\ThinkPHP\Library\Think\Db\Driver\Mysql.class.php 第 52 行.
SQL: SHOW COLUMNS FROM `think_teacher` [ RunTime:0.000617s ]
SQL: SELECT `ERG_group` FROM `think_teacher` WHERE ( Tnum=1090 ) LIMIT 1   [ RunTime:0.000244s ]
SQL: SHOW COLUMNS FROM `think_topic` [ RunTime:0.000467s ]
SQL: INSERT INTO `think_topic` (`Tnum`,`Cname`,`Ctext`,`Csource`,`Ctype`,`year`,`ERG_group`) VALUES ('1090','dfsafasdfasfasdfasfasfdsafasdfasfsafasf','ddd','生产','设计',2018,1) [ RunTime:0.000432s ]

[ 2018-06-13T21:59:50+08:00 ] ::1 /biye/index.php/WecharAPI/PTopic/my_theme
INFO: [ app_init ] --START--
INFO: Run Behavior\BuildLiteBehavior [ RunTime:0.000026s ]
INFO: [ app_init ] --END-- [ RunTime:0.000457s ]
INFO: [ app_begin ] --START--
INFO: Run Behavior\ReadHtmlCacheBehavior [ RunTime:0.000726s ]
INFO: [ app_begin ] --END-- [ RunTime:0.000863s ]
NOTIC: [2048] Declaration of WecharAPI\Controller\PTopicController::show() should be compatible with Think\Controller::show($content, $charset = '', $contentType = '', $prefix = '') D:\wamp64\www\biye\Application\WecharAPI\Controller\PTopicController.class.php 第 274 行.
NOTIC: [8192] mysql_connect(): The mysql extension is deprecated and will be removed in the future: use mysqli or PDO instead D:\wamp64\www\biye\ThinkPHP\Library\Think\Db\Driver\Mysql.class.php 第 52 行.
SQL: SHOW COLUMNS FROM `think_topic` [ RunTime:0.000602s ]
SQL: select tc.Tnum,tc.Tname,t.Cnum,t.Cname,t.Ctype,t.Csource,s.Snum,s.Sname,s.taskbook,s.denfense_draft from think_student as s right join think_apply as a on s.Snum = a.student_Snum right join think_topic as t on t.Cnum = a.topic_Cnum  join think_teacher as tc on tc.Tnum = t.Tnum where t.year =2018 and tc.Tnum = 1090 [ RunTime:0.000601s ]
INFO: [ app_end ] --START--
INFO: Run Behavior\ShowPageTraceBehavior [ RunTime:0.000849s ]
INFO: [ app_end ] --END-- [ RunTime:0.000974s ]

[ 2018-06-13T21:59:51+08:00 ] ::1 /biye/index.php/WecharAPI/PMyStudent/index
INFO: [ app_init ] --START--
INFO: Run Behavior\BuildLiteBehavior [ RunTime:0.000028s ]
INFO: [ app_init ] --END-- [ RunTime:0.000473s ]
INFO: [ app_begin ] --START--
INFO: Run Behavior\ReadHtmlCacheBehavior [ RunTime:0.000699s ]
INFO: [ app_begin ] --END-- [ RunTime:0.000846s ]
NOTIC: [8192] mysql_connect(): The mysql extension is deprecated and will be removed in the future: use mysqli or PDO instead D:\wamp64\www\biye\ThinkPHP\Library\Think\Db\Driver\Mysql.class.php 第 52 行.
SQL: SHOW COLUMNS FROM `think_student` [ RunTime:0.000719s ]
SQL: select * from think_student as a
		left join think_apply as b
		on a.Snum=b.student_Snum where Tnum=1090 and status = 1 order by denfense_status [ RunTime:0.000423s ]
INFO: [ app_end ] --START--
INFO: Run Behavior\ShowPageTraceBehavior [ RunTime:0.000766s ]
INFO: [ app_end ] --END-- [ RunTime:0.000877s ]

[ 2018-06-13T21:59:53+08:00 ] ::1 /biye/index.php/WecharAPI/PScore/Ggrade
INFO: [ app_init ] --START--
INFO: Run Behavior\BuildLiteBehavior [ RunTime:0.000040s ]
INFO: [ app_init ] --END-- [ RunTime:0.000623s ]
INFO: [ app_begin ] --START--
INFO: Run Behavior\ReadHtmlCacheBehavior [ RunTime:0.000714s ]
INFO: [ app_begin ] --END-- [ RunTime:0.000865s ]
NOTIC: [8192] mysql_connect(): The mysql extension is deprecated and will be removed in the future: use mysqli or PDO instead D:\wamp64\www\biye\ThinkPHP\Library\Think\Db\Driver\Mysql.class.php 第 52 行.
SQL: SHOW COLUMNS FROM `think_score` [ RunTime:0.000705s ]
SQL: select t.Cname,s.Sname,s.Snum,s.denfense_draft,t.Tnum,sc.scorenum,sc.Ggrade1,sc.Ggrade2,sc.Ggrade3,sc.Ggrade4,sc.Ggrade5,sc.Gtext from think_score as sc 
		right join think_student as s on s.Snum = sc.Studentnum 
		join think_apply as a on s.Snum = a.student_Snum 
		join think_topic as t on t.Cnum = a.topic_Cnum
		where t.Tnum=1090 AND a.status = 1 AND t.year = 2018 [ RunTime:0.000495s ]
INFO: [ app_end ] --START--
INFO: Run Behavior\ShowPageTraceBehavior [ RunTime:0.000843s ]
INFO: [ app_end ] --END-- [ RunTime:0.000969s ]

[ 2018-06-13T21:59:54+08:00 ] ::1 /biye/index.php/WecharAPI/PMyStudent/index
INFO: [ app_init ] --START--
INFO: Run Behavior\BuildLiteBehavior [ RunTime:0.000031s ]
INFO: [ app_init ] --END-- [ RunTime:0.000551s ]
INFO: [ app_begin ] --START--
INFO: Run Behavior\ReadHtmlCacheBehavior [ RunTime:0.000799s ]
INFO: [ app_begin ] --END-- [ RunTime:0.000949s ]
NOTIC: [8192] mysql_connect(): The mysql extension is deprecated and will be removed in the future: use mysqli or PDO instead D:\wamp64\www\biye\ThinkPHP\Library\Think\Db\Driver\Mysql.class.php 第 52 行.
SQL: SHOW COLUMNS FROM `think_student` [ RunTime:0.000680s ]
SQL: select * from think_student as a
		left join think_apply as b
		on a.Snum=b.student_Snum where Tnum=1090 and status = 1 order by denfense_status [ RunTime:0.000330s ]
INFO: [ app_end ] --START--
INFO: Run Behavior\ShowPageTraceBehavior [ RunTime:0.000668s ]
INFO: [ app_end ] --END-- [ RunTime:0.000766s ]

[ 2018-06-13T22:00:13+08:00 ] ::1 /biye/index.php/WecharAPI/Login/checkLoginphone
INFO: [ app_init ] --START--
INFO: Run Behavior\BuildLiteBehavior [ RunTime:0.000023s ]
INFO: [ app_init ] --END-- [ RunTime:0.000418s ]
INFO: [ app_begin ] --START--
INFO: Run Behavior\ReadHtmlCacheBehavior [ RunTime:0.000611s ]
INFO: [ app_begin ] --END-- [ RunTime:0.000738s ]
NOTIC: [8192] mysql_connect(): The mysql extension is deprecated and will be removed in the future: use mysqli or PDO instead D:\wamp64\www\biye\ThinkPHP\Library\Think\Db\Driver\Mysql.class.php 第 52 行.
SQL: SHOW COLUMNS FROM `think_teacher` [ RunTime:0.000609s ]
SQL: SHOW COLUMNS FROM `think_admin` [ RunTime:0.000426s ]
SQL: SELECT * FROM `think_admin` WHERE `Tnum` = '1585' AND `pwd` = 'ac1d6390f491e900c4c287a46ad3ed4b' LIMIT 1   [ RunTime:0.000244s ]
SQL: SELECT `ERG_group` FROM `think_teacher` WHERE ( Tnum=1585 ) LIMIT 1   [ RunTime:0.000236s ]
SQL: SELECT * FROM `think_teacher` WHERE `Tnum` = '1585' AND `pwd` = 'ac1d6390f491e900c4c287a46ad3ed4b' LIMIT 1   [ RunTime:0.000240s ]

[ 2018-06-13T22:00:24+08:00 ] ::1 /biye/index.php/WecharAPI/Login/checkLoginphone
INFO: [ app_init ] --START--
INFO: Run Behavior\BuildLiteBehavior [ RunTime:0.000030s ]
INFO: [ app_init ] --END-- [ RunTime:0.000469s ]
INFO: [ app_begin ] --START--
INFO: Run Behavior\ReadHtmlCacheBehavior [ RunTime:0.000730s ]
INFO: [ app_begin ] --END-- [ RunTime:0.000875s ]
NOTIC: [8192] mysql_connect(): The mysql extension is deprecated and will be removed in the future: use mysqli or PDO instead D:\wamp64\www\biye\ThinkPHP\Library\Think\Db\Driver\Mysql.class.php 第 52 行.
SQL: SHOW COLUMNS FROM `think_teacher` [ RunTime:0.000607s ]
SQL: SHOW COLUMNS FROM `think_admin` [ RunTime:0.000427s ]
SQL: SELECT * FROM `think_admin` WHERE `Tnum` = '1585' AND `pwd` = 'ac1d6390f491e900c4c287a46ad3ed4b' LIMIT 1   [ RunTime:0.000243s ]
SQL: SELECT `ERG_group` FROM `think_teacher` WHERE ( Tnum=1585 ) LIMIT 1   [ RunTime:0.000215s ]
SQL: SELECT * FROM `think_teacher` WHERE `Tnum` = '1585' AND `pwd` = 'ac1d6390f491e900c4c287a46ad3ed4b' LIMIT 1   [ RunTime:0.000187s ]

[ 2018-06-13T22:02:02+08:00 ] ::1 /biye/index.php/WecharAPI/Login/checkLoginphone
INFO: [ app_init ] --START--
INFO: Run Behavior\BuildLiteBehavior [ RunTime:0.000030s ]
INFO: [ app_init ] --END-- [ RunTime:0.000736s ]
INFO: [ app_begin ] --START--
INFO: Run Behavior\ReadHtmlCacheBehavior [ RunTime:0.001011s ]
INFO: [ app_begin ] --END-- [ RunTime:0.001247s ]
NOTIC: [8192] mysql_connect(): The mysql extension is deprecated and will be removed in the future: use mysqli or PDO instead D:\wamp64\www\biye\ThinkPHP\Library\Think\Db\Driver\Mysql.class.php 第 52 行.
SQL: SHOW COLUMNS FROM `think_teacher` [ RunTime:0.000773s ]
SQL: SHOW COLUMNS FROM `think_admin` [ RunTime:0.000371s ]
SQL: SELECT * FROM `think_admin` WHERE `Tnum` = '1585' AND `pwd` = 'ac1d6390f491e900c4c287a46ad3ed4b' LIMIT 1   [ RunTime:0.000236s ]
SQL: SELECT `ERG_group` FROM `think_teacher` WHERE ( Tnum=1585 ) LIMIT 1   [ RunTime:0.000187s ]
SQL: SELECT * FROM `think_teacher` WHERE `Tnum` = '1585' AND `pwd` = 'ac1d6390f491e900c4c287a46ad3ed4b' LIMIT 1   [ RunTime:0.000205s ]

[ 2018-06-13T22:02:16+08:00 ] ::1 /biye/index.php/WecharAPI/Login/checkLoginphone
INFO: [ app_init ] --START--
INFO: Run Behavior\BuildLiteBehavior [ RunTime:0.000028s ]
INFO: [ app_init ] --END-- [ RunTime:0.000514s ]
INFO: [ app_begin ] --START--
INFO: Run Behavior\ReadHtmlCacheBehavior [ RunTime:0.000703s ]
INFO: [ app_begin ] --END-- [ RunTime:0.000848s ]
NOTIC: [8192] mysql_connect(): The mysql extension is deprecated and will be removed in the future: use mysqli or PDO instead D:\wamp64\www\biye\ThinkPHP\Library\Think\Db\Driver\Mysql.class.php 第 52 行.
SQL: SHOW COLUMNS FROM `think_teacher` [ RunTime:0.000609s ]
SQL: SHOW COLUMNS FROM `think_admin` [ RunTime:0.000430s ]
SQL: SELECT * FROM `think_admin` WHERE `Tnum` = '1813' AND `pwd` = '1d0354eadf247c4cdc35a58209eca8cd' LIMIT 1   [ RunTime:0.000249s ]
SQL: SELECT `ERG_group` FROM `think_teacher` WHERE ( Tnum=1813 ) LIMIT 1   [ RunTime:0.000239s ]
SQL: SELECT * FROM `think_teacher` WHERE `Tnum` = '1813' AND `pwd` = '1d0354eadf247c4cdc35a58209eca8cd' LIMIT 1   [ RunTime:0.000277s ]

[ 2018-06-13T22:04:30+08:00 ] ::1 /biye/index.php/WecharAPI/Login/checkLoginphone
INFO: [ app_init ] --START--
INFO: Run Behavior\BuildLiteBehavior [ RunTime:0.000036s ]
INFO: [ app_init ] --END-- [ RunTime:0.000633s ]
INFO: [ app_begin ] --START--
INFO: Run Behavior\ReadHtmlCacheBehavior [ RunTime:0.001129s ]
INFO: [ app_begin ] --END-- [ RunTime:0.001351s ]
NOTIC: [8192] mysql_connect(): The mysql extension is deprecated and will be removed in the future: use mysqli or PDO instead D:\wamp64\www\biye\ThinkPHP\Library\Think\Db\Driver\Mysql.class.php 第 52 行.
SQL: SHOW COLUMNS FROM `think_teacher` [ RunTime:0.000750s ]
SQL: SHOW COLUMNS FROM `think_admin` [ RunTime:0.000456s ]
SQL: SELECT * FROM `think_admin` WHERE `Tnum` = '1585' AND `pwd` = 'ac1d6390f491e900c4c287a46ad3ed4b' LIMIT 1   [ RunTime:0.000310s ]
SQL: SELECT `ERG_group` FROM `think_teacher` WHERE ( Tnum=1585 ) LIMIT 1   [ RunTime:0.000539s ]
SQL: SELECT * FROM `think_teacher` WHERE `Tnum` = '1585' AND `pwd` = 'ac1d6390f491e900c4c287a46ad3ed4b' LIMIT 1   [ RunTime:0.000270s ]

[ 2018-06-13T22:08:10+08:00 ] ::1 /biye/index.php/WecharAPI/Login/checkLoginphone
INFO: [ app_init ] --START--
INFO: Run Behavior\BuildLiteBehavior [ RunTime:0.000028s ]
INFO: [ app_init ] --END-- [ RunTime:0.000583s ]
INFO: [ app_begin ] --START--
INFO: Run Behavior\ReadHtmlCacheBehavior [ RunTime:0.000867s ]
INFO: [ app_begin ] --END-- [ RunTime:0.001022s ]
NOTIC: [8192] mysql_connect(): The mysql extension is deprecated and will be removed in the future: use mysqli or PDO instead D:\wamp64\www\biye\ThinkPHP\Library\Think\Db\Driver\Mysql.class.php 第 52 行.
SQL: SHOW COLUMNS FROM `think_teacher` [ RunTime:0.000765s ]
SQL: SHOW COLUMNS FROM `think_admin` [ RunTime:0.000375s ]
SQL: SELECT * FROM `think_admin` WHERE `Tnum` = '1585' AND `pwd` = 'ac1d6390f491e900c4c287a46ad3ed4b' LIMIT 1   [ RunTime:0.000228s ]
SQL: SELECT `ERG_group` FROM `think_teacher` WHERE ( Tnum=1585 ) LIMIT 1   [ RunTime:0.000231s ]
SQL: SELECT * FROM `think_teacher` WHERE `Tnum` = '1585' AND `pwd` = 'ac1d6390f491e900c4c287a46ad3ed4b' LIMIT 1   [ RunTime:0.000230s ]

[ 2018-06-13T22:08:11+08:00 ] ::1 /biye/index.php/WecharAPI/PInformation/indexphone
INFO: [ app_init ] --START--
INFO: Run Behavior\BuildLiteBehavior [ RunTime:0.000023s ]
INFO: [ app_init ] --END-- [ RunTime:0.000400s ]
INFO: [ app_begin ] --START--
INFO: Run Behavior\ReadHtmlCacheBehavior [ RunTime:0.000571s ]
INFO: [ app_begin ] --END-- [ RunTime:0.000691s ]
NOTIC: [2048] Declaration of WecharAPI\Controller\PInformationController::show() should be compatible with Think\Controller::show($content, $charset = '', $contentType = '', $prefix = '') D:\wamp64\www\biye\Application\WecharAPI\Controller\PInformationController.class.php 第 104 行.
NOTIC: [8192] mysql_connect(): The mysql extension is deprecated and will be removed in the future: use mysqli or PDO instead D:\wamp64\www\biye\ThinkPHP\Library\Think\Db\Driver\Mysql.class.php 第 52 行.
SQL: SHOW COLUMNS FROM `think_information` [ RunTime:0.000494s ]
SQL: SELECT COUNT(*) AS tp_count FROM `think_information` LIMIT 1   [ RunTime:0.000189s ]
SQL: SELECT * FROM `think_information`  [ RunTime:0.000164s ]

[ 2018-06-13T22:08:13+08:00 ] ::1 /biye/index.php/WecharAPI/PTopic/all
INFO: [ app_init ] --START--
INFO: Run Behavior\BuildLiteBehavior [ RunTime:0.000028s ]
INFO: [ app_init ] --END-- [ RunTime:0.000496s ]
INFO: [ app_begin ] --START--
INFO: Run Behavior\ReadHtmlCacheBehavior [ RunTime:0.000749s ]
INFO: [ app_begin ] --END-- [ RunTime:0.000913s ]
NOTIC: [2048] Declaration of WecharAPI\Controller\PTopicController::show() should be compatible with Think\Controller::show($content, $charset = '', $contentType = '', $prefix = '') D:\wamp64\www\biye\Application\WecharAPI\Controller\PTopicController.class.php 第 274 行.
NOTIC: [8192] mysql_connect(): The mysql extension is deprecated and will be removed in the future: use mysqli or PDO instead D:\wamp64\www\biye\ThinkPHP\Library\Think\Db\Driver\Mysql.class.php 第 52 行.
SQL: SHOW COLUMNS FROM `think_topic` [ RunTime:0.000571s ]
SQL: select tc.Tnum,tc.Tname,t.Cnum,t.Cname,t.Ctype,t.Csource,s.Snum,s.Sname,s.taskbook,s.denfense_draft from think_student as s right join think_apply as a on s.Snum = a.student_Snum right join think_topic as t on t.Cnum = a.topic_Cnum  join think_teacher as tc on tc.Tnum = t.Tnum where t.year =2018 [ RunTime:0.000417s ]
SQL: SHOW COLUMNS FROM `think_topic` [ RunTime:0.000424s ]
SQL: SELECT COUNT(Cnum) AS tp_count FROM `think_topic` LIMIT 1   [ RunTime:0.000179s ]
INFO: [ app_end ] --START--
INFO: Run Behavior\ShowPageTraceBehavior [ RunTime:0.000908s ]
INFO: [ app_end ] --END-- [ RunTime:0.001031s ]

[ 2018-06-13T22:08:15+08:00 ] ::1 /biye/index.php/WecharAPI/PTopic/all
INFO: [ app_init ] --START--
INFO: Run Behavior\BuildLiteBehavior [ RunTime:0.000026s ]
INFO: [ app_init ] --END-- [ RunTime:0.000490s ]
INFO: [ app_begin ] --START--
INFO: Run Behavior\ReadHtmlCacheBehavior [ RunTime:0.000711s ]
INFO: [ app_begin ] --END-- [ RunTime:0.000856s ]
NOTIC: [2048] Declaration of WecharAPI\Controller\PTopicController::show() should be compatible with Think\Controller::show($content, $charset = '', $contentType = '', $prefix = '') D:\wamp64\www\biye\Application\WecharAPI\Controller\PTopicController.class.php 第 274 行.
NOTIC: [8192] mysql_connect(): The mysql extension is deprecated and will be removed in the future: use mysqli or PDO instead D:\wamp64\www\biye\ThinkPHP\Library\Think\Db\Driver\Mysql.class.php 第 52 行.
SQL: SHOW COLUMNS FROM `think_topic` [ RunTime:0.000696s ]
SQL: select tc.Tnum,tc.Tname,t.Cnum,t.Cname,t.Ctype,t.Csource,s.Snum,s.Sname,s.taskbook,s.denfense_draft from think_student as s right join think_apply as a on s.Snum = a.student_Snum right join think_topic as t on t.Cnum = a.topic_Cnum  join think_teacher as tc on tc.Tnum = t.Tnum where t.year =2018 [ RunTime:0.000456s ]
SQL: SHOW COLUMNS FROM `think_topic` [ RunTime:0.000441s ]
SQL: SELECT COUNT(Cnum) AS tp_count FROM `think_topic` LIMIT 1   [ RunTime:0.000205s ]
INFO: [ app_end ] --START--
INFO: Run Behavior\ShowPageTraceBehavior [ RunTime:0.000665s ]
INFO: [ app_end ] --END-- [ RunTime:0.000767s ]

[ 2018-06-13T22:08:37+08:00 ] ::1 /biye/index.php/WecharAPI/Login/checkLoginphone
INFO: [ app_init ] --START--
INFO: Run Behavior\BuildLiteBehavior [ RunTime:0.000030s ]
INFO: [ app_init ] --END-- [ RunTime:0.000797s ]
INFO: [ app_begin ] --START--
INFO: Run Behavior\ReadHtmlCacheBehavior [ RunTime:0.000784s ]
INFO: [ app_begin ] --END-- [ RunTime:0.000963s ]
NOTIC: [8192] mysql_connect(): The mysql extension is deprecated and will be removed in the future: use mysqli or PDO instead D:\wamp64\www\biye\ThinkPHP\Library\Think\Db\Driver\Mysql.class.php 第 52 行.
SQL: SHOW COLUMNS FROM `think_teacher` [ RunTime:0.000622s ]
SQL: SHOW COLUMNS FROM `think_admin` [ RunTime:0.000836s ]
SQL: SELECT * FROM `think_admin` WHERE `Tnum` = '1585' AND `pwd` = 'ac1d6390f491e900c4c287a46ad3ed4b' LIMIT 1   [ RunTime:0.000295s ]
SQL: SELECT `ERG_group` FROM `think_teacher` WHERE ( Tnum=1585 ) LIMIT 1   [ RunTime:0.000293s ]
SQL: SELECT * FROM `think_teacher` WHERE `Tnum` = '1585' AND `pwd` = 'ac1d6390f491e900c4c287a46ad3ed4b' LIMIT 1   [ RunTime:0.000244s ]

[ 2018-06-13T22:08:38+08:00 ] ::1 /biye/index.php/WecharAPI/PInformation/indexphone
INFO: [ app_init ] --START--
INFO: Run Behavior\BuildLiteBehavior [ RunTime:0.000023s ]
INFO: [ app_init ] --END-- [ RunTime:0.000400s ]
INFO: [ app_begin ] --START--
INFO: Run Behavior\ReadHtmlCacheBehavior [ RunTime:0.000577s ]
INFO: [ app_begin ] --END-- [ RunTime:0.000696s ]
NOTIC: [2048] Declaration of WecharAPI\Controller\PInformationController::show() should be compatible with Think\Controller::show($content, $charset = '', $contentType = '', $prefix = '') D:\wamp64\www\biye\Application\WecharAPI\Controller\PInformationController.class.php 第 104 行.
NOTIC: [8192] mysql_connect(): The mysql extension is deprecated and will be removed in the future: use mysqli or PDO instead D:\wamp64\www\biye\ThinkPHP\Library\Think\Db\Driver\Mysql.class.php 第 52 行.
SQL: SHOW COLUMNS FROM `think_information` [ RunTime:0.000459s ]
SQL: SELECT COUNT(*) AS tp_count FROM `think_information` LIMIT 1   [ RunTime:0.000166s ]
SQL: SELECT * FROM `think_information`  [ RunTime:0.000198s ]

[ 2018-06-13T22:08:39+08:00 ] ::1 /biye/index.php/WecharAPI/PTopic/all
INFO: [ app_init ] --START--
INFO: Run Behavior\BuildLiteBehavior [ RunTime:0.000028s ]
INFO: [ app_init ] --END-- [ RunTime:0.000481s ]
INFO: [ app_begin ] --START--
INFO: Run Behavior\ReadHtmlCacheBehavior [ RunTime:0.000530s ]
INFO: [ app_begin ] --END-- [ RunTime:0.000642s ]
NOTIC: [2048] Declaration of WecharAPI\Controller\PTopicController::show() should be compatible with Think\Controller::show($content, $charset = '', $contentType = '', $prefix = '') D:\wamp64\www\biye\Application\WecharAPI\Controller\PTopicController.class.php 第 274 行.
NOTIC: [8192] mysql_connect(): The mysql extension is deprecated and will be removed in the future: use mysqli or PDO instead D:\wamp64\www\biye\ThinkPHP\Library\Think\Db\Driver\Mysql.class.php 第 52 行.
SQL: SHOW COLUMNS FROM `think_topic` [ RunTime:0.000489s ]
SQL: select tc.Tnum,tc.Tname,t.Cnum,t.Cname,t.Ctype,t.Csource,s.Snum,s.Sname,s.taskbook,s.denfense_draft from think_student as s right join think_apply as a on s.Snum = a.student_Snum right join think_topic as t on t.Cnum = a.topic_Cnum  join think_teacher as tc on tc.Tnum = t.Tnum where t.year =2018 [ RunTime:0.000724s ]
SQL: SHOW COLUMNS FROM `think_topic` [ RunTime:0.000740s ]
SQL: SELECT COUNT(Cnum) AS tp_count FROM `think_topic` LIMIT 1   [ RunTime:0.000202s ]
INFO: [ app_end ] --START--
INFO: Run Behavior\ShowPageTraceBehavior [ RunTime:0.000738s ]
INFO: [ app_end ] --END-- [ RunTime:0.000849s ]

[ 2018-06-13T22:08:40+08:00 ] ::1 /biye/index.php/WecharAPI/PTopic/trial
INFO: [ app_init ] --START--
INFO: Run Behavior\BuildLiteBehavior [ RunTime:0.000023s ]
INFO: [ app_init ] --END-- [ RunTime:0.000389s ]
INFO: [ app_begin ] --START--
INFO: Run Behavior\ReadHtmlCacheBehavior [ RunTime:0.000685s ]
INFO: [ app_begin ] --END-- [ RunTime:0.000812s ]
NOTIC: [2048] Declaration of WecharAPI\Controller\PTopicController::show() should be compatible with Think\Controller::show($content, $charset = '', $contentType = '', $prefix = '') D:\wamp64\www\biye\Application\WecharAPI\Controller\PTopicController.class.php 第 274 行.
NOTIC: [8192] mysql_connect(): The mysql extension is deprecated and will be removed in the future: use mysqli or PDO instead D:\wamp64\www\biye\ThinkPHP\Library\Think\Db\Driver\Mysql.class.php 第 52 行.
SQL: SHOW COLUMNS FROM `think_topic` [ RunTime:0.000540s ]
SQL: SHOW COLUMNS FROM `think_apply` [ RunTime:0.000413s ]
SQL: SELECT `apply_num`,`student_Snum`,`Cnum`,`student_name`,`reason`,`Cname`,`Ctype`,`Csource`,`year`,think_apply.status FROM `think_apply` INNER JOIN think_topic ON think_topic.Cnum = think_apply.topic_Cnum  WHERE ( year = 2018 AND think_topic.Tnum = 1585 )  [ RunTime:0.000381s ]
INFO: [ app_end ] --START--
INFO: Run Behavior\ShowPageTraceBehavior [ RunTime:0.001173s ]
INFO: [ app_end ] --END-- [ RunTime:0.001313s ]

[ 2018-06-13T22:08:41+08:00 ] ::1 /biye/index.php/WecharAPI/PTopic/my_theme
INFO: [ app_init ] --START--
INFO: Run Behavior\BuildLiteBehavior [ RunTime:0.000027s ]
INFO: [ app_init ] --END-- [ RunTime:0.000483s ]
INFO: [ app_begin ] --START--
INFO: Run Behavior\ReadHtmlCacheBehavior [ RunTime:0.000749s ]
INFO: [ app_begin ] --END-- [ RunTime:0.000908s ]
NOTIC: [2048] Declaration of WecharAPI\Controller\PTopicController::show() should be compatible with Think\Controller::show($content, $charset = '', $contentType = '', $prefix = '') D:\wamp64\www\biye\Application\WecharAPI\Controller\PTopicController.class.php 第 274 行.
NOTIC: [8192] mysql_connect(): The mysql extension is deprecated and will be removed in the future: use mysqli or PDO instead D:\wamp64\www\biye\ThinkPHP\Library\Think\Db\Driver\Mysql.class.php 第 52 行.
SQL: SHOW COLUMNS FROM `think_topic` [ RunTime:0.000871s ]
SQL: select tc.Tnum,tc.Tname,t.Cnum,t.Cname,t.Ctype,t.Csource,s.Snum,s.Sname,s.taskbook,s.denfense_draft from think_student as s right join think_apply as a on s.Snum = a.student_Snum right join think_topic as t on t.Cnum = a.topic_Cnum  join think_teacher as tc on tc.Tnum = t.Tnum where t.year =2018 and tc.Tnum = 1585 [ RunTime:0.000737s ]
INFO: [ app_end ] --START--
INFO: Run Behavior\ShowPageTraceBehavior [ RunTime:0.000869s ]
INFO: [ app_end ] --END-- [ RunTime:0.000996s ]

[ 2018-06-13T22:08:44+08:00 ] ::1 /biye/index.php/WecharAPI/PMyStudent/index
INFO: [ app_init ] --START--
INFO: Run Behavior\BuildLiteBehavior [ RunTime:0.000023s ]
INFO: [ app_init ] --END-- [ RunTime:0.000412s ]
INFO: [ app_begin ] --START--
INFO: Run Behavior\ReadHtmlCacheBehavior [ RunTime:0.000579s ]
INFO: [ app_begin ] --END-- [ RunTime:0.000698s ]
NOTIC: [8192] mysql_connect(): The mysql extension is deprecated and will be removed in the future: use mysqli or PDO instead D:\wamp64\www\biye\ThinkPHP\Library\Think\Db\Driver\Mysql.class.php 第 52 行.
SQL: SHOW COLUMNS FROM `think_student` [ RunTime:0.000524s ]
SQL: select * from think_student as a
		left join think_apply as b
		on a.Snum=b.student_Snum where Tnum=1585 and status = 1 order by denfense_status [ RunTime:0.000423s ]
INFO: [ app_end ] --START--
INFO: Run Behavior\ShowPageTraceBehavior [ RunTime:0.000648s ]
INFO: [ app_end ] --END-- [ RunTime:0.000752s ]

[ 2018-06-13T22:08:50+08:00 ] ::1 /biye/index.php/WecharAPI/PMyStudent/change
INFO: [ app_init ] --START--
INFO: Run Behavior\BuildLiteBehavior [ RunTime:0.000027s ]
INFO: [ app_init ] --END-- [ RunTime:0.000474s ]
INFO: [ app_begin ] --START--
INFO: Run Behavior\ReadHtmlCacheBehavior [ RunTime:0.000734s ]
INFO: [ app_begin ] --END-- [ RunTime:0.000885s ]
NOTIC: [8192] mysql_connect(): The mysql extension is deprecated and will be removed in the future: use mysqli or PDO instead D:\wamp64\www\biye\ThinkPHP\Library\Think\Db\Driver\Mysql.class.php 第 52 行.
SQL: SHOW COLUMNS FROM `think_score` [ RunTime:0.000684s ]
SQL: SELECT * FROM `think_score` WHERE ( Studentnum = 1240217159 ) LIMIT 1   [ RunTime:0.000362s ]
SQL: SHOW COLUMNS FROM `think_student` [ RunTime:0.000511s ]
SQL: UPDATE `think_student` SET `denfense_status`=1 WHERE ( Snum=1240217159 ) [ RunTime:0.000448s ]

[ 2018-06-13T22:08:53+08:00 ] ::1 /biye/index.php/WecharAPI/PMyStudent/index
INFO: [ app_init ] --START--
INFO: Run Behavior\BuildLiteBehavior [ RunTime:0.000020s ]
INFO: [ app_init ] --END-- [ RunTime:0.000384s ]
INFO: [ app_begin ] --START--
INFO: Run Behavior\ReadHtmlCacheBehavior [ RunTime:0.000530s ]
INFO: [ app_begin ] --END-- [ RunTime:0.000661s ]
NOTIC: [8192] mysql_connect(): The mysql extension is deprecated and will be removed in the future: use mysqli or PDO instead D:\wamp64\www\biye\ThinkPHP\Library\Think\Db\Driver\Mysql.class.php 第 52 行.
SQL: SHOW COLUMNS FROM `think_student` [ RunTime:0.000591s ]
SQL: select * from think_student as a
		left join think_apply as b
		on a.Snum=b.student_Snum where Tnum=1585 and status = 1 order by denfense_status [ RunTime:0.000483s ]
INFO: [ app_end ] --START--
INFO: Run Behavior\ShowPageTraceBehavior [ RunTime:0.000869s ]
INFO: [ app_end ] --END-- [ RunTime:0.001000s ]

[ 2018-06-13T22:08:54+08:00 ] ::1 /biye/index.php/WecharAPI/PScore/Ggrade
INFO: [ app_init ] --START--
INFO: Run Behavior\BuildLiteBehavior [ RunTime:0.000030s ]
INFO: [ app_init ] --END-- [ RunTime:0.000555s ]
INFO: [ app_begin ] --START--
INFO: Run Behavior\ReadHtmlCacheBehavior [ RunTime:0.000879s ]
INFO: [ app_begin ] --END-- [ RunTime:0.001096s ]
NOTIC: [8192] mysql_connect(): The mysql extension is deprecated and will be removed in the future: use mysqli or PDO instead D:\wamp64\www\biye\ThinkPHP\Library\Think\Db\Driver\Mysql.class.php 第 52 行.
SQL: SHOW COLUMNS FROM `think_score` [ RunTime:0.000688s ]
SQL: select t.Cname,s.Sname,s.Snum,s.denfense_draft,t.Tnum,sc.scorenum,sc.Ggrade1,sc.Ggrade2,sc.Ggrade3,sc.Ggrade4,sc.Ggrade5,sc.Gtext from think_score as sc 
		right join think_student as s on s.Snum = sc.Studentnum 
		join think_apply as a on s.Snum = a.student_Snum 
		join think_topic as t on t.Cnum = a.topic_Cnum
		where t.Tnum=1585 AND a.status = 1 AND t.year = 2018 [ RunTime:0.000497s ]
INFO: [ app_end ] --START--
INFO: Run Behavior\ShowPageTraceBehavior [ RunTime:0.000847s ]
INFO: [ app_end ] --END-- [ RunTime:0.000956s ]

[ 2018-06-13T22:09:01+08:00 ] ::1 /biye/index.php/WecharAPI/PScore/Ggrade
INFO: [ app_init ] --START--
INFO: Run Behavior\BuildLiteBehavior [ RunTime:0.000024s ]
INFO: [ app_init ] --END-- [ RunTime:0.000410s ]
INFO: [ app_begin ] --START--
INFO: Run Behavior\ReadHtmlCacheBehavior [ RunTime:0.001491s ]
INFO: [ app_begin ] --END-- [ RunTime:0.001691s ]
NOTIC: [8192] mysql_connect(): The mysql extension is deprecated and will be removed in the future: use mysqli or PDO instead D:\wamp64\www\biye\ThinkPHP\Library\Think\Db\Driver\Mysql.class.php 第 52 行.
SQL: SHOW COLUMNS FROM `think_score` [ RunTime:0.000645s ]
SQL: select t.Cname,s.Sname,s.Snum,s.denfense_draft,t.Tnum,sc.scorenum,sc.Ggrade1,sc.Ggrade2,sc.Ggrade3,sc.Ggrade4,sc.Ggrade5,sc.Gtext from think_score as sc 
		right join think_student as s on s.Snum = sc.Studentnum 
		join think_apply as a on s.Snum = a.student_Snum 
		join think_topic as t on t.Cnum = a.topic_Cnum
		where t.Tnum=1585 AND a.status = 1 AND t.year = 2018 [ RunTime:0.000373s ]
INFO: [ app_end ] --START--
INFO: Run Behavior\ShowPageTraceBehavior [ RunTime:0.000712s ]
INFO: [ app_end ] --END-- [ RunTime:0.000876s ]

[ 2018-06-13T22:09:09+08:00 ] ::1 /biye/index.php/WecharAPI/PScore/Ggrade
INFO: [ app_init ] --START--
INFO: Run Behavior\BuildLiteBehavior [ RunTime:0.000022s ]
INFO: [ app_init ] --END-- [ RunTime:0.000384s ]
INFO: [ app_begin ] --START--
INFO: Run Behavior\ReadHtmlCacheBehavior [ RunTime:0.000561s ]
INFO: [ app_begin ] --END-- [ RunTime:0.000696s ]
NOTIC: [8192] mysql_connect(): The mysql extension is deprecated and will be removed in the future: use mysqli or PDO instead D:\wamp64\www\biye\ThinkPHP\Library\Think\Db\Driver\Mysql.class.php 第 52 行.
SQL: SHOW COLUMNS FROM `think_score` [ RunTime:0.000587s ]
SQL: select t.Cname,s.Sname,s.Snum,s.denfense_draft,t.Tnum,sc.scorenum,sc.Ggrade1,sc.Ggrade2,sc.Ggrade3,sc.Ggrade4,sc.Ggrade5,sc.Gtext from think_score as sc 
		right join think_student as s on s.Snum = sc.Studentnum 
		join think_apply as a on s.Snum = a.student_Snum 
		join think_topic as t on t.Cnum = a.topic_Cnum
		where t.Tnum=1585 AND a.status = 1 AND t.year = 2018 [ RunTime:0.000453s ]
INFO: [ app_end ] --START--
INFO: Run Behavior\ShowPageTraceBehavior [ RunTime:0.000725s ]
INFO: [ app_end ] --END-- [ RunTime:0.000824s ]

[ 2018-06-13T22:09:21+08:00 ] ::1 /biye/index.php/WecharAPI/PScore/saveGgrade
INFO: [ app_init ] --START--
INFO: Run Behavior\BuildLiteBehavior [ RunTime:0.000029s ]
INFO: [ app_init ] --END-- [ RunTime:0.000496s ]
INFO: [ app_begin ] --START--
INFO: Run Behavior\ReadHtmlCacheBehavior [ RunTime:0.000707s ]
INFO: [ app_begin ] --END-- [ RunTime:0.000849s ]
NOTIC: [8192] mysql_connect(): The mysql extension is deprecated and will be removed in the future: use mysqli or PDO instead D:\wamp64\www\biye\ThinkPHP\Library\Think\Db\Driver\Mysql.class.php 第 52 行.
SQL: SHOW COLUMNS FROM `think_score` [ RunTime:0.000696s ]
SQL: SELECT * FROM `think_score` WHERE ( Studentnum=1440217101 ) LIMIT 1   [ RunTime:0.000353s ]
SQL: UPDATE `think_score` SET `Ggrade1`=10,`Ggrade2`=10,`Ggrade3`=10,`Ggrade4`=10,`Ggrade5`=1,`Gtext`='含苞待放' WHERE ( Studentnum=1440217101 ) [ RunTime:0.000369s ]

[ 2018-06-13T22:09:33+08:00 ] ::1 /biye/index.php/WecharAPI/PScore/saveGgrade
INFO: [ app_init ] --START--
INFO: Run Behavior\BuildLiteBehavior [ RunTime:0.000027s ]
INFO: [ app_init ] --END-- [ RunTime:0.000497s ]
INFO: [ app_begin ] --START--
INFO: Run Behavior\ReadHtmlCacheBehavior [ RunTime:0.000702s ]
INFO: [ app_begin ] --END-- [ RunTime:0.000835s ]
NOTIC: [8192] mysql_connect(): The mysql extension is deprecated and will be removed in the future: use mysqli or PDO instead D:\wamp64\www\biye\ThinkPHP\Library\Think\Db\Driver\Mysql.class.php 第 52 行.
SQL: SHOW COLUMNS FROM `think_score` [ RunTime:0.000695s ]
SQL: SELECT * FROM `think_score` WHERE ( Studentnum=1440217101 ) LIMIT 1   [ RunTime:0.000306s ]
SQL: UPDATE `think_score` SET `Ggrade1`=10,`Ggrade2`=10,`Ggrade3`=10,`Ggrade4`=10,`Ggrade5`=1,`Gtext`='含苞待放11' WHERE ( Studentnum=1440217101 ) [ RunTime:0.000333s ]

[ 2018-06-13T22:09:39+08:00 ] ::1 /biye/index.php/WecharAPI/PScore/Ggrade
INFO: [ app_init ] --START--
INFO: Run Behavior\BuildLiteBehavior [ RunTime:0.000026s ]
INFO: [ app_init ] --END-- [ RunTime:0.000469s ]
INFO: [ app_begin ] --START--
INFO: Run Behavior\ReadHtmlCacheBehavior [ RunTime:0.000700s ]
INFO: [ app_begin ] --END-- [ RunTime:0.000844s ]
NOTIC: [8192] mysql_connect(): The mysql extension is deprecated and will be removed in the future: use mysqli or PDO instead D:\wamp64\www\biye\ThinkPHP\Library\Think\Db\Driver\Mysql.class.php 第 52 行.
SQL: SHOW COLUMNS FROM `think_score` [ RunTime:0.000702s ]
SQL: select t.Cname,s.Sname,s.Snum,s.denfense_draft,t.Tnum,sc.scorenum,sc.Ggrade1,sc.Ggrade2,sc.Ggrade3,sc.Ggrade4,sc.Ggrade5,sc.Gtext from think_score as sc 
		right join think_student as s on s.Snum = sc.Studentnum 
		join think_apply as a on s.Snum = a.student_Snum 
		join think_topic as t on t.Cnum = a.topic_Cnum
		where t.Tnum=1585 AND a.status = 1 AND t.year = 2018 [ RunTime:0.000497s ]
INFO: [ app_end ] --START--
INFO: Run Behavior\ShowPageTraceBehavior [ RunTime:0.000838s ]
INFO: [ app_end ] --END-- [ RunTime:0.000965s ]

[ 2018-06-13T22:09:39+08:00 ] ::1 /biye/index.php/WecharAPI/PScore/Ggrade
INFO: [ app_init ] --START--
INFO: Run Behavior\BuildLiteBehavior [ RunTime:0.000047s ]
INFO: [ app_init ] --END-- [ RunTime:0.000555s ]
INFO: [ app_begin ] --START--
INFO: Run Behavior\ReadHtmlCacheBehavior [ RunTime:0.000718s ]
INFO: [ app_begin ] --END-- [ RunTime:0.000870s ]
NOTIC: [8192] mysql_connect(): The mysql extension is deprecated and will be removed in the future: use mysqli or PDO instead D:\wamp64\www\biye\ThinkPHP\Library\Think\Db\Driver\Mysql.class.php 第 52 行.
SQL: SHOW COLUMNS FROM `think_score` [ RunTime:0.000679s ]
SQL: select t.Cname,s.Sname,s.Snum,s.denfense_draft,t.Tnum,sc.scorenum,sc.Ggrade1,sc.Ggrade2,sc.Ggrade3,sc.Ggrade4,sc.Ggrade5,sc.Gtext from think_score as sc 
		right join think_student as s on s.Snum = sc.Studentnum 
		join think_apply as a on s.Snum = a.student_Snum 
		join think_topic as t on t.Cnum = a.topic_Cnum
		where t.Tnum=1585 AND a.status = 1 AND t.year = 2018 [ RunTime:0.000384s ]
INFO: [ app_end ] --START--
INFO: Run Behavior\ShowPageTraceBehavior [ RunTime:0.000691s ]
INFO: [ app_end ] --END-- [ RunTime:0.000790s ]

[ 2018-06-13T22:09:40+08:00 ] ::1 /biye/index.php/WecharAPI/PScore/Ggrade
INFO: [ app_init ] --START--
INFO: Run Behavior\BuildLiteBehavior [ RunTime:0.000021s ]
INFO: [ app_init ] --END-- [ RunTime:0.000367s ]
INFO: [ app_begin ] --START--
INFO: Run Behavior\ReadHtmlCacheBehavior [ RunTime:0.000543s ]
INFO: [ app_begin ] --END-- [ RunTime:0.000654s ]
NOTIC: [8192] mysql_connect(): The mysql extension is deprecated and will be removed in the future: use mysqli or PDO instead D:\wamp64\www\biye\ThinkPHP\Library\Think\Db\Driver\Mysql.class.php 第 52 行.
SQL: SHOW COLUMNS FROM `think_score` [ RunTime:0.000611s ]
SQL: select t.Cname,s.Sname,s.Snum,s.denfense_draft,t.Tnum,sc.scorenum,sc.Ggrade1,sc.Ggrade2,sc.Ggrade3,sc.Ggrade4,sc.Ggrade5,sc.Gtext from think_score as sc 
		right join think_student as s on s.Snum = sc.Studentnum 
		join think_apply as a on s.Snum = a.student_Snum 
		join think_topic as t on t.Cnum = a.topic_Cnum
		where t.Tnum=1585 AND a.status = 1 AND t.year = 2018 [ RunTime:0.000406s ]
INFO: [ app_end ] --START--
INFO: Run Behavior\ShowPageTraceBehavior [ RunTime:0.000683s ]
INFO: [ app_end ] --END-- [ RunTime:0.000779s ]

[ 2018-06-13T22:09:54+08:00 ] ::1 /biye/index.php/WecharAPI/PScore/Ggrade
INFO: [ app_init ] --START--
INFO: Run Behavior\BuildLiteBehavior [ RunTime:0.000023s ]
INFO: [ app_init ] --END-- [ RunTime:0.000379s ]
INFO: [ app_begin ] --START--
INFO: Run Behavior\ReadHtmlCacheBehavior [ RunTime:0.000561s ]
INFO: [ app_begin ] --END-- [ RunTime:0.000678s ]
NOTIC: [8192] mysql_connect(): The mysql extension is deprecated and will be removed in the future: use mysqli or PDO instead D:\wamp64\www\biye\ThinkPHP\Library\Think\Db\Driver\Mysql.class.php 第 52 行.
SQL: SHOW COLUMNS FROM `think_score` [ RunTime:0.000575s ]
SQL: select t.Cname,s.Sname,s.Snum,s.denfense_draft,t.Tnum,sc.scorenum,sc.Ggrade1,sc.Ggrade2,sc.Ggrade3,sc.Ggrade4,sc.Ggrade5,sc.Gtext from think_score as sc 
		right join think_student as s on s.Snum = sc.Studentnum 
		join think_apply as a on s.Snum = a.student_Snum 
		join think_topic as t on t.Cnum = a.topic_Cnum
		where t.Tnum=1585 AND a.status = 1 AND t.year = 2018 [ RunTime:0.000389s ]
INFO: [ app_end ] --START--
INFO: Run Behavior\ShowPageTraceBehavior [ RunTime:0.000711s ]
INFO: [ app_end ] --END-- [ RunTime:0.000810s ]

[ 2018-06-13T22:09:59+08:00 ] ::1 /biye/index.php/WecharAPI/PScore/Pgrade
INFO: [ app_init ] --START--
INFO: Run Behavior\BuildLiteBehavior [ RunTime:0.000037s ]
INFO: [ app_init ] --END-- [ RunTime:0.000550s ]
INFO: [ app_begin ] --START--
INFO: Run Behavior\ReadHtmlCacheBehavior [ RunTime:0.000830s ]
INFO: [ app_begin ] --END-- [ RunTime:0.001024s ]
NOTIC: [8192] mysql_connect(): The mysql extension is deprecated and will be removed in the future: use mysqli or PDO instead D:\wamp64\www\biye\ThinkPHP\Library\Think\Db\Driver\Mysql.class.php 第 52 行.
SQL: SHOW COLUMNS FROM `think_score` [ RunTime:0.000891s ]
SQL: SHOW COLUMNS FROM `think_defensestudent` [ RunTime:0.000997s ]
SQL: SELECT think_score.Pgrade1,think_score.Pgrade2,think_score.Ptext,think_student.Snum,think_student.Sname,think_student.taskbook,think_student.denfense_draft,think_topic.Cname,think_teacher.Tname FROM `think_defensestudent` INNER JOIN think_score ON think_score.Studentnum = think_defensestudent.Snum INNER JOIN think_student ON think_student.Snum = think_defensestudent.Snum INNER JOIN think_apply ON think_apply.student_Snum = think_defensestudent.Snum INNER JOIN think_topic ON think_topic.Cnum = think_apply.topic_Cnum INNER JOIN think_teacher ON think_topic.Tnum = think_teacher.Tnum  WHERE ( reviewTeacher=1585 )  [ RunTime:0.000911s ]
INFO: [ app_end ] --START--
INFO: Run Behavior\ShowPageTraceBehavior [ RunTime:0.000879s ]
INFO: [ app_end ] --END-- [ RunTime:0.001009s ]

[ 2018-06-13T22:10:03+08:00 ] ::1 /biye/index.php/WecharAPI/PScore/Ggrade
INFO: [ app_init ] --START--
INFO: Run Behavior\BuildLiteBehavior [ RunTime:0.000030s ]
INFO: [ app_init ] --END-- [ RunTime:0.000527s ]
INFO: [ app_begin ] --START--
INFO: Run Behavior\ReadHtmlCacheBehavior [ RunTime:0.000900s ]
INFO: [ app_begin ] --END-- [ RunTime:0.001094s ]
NOTIC: [8192] mysql_connect(): The mysql extension is deprecated and will be removed in the future: use mysqli or PDO instead D:\wamp64\www\biye\ThinkPHP\Library\Think\Db\Driver\Mysql.class.php 第 52 行.
SQL: SHOW COLUMNS FROM `think_score` [ RunTime:0.000667s ]
SQL: select t.Cname,s.Sname,s.Snum,s.denfense_draft,t.Tnum,sc.scorenum,sc.Ggrade1,sc.Ggrade2,sc.Ggrade3,sc.Ggrade4,sc.Ggrade5,sc.Gtext from think_score as sc 
		right join think_student as s on s.Snum = sc.Studentnum 
		join think_apply as a on s.Snum = a.student_Snum 
		join think_topic as t on t.Cnum = a.topic_Cnum
		where t.Tnum=1585 AND a.status = 1 AND t.year = 2018 [ RunTime:0.000553s ]
INFO: [ app_end ] --START--
INFO: Run Behavior\ShowPageTraceBehavior [ RunTime:0.000729s ]
INFO: [ app_end ] --END-- [ RunTime:0.000832s ]

[ 2018-06-13T22:10:05+08:00 ] ::1 /biye/index.php/WecharAPI/PScore/Ggrade
INFO: [ app_init ] --START--
INFO: Run Behavior\BuildLiteBehavior [ RunTime:0.000039s ]
INFO: [ app_init ] --END-- [ RunTime:0.000635s ]
INFO: [ app_begin ] --START--
INFO: Run Behavior\ReadHtmlCacheBehavior [ RunTime:0.000939s ]
INFO: [ app_begin ] --END-- [ RunTime:0.001154s ]
NOTIC: [8192] mysql_connect(): The mysql extension is deprecated and will be removed in the future: use mysqli or PDO instead D:\wamp64\www\biye\ThinkPHP\Library\Think\Db\Driver\Mysql.class.php 第 52 行.
SQL: SHOW COLUMNS FROM `think_score` [ RunTime:0.000489s ]
SQL: select t.Cname,s.Sname,s.Snum,s.denfense_draft,t.Tnum,sc.scorenum,sc.Ggrade1,sc.Ggrade2,sc.Ggrade3,sc.Ggrade4,sc.Ggrade5,sc.Gtext from think_score as sc 
		right join think_student as s on s.Snum = sc.Studentnum 
		join think_apply as a on s.Snum = a.student_Snum 
		join think_topic as t on t.Cnum = a.topic_Cnum
		where t.Tnum=1585 AND a.status = 1 AND t.year = 2018 [ RunTime:0.000344s ]
INFO: [ app_end ] --START--
INFO: Run Behavior\ShowPageTraceBehavior [ RunTime:0.000669s ]
INFO: [ app_end ] --END-- [ RunTime:0.000776s ]

[ 2018-06-13T22:12:05+08:00 ] ::1 /biye/index.php/WecharAPI/PScore/Pgrade
INFO: [ app_init ] --START--
INFO: Run Behavior\BuildLiteBehavior [ RunTime:0.000049s ]
INFO: [ app_init ] --END-- [ RunTime:0.000766s ]
INFO: [ app_begin ] --START--
INFO: Run Behavior\ReadHtmlCacheBehavior [ RunTime:0.000902s ]
INFO: [ app_begin ] --END-- [ RunTime:0.001060s ]
NOTIC: [8192] mysql_connect(): The mysql extension is deprecated and will be removed in the future: use mysqli or PDO instead D:\wamp64\www\biye\ThinkPHP\Library\Think\Db\Driver\Mysql.class.php 第 52 行.
SQL: SHOW COLUMNS FROM `think_score` [ RunTime:0.000732s ]
SQL: SHOW COLUMNS FROM `think_defensestudent` [ RunTime:0.000398s ]
SQL: SELECT think_score.Pgrade1,think_score.Pgrade2,think_score.Ptext,think_student.Snum,think_student.Sname,think_student.taskbook,think_student.denfense_draft,think_topic.Cname,think_teacher.Tname FROM `think_defensestudent` INNER JOIN think_score ON think_score.Studentnum = think_defensestudent.Snum INNER JOIN think_student ON think_student.Snum = think_defensestudent.Snum INNER JOIN think_apply ON think_apply.student_Snum = think_defensestudent.Snum INNER JOIN think_topic ON think_topic.Cnum = think_apply.topic_Cnum INNER JOIN think_teacher ON think_topic.Tnum = think_teacher.Tnum  WHERE ( reviewTeacher=1585 )  [ RunTime:0.000409s ]
INFO: [ app_end ] --START--
INFO: Run Behavior\ShowPageTraceBehavior [ RunTime:0.000927s ]
INFO: [ app_end ] --END-- [ RunTime:0.001040s ]

[ 2018-06-13T22:12:06+08:00 ] ::1 /biye/index.php/WecharAPI/PScore/Rgrade
INFO: [ app_init ] --START--
INFO: Run Behavior\BuildLiteBehavior [ RunTime:0.000030s ]
INFO: [ app_init ] --END-- [ RunTime:0.000511s ]
INFO: [ app_begin ] --START--
INFO: Run Behavior\ReadHtmlCacheBehavior [ RunTime:0.000615s ]
INFO: [ app_begin ] --END-- [ RunTime:0.000744s ]
NOTIC: [8192] mysql_connect(): The mysql extension is deprecated and will be removed in the future: use mysqli or PDO instead D:\wamp64\www\biye\ThinkPHP\Library\Think\Db\Driver\Mysql.class.php 第 52 行.
SQL: SHOW COLUMNS FROM `think_score` [ RunTime:0.000694s ]
SQL: SHOW COLUMNS FROM `think_defenseteacher` [ RunTime:0.002218s ]
SQL: SELECT think_defenseteacher.defense_group,`Tnum`,GROUP_CONCAT(DISTINCT Sname) AS STU,`class`,`time` FROM `think_defenseteacher` left join think_defensestudent ON think_defensestudent.defense_group = think_defenseteacher.defense_group INNER JOIN think_defense ON think_defense.defense_group = think_defenseteacher.defense_group  GROUP BY think_defenseteacher.id HAVING Tnum=1585  [ RunTime:0.000592s ]

[ 2018-06-13T22:12:07+08:00 ] ::1 /biye/index.php/WecharAPI/PTeacherDefense/index
INFO: [ app_init ] --START--
INFO: Run Behavior\BuildLiteBehavior [ RunTime:0.000030s ]
INFO: [ app_init ] --END-- [ RunTime:0.000494s ]
INFO: [ app_begin ] --START--
INFO: Run Behavior\ReadHtmlCacheBehavior [ RunTime:0.000742s ]
INFO: [ app_begin ] --END-- [ RunTime:0.000895s ]
NOTIC: [8192] mysql_connect(): The mysql extension is deprecated and will be removed in the future: use mysqli or PDO instead D:\wamp64\www\biye\ThinkPHP\Library\Think\Db\Driver\Mysql.class.php 第 52 行.
SQL: SHOW COLUMNS FROM `think_defense` [ RunTime:0.000598s ]
NOTIC: [2] Missing argument 2 for WecharAPI\model\DefenseModel::getList(), called in D:\wamp64\www\biye\Application\WecharAPI\Controller\PTeacherDefenseController.class.php on line 12 and defined D:\wamp64\www\biye\Application\WecharAPI\Model\DefenseModel.class.php 第 212 行.
SQL: SHOW COLUMNS FROM `think_defensestudent` [ RunTime:0.000468s ]
NOTIC: [8] Undefined variable: year D:\wamp64\www\biye\Application\WecharAPI\Model\DefenseModel.class.php 第 217 行.
SQL: SELECT think_defense.defense_group,think_defense.year,think_defense.ERG_group,GROUP_CONCAT(DISTINCT think_teacher.Tname) AS TEA,GROUP_CONCAT(DISTINCT Sname) AS STU,think_admin.Tname AS admin,think_admin.Tnum AS adminnum,`class`,`time` FROM `think_defensestudent` right join think_defense  ON  think_defensestudent.defense_group = think_defense.defense_group INNER JOIN think_defenseteacher ON think_defenseteacher.defense_group = think_defense.defense_group INNER JOIN think_admin ON think_admin.Tnum = think_defense.admin INNER JOIN think_teacher ON think_defenseteacher.Tnum = think_teacher.Tnum  GROUP BY think_defense.defense_group HAVING adminnum=1585  [ RunTime:0.000730s ]

[ 2018-06-13T22:12:09+08:00 ] ::1 /biye/index.php/WecharAPI/PTeacherDefense/index
INFO: [ app_init ] --START--
INFO: Run Behavior\BuildLiteBehavior [ RunTime:0.000026s ]
INFO: [ app_init ] --END-- [ RunTime:0.000471s ]
INFO: [ app_begin ] --START--
INFO: Run Behavior\ReadHtmlCacheBehavior [ RunTime:0.000788s ]
INFO: [ app_begin ] --END-- [ RunTime:0.000954s ]
NOTIC: [8192] mysql_connect(): The mysql extension is deprecated and will be removed in the future: use mysqli or PDO instead D:\wamp64\www\biye\ThinkPHP\Library\Think\Db\Driver\Mysql.class.php 第 52 行.
SQL: SHOW COLUMNS FROM `think_defense` [ RunTime:0.000623s ]
NOTIC: [2] Missing argument 2 for WecharAPI\model\DefenseModel::getList(), called in D:\wamp64\www\biye\Application\WecharAPI\Controller\PTeacherDefenseController.class.php on line 12 and defined D:\wamp64\www\biye\Application\WecharAPI\Model\DefenseModel.class.php 第 212 行.
SQL: SHOW COLUMNS FROM `think_defensestudent` [ RunTime:0.000425s ]
NOTIC: [8] Undefined variable: year D:\wamp64\www\biye\Application\WecharAPI\Model\DefenseModel.class.php 第 217 行.
SQL: SELECT think_defense.defense_group,think_defense.year,think_defense.ERG_group,GROUP_CONCAT(DISTINCT think_teacher.Tname) AS TEA,GROUP_CONCAT(DISTINCT Sname) AS STU,think_admin.Tname AS admin,think_admin.Tnum AS adminnum,`class`,`time` FROM `think_defensestudent` right join think_defense  ON  think_defensestudent.defense_group = think_defense.defense_group INNER JOIN think_defenseteacher ON think_defenseteacher.defense_group = think_defense.defense_group INNER JOIN think_admin ON think_admin.Tnum = think_defense.admin INNER JOIN think_teacher ON think_defenseteacher.Tnum = think_teacher.Tnum  GROUP BY think_defense.defense_group HAVING adminnum=1585  [ RunTime:0.000638s ]

[ 2018-06-13T22:12:10+08:00 ] ::1 /biye/index.php/WecharAPI/PTeacherDefense/index
INFO: [ app_init ] --START--
INFO: Run Behavior\BuildLiteBehavior [ RunTime:0.000030s ]
INFO: [ app_init ] --END-- [ RunTime:0.000512s ]
INFO: [ app_begin ] --START--
INFO: Run Behavior\ReadHtmlCacheBehavior [ RunTime:0.000722s ]
INFO: [ app_begin ] --END-- [ RunTime:0.000871s ]
NOTIC: [8192] mysql_connect(): The mysql extension is deprecated and will be removed in the future: use mysqli or PDO instead D:\wamp64\www\biye\ThinkPHP\Library\Think\Db\Driver\Mysql.class.php 第 52 行.
SQL: SHOW COLUMNS FROM `think_defense` [ RunTime:0.000490s ]
NOTIC: [2] Missing argument 2 for WecharAPI\model\DefenseModel::getList(), called in D:\wamp64\www\biye\Application\WecharAPI\Controller\PTeacherDefenseController.class.php on line 12 and defined D:\wamp64\www\biye\Application\WecharAPI\Model\DefenseModel.class.php 第 212 行.
SQL: SHOW COLUMNS FROM `think_defensestudent` [ RunTime:0.000331s ]
NOTIC: [8] Undefined variable: year D:\wamp64\www\biye\Application\WecharAPI\Model\DefenseModel.class.php 第 217 行.
SQL: SELECT think_defense.defense_group,think_defense.year,think_defense.ERG_group,GROUP_CONCAT(DISTINCT think_teacher.Tname) AS TEA,GROUP_CONCAT(DISTINCT Sname) AS STU,think_admin.Tname AS admin,think_admin.Tnum AS adminnum,`class`,`time` FROM `think_defensestudent` right join think_defense  ON  think_defensestudent.defense_group = think_defense.defense_group INNER JOIN think_defenseteacher ON think_defenseteacher.defense_group = think_defense.defense_group INNER JOIN think_admin ON think_admin.Tnum = think_defense.admin INNER JOIN think_teacher ON think_defenseteacher.Tnum = think_teacher.Tnum  GROUP BY think_defense.defense_group HAVING adminnum=1585  [ RunTime:0.000547s ]

[ 2018-06-13T22:12:10+08:00 ] ::1 /biye/index.php/WecharAPI/PScore/Rgrade
INFO: [ app_init ] --START--
INFO: Run Behavior\BuildLiteBehavior [ RunTime:0.000022s ]
INFO: [ app_init ] --END-- [ RunTime:0.000370s ]
INFO: [ app_begin ] --START--
INFO: Run Behavior\ReadHtmlCacheBehavior [ RunTime:0.000726s ]
INFO: [ app_begin ] --END-- [ RunTime:0.000899s ]
NOTIC: [8192] mysql_connect(): The mysql extension is deprecated and will be removed in the future: use mysqli or PDO instead D:\wamp64\www\biye\ThinkPHP\Library\Think\Db\Driver\Mysql.class.php 第 52 行.
SQL: SHOW COLUMNS FROM `think_score` [ RunTime:0.000476s ]
SQL: SHOW COLUMNS FROM `think_defenseteacher` [ RunTime:0.000355s ]
SQL: SELECT think_defenseteacher.defense_group,`Tnum`,GROUP_CONCAT(DISTINCT Sname) AS STU,`class`,`time` FROM `think_defenseteacher` left join think_defensestudent ON think_defensestudent.defense_group = think_defenseteacher.defense_group INNER JOIN think_defense ON think_defense.defense_group = think_defenseteacher.defense_group  GROUP BY think_defenseteacher.id HAVING Tnum=1585  [ RunTime:0.000376s ]

[ 2018-06-13T22:12:11+08:00 ] ::1 /biye/index.php/WecharAPI/PScore/Ggrade
INFO: [ app_init ] --START--
INFO: Run Behavior\BuildLiteBehavior [ RunTime:0.000029s ]
INFO: [ app_init ] --END-- [ RunTime:0.000504s ]
INFO: [ app_begin ] --START--
INFO: Run Behavior\ReadHtmlCacheBehavior [ RunTime:0.000812s ]
INFO: [ app_begin ] --END-- [ RunTime:0.001007s ]
NOTIC: [8192] mysql_connect(): The mysql extension is deprecated and will be removed in the future: use mysqli or PDO instead D:\wamp64\www\biye\ThinkPHP\Library\Think\Db\Driver\Mysql.class.php 第 52 行.
SQL: SHOW COLUMNS FROM `think_score` [ RunTime:0.000697s ]
SQL: select t.Cname,s.Sname,s.Snum,s.denfense_draft,t.Tnum,sc.scorenum,sc.Ggrade1,sc.Ggrade2,sc.Ggrade3,sc.Ggrade4,sc.Ggrade5,sc.Gtext from think_score as sc 
		right join think_student as s on s.Snum = sc.Studentnum 
		join think_apply as a on s.Snum = a.student_Snum 
		join think_topic as t on t.Cnum = a.topic_Cnum
		where t.Tnum=1585 AND a.status = 1 AND t.year = 2018 [ RunTime:0.000405s ]
INFO: [ app_end ] --START--
INFO: Run Behavior\ShowPageTraceBehavior [ RunTime:0.000740s ]
INFO: [ app_end ] --END-- [ RunTime:0.000835s ]

[ 2018-06-13T22:12:13+08:00 ] ::1 /biye/index.php/WecharAPI/PScore/Pgrade
INFO: [ app_init ] --START--
INFO: Run Behavior\BuildLiteBehavior [ RunTime:0.000029s ]
INFO: [ app_init ] --END-- [ RunTime:0.000488s ]
INFO: [ app_begin ] --START--
INFO: Run Behavior\ReadHtmlCacheBehavior [ RunTime:0.000615s ]
INFO: [ app_begin ] --END-- [ RunTime:0.000758s ]
NOTIC: [8192] mysql_connect(): The mysql extension is deprecated and will be removed in the future: use mysqli or PDO instead D:\wamp64\www\biye\ThinkPHP\Library\Think\Db\Driver\Mysql.class.php 第 52 行.
SQL: SHOW COLUMNS FROM `think_score` [ RunTime:0.000664s ]
SQL: SHOW COLUMNS FROM `think_defensestudent` [ RunTime:0.000431s ]
SQL: SELECT think_score.Pgrade1,think_score.Pgrade2,think_score.Ptext,think_student.Snum,think_student.Sname,think_student.taskbook,think_student.denfense_draft,think_topic.Cname,think_teacher.Tname FROM `think_defensestudent` INNER JOIN think_score ON think_score.Studentnum = think_defensestudent.Snum INNER JOIN think_student ON think_student.Snum = think_defensestudent.Snum INNER JOIN think_apply ON think_apply.student_Snum = think_defensestudent.Snum INNER JOIN think_topic ON think_topic.Cnum = think_apply.topic_Cnum INNER JOIN think_teacher ON think_topic.Tnum = think_teacher.Tnum  WHERE ( reviewTeacher=1585 )  [ RunTime:0.000387s ]
INFO: [ app_end ] --START--
INFO: Run Behavior\ShowPageTraceBehavior [ RunTime:0.000856s ]
INFO: [ app_end ] --END-- [ RunTime:0.000984s ]

[ 2018-06-13T22:12:14+08:00 ] ::1 /biye/index.php/WecharAPI/PScore/Rgrade
INFO: [ app_init ] --START--
INFO: Run Behavior\BuildLiteBehavior [ RunTime:0.000022s ]
INFO: [ app_init ] --END-- [ RunTime:0.000389s ]
INFO: [ app_begin ] --START--
INFO: Run Behavior\ReadHtmlCacheBehavior [ RunTime:0.000603s ]
INFO: [ app_begin ] --END-- [ RunTime:0.000728s ]
NOTIC: [8192] mysql_connect(): The mysql extension is deprecated and will be removed in the future: use mysqli or PDO instead D:\wamp64\www\biye\ThinkPHP\Library\Think\Db\Driver\Mysql.class.php 第 52 行.
SQL: SHOW COLUMNS FROM `think_score` [ RunTime:0.000642s ]
SQL: SHOW COLUMNS FROM `think_defenseteacher` [ RunTime:0.000416s ]
SQL: SELECT think_defenseteacher.defense_group,`Tnum`,GROUP_CONCAT(DISTINCT Sname) AS STU,`class`,`time` FROM `think_defenseteacher` left join think_defensestudent ON think_defensestudent.defense_group = think_defenseteacher.defense_group INNER JOIN think_defense ON think_defense.defense_group = think_defenseteacher.defense_group  GROUP BY think_defenseteacher.id HAVING Tnum=1585  [ RunTime:0.000520s ]

[ 2018-06-13T22:12:14+08:00 ] ::1 /biye/index.php/WecharAPI/PScore/Pgrade
INFO: [ app_init ] --START--
INFO: Run Behavior\BuildLiteBehavior [ RunTime:0.000022s ]
INFO: [ app_init ] --END-- [ RunTime:0.000378s ]
INFO: [ app_begin ] --START--
INFO: Run Behavior\ReadHtmlCacheBehavior [ RunTime:0.000538s ]
INFO: [ app_begin ] --END-- [ RunTime:0.000650s ]
NOTIC: [8192] mysql_connect(): The mysql extension is deprecated and will be removed in the future: use mysqli or PDO instead D:\wamp64\www\biye\ThinkPHP\Library\Think\Db\Driver\Mysql.class.php 第 52 行.
SQL: SHOW COLUMNS FROM `think_score` [ RunTime:0.000633s ]
SQL: SHOW COLUMNS FROM `think_defensestudent` [ RunTime:0.000470s ]
SQL: SELECT think_score.Pgrade1,think_score.Pgrade2,think_score.Ptext,think_student.Snum,think_student.Sname,think_student.taskbook,think_student.denfense_draft,think_topic.Cname,think_teacher.Tname FROM `think_defensestudent` INNER JOIN think_score ON think_score.Studentnum = think_defensestudent.Snum INNER JOIN think_student ON think_student.Snum = think_defensestudent.Snum INNER JOIN think_apply ON think_apply.student_Snum = think_defensestudent.Snum INNER JOIN think_topic ON think_topic.Cnum = think_apply.topic_Cnum INNER JOIN think_teacher ON think_topic.Tnum = think_teacher.Tnum  WHERE ( reviewTeacher=1585 )  [ RunTime:0.000409s ]
INFO: [ app_end ] --START--
INFO: Run Behavior\ShowPageTraceBehavior [ RunTime:0.000698s ]
INFO: [ app_end ] --END-- [ RunTime:0.000822s ]

[ 2018-06-13T22:12:16+08:00 ] ::1 /biye/index.php/WecharAPI/PTeacherDefense/index
INFO: [ app_init ] --START--
INFO: Run Behavior\BuildLiteBehavior [ RunTime:0.000022s ]
INFO: [ app_init ] --END-- [ RunTime:0.000377s ]
INFO: [ app_begin ] --START--
INFO: Run Behavior\ReadHtmlCacheBehavior [ RunTime:0.000554s ]
INFO: [ app_begin ] --END-- [ RunTime:0.000667s ]
NOTIC: [8192] mysql_connect(): The mysql extension is deprecated and will be removed in the future: use mysqli or PDO instead D:\wamp64\www\biye\ThinkPHP\Library\Think\Db\Driver\Mysql.class.php 第 52 行.
SQL: SHOW COLUMNS FROM `think_defense` [ RunTime:0.000488s ]
NOTIC: [2] Missing argument 2 for WecharAPI\model\DefenseModel::getList(), called in D:\wamp64\www\biye\Application\WecharAPI\Controller\PTeacherDefenseController.class.php on line 12 and defined D:\wamp64\www\biye\Application\WecharAPI\Model\DefenseModel.class.php 第 212 行.
SQL: SHOW COLUMNS FROM `think_defensestudent` [ RunTime:0.000325s ]
NOTIC: [8] Undefined variable: year D:\wamp64\www\biye\Application\WecharAPI\Model\DefenseModel.class.php 第 217 行.
SQL: SELECT think_defense.defense_group,think_defense.year,think_defense.ERG_group,GROUP_CONCAT(DISTINCT think_teacher.Tname) AS TEA,GROUP_CONCAT(DISTINCT Sname) AS STU,think_admin.Tname AS admin,think_admin.Tnum AS adminnum,`class`,`time` FROM `think_defensestudent` right join think_defense  ON  think_defensestudent.defense_group = think_defense.defense_group INNER JOIN think_defenseteacher ON think_defenseteacher.defense_group = think_defense.defense_group INNER JOIN think_admin ON think_admin.Tnum = think_defense.admin INNER JOIN think_teacher ON think_defenseteacher.Tnum = think_teacher.Tnum  GROUP BY think_defense.defense_group HAVING adminnum=1585  [ RunTime:0.000549s ]

[ 2018-06-13T22:12:23+08:00 ] ::1 /biye/index.php/WecharAPI/PTeacherDefense/index
INFO: [ app_init ] --START--
INFO: Run Behavior\BuildLiteBehavior [ RunTime:0.000021s ]
INFO: [ app_init ] --END-- [ RunTime:0.000370s ]
INFO: [ app_begin ] --START--
INFO: Run Behavior\ReadHtmlCacheBehavior [ RunTime:0.000549s ]
INFO: [ app_begin ] --END-- [ RunTime:0.000659s ]
NOTIC: [8192] mysql_connect(): The mysql extension is deprecated and will be removed in the future: use mysqli or PDO instead D:\wamp64\www\biye\ThinkPHP\Library\Think\Db\Driver\Mysql.class.php 第 52 行.
SQL: SHOW COLUMNS FROM `think_defense` [ RunTime:0.000483s ]
NOTIC: [2] Missing argument 2 for WecharAPI\model\DefenseModel::getList(), called in D:\wamp64\www\biye\Application\WecharAPI\Controller\PTeacherDefenseController.class.php on line 12 and defined D:\wamp64\www\biye\Application\WecharAPI\Model\DefenseModel.class.php 第 212 行.
SQL: SHOW COLUMNS FROM `think_defensestudent` [ RunTime:0.000309s ]
NOTIC: [8] Undefined variable: year D:\wamp64\www\biye\Application\WecharAPI\Model\DefenseModel.class.php 第 217 行.
SQL: SELECT think_defense.defense_group,think_defense.year,think_defense.ERG_group,GROUP_CONCAT(DISTINCT think_teacher.Tname) AS TEA,GROUP_CONCAT(DISTINCT Sname) AS STU,think_admin.Tname AS admin,think_admin.Tnum AS adminnum,`class`,`time` FROM `think_defensestudent` right join think_defense  ON  think_defensestudent.defense_group = think_defense.defense_group INNER JOIN think_defenseteacher ON think_defenseteacher.defense_group = think_defense.defense_group INNER JOIN think_admin ON think_admin.Tnum = think_defense.admin INNER JOIN think_teacher ON think_defenseteacher.Tnum = think_teacher.Tnum  GROUP BY think_defense.defense_group HAVING adminnum=1585  [ RunTime:0.000512s ]

[ 2018-06-13T22:13:21+08:00 ] ::1 /biye/index.php/WecharAPI/Login/checkLoginphone
INFO: [ app_init ] --START--
INFO: Run Behavior\BuildLiteBehavior [ RunTime:0.000029s ]
INFO: [ app_init ] --END-- [ RunTime:0.000523s ]
INFO: [ app_begin ] --START--
INFO: Run Behavior\ReadHtmlCacheBehavior [ RunTime:0.000879s ]
INFO: [ app_begin ] --END-- [ RunTime:0.001147s ]
NOTIC: [8192] mysql_connect(): The mysql extension is deprecated and will be removed in the future: use mysqli or PDO instead D:\wamp64\www\biye\ThinkPHP\Library\Think\Db\Driver\Mysql.class.php 第 52 行.
SQL: SHOW COLUMNS FROM `think_teacher` [ RunTime:0.000677s ]
SQL: SHOW COLUMNS FROM `think_admin` [ RunTime:0.000372s ]
SQL: SELECT * FROM `think_admin` WHERE `Tnum` = '1585' AND `pwd` = 'ac1d6390f491e900c4c287a46ad3ed4b' LIMIT 1   [ RunTime:0.000244s ]
SQL: SELECT `ERG_group` FROM `think_teacher` WHERE ( Tnum=1585 ) LIMIT 1   [ RunTime:0.000199s ]
SQL: SELECT * FROM `think_teacher` WHERE `Tnum` = '1585' AND `pwd` = 'ac1d6390f491e900c4c287a46ad3ed4b' LIMIT 1   [ RunTime:0.000255s ]

[ 2018-06-13T22:13:22+08:00 ] ::1 /biye/index.php/WecharAPI/PInformation/indexphone
INFO: [ app_init ] --START--
INFO: Run Behavior\BuildLiteBehavior [ RunTime:0.000024s ]
INFO: [ app_init ] --END-- [ RunTime:0.000492s ]
INFO: [ app_begin ] --START--
INFO: Run Behavior\ReadHtmlCacheBehavior [ RunTime:0.000648s ]
INFO: [ app_begin ] --END-- [ RunTime:0.000790s ]
NOTIC: [2048] Declaration of WecharAPI\Controller\PInformationController::show() should be compatible with Think\Controller::show($content, $charset = '', $contentType = '', $prefix = '') D:\wamp64\www\biye\Application\WecharAPI\Controller\PInformationController.class.php 第 104 行.
NOTIC: [8192] mysql_connect(): The mysql extension is deprecated and will be removed in the future: use mysqli or PDO instead D:\wamp64\www\biye\ThinkPHP\Library\Think\Db\Driver\Mysql.class.php 第 52 行.
SQL: SHOW COLUMNS FROM `think_information` [ RunTime:0.000522s ]
SQL: SELECT COUNT(*) AS tp_count FROM `think_information` LIMIT 1   [ RunTime:0.000177s ]
SQL: SELECT * FROM `think_information`  [ RunTime:0.000145s ]

[ 2018-06-13T22:13:23+08:00 ] ::1 /biye/index.php/WecharAPI/PTeacherDefense/index
INFO: [ app_init ] --START--
INFO: Run Behavior\BuildLiteBehavior [ RunTime:0.000023s ]
INFO: [ app_init ] --END-- [ RunTime:0.000384s ]
INFO: [ app_begin ] --START--
INFO: Run Behavior\ReadHtmlCacheBehavior [ RunTime:0.000541s ]
INFO: [ app_begin ] --END-- [ RunTime:0.000661s ]
NOTIC: [8192] mysql_connect(): The mysql extension is deprecated and will be removed in the future: use mysqli or PDO instead D:\wamp64\www\biye\ThinkPHP\Library\Think\Db\Driver\Mysql.class.php 第 52 行.
SQL: SHOW COLUMNS FROM `think_defense` [ RunTime:0.000567s ]
NOTIC: [2] Missing argument 2 for WecharAPI\model\DefenseModel::getList(), called in D:\wamp64\www\biye\Application\WecharAPI\Controller\PTeacherDefenseController.class.php on line 12 and defined D:\wamp64\www\biye\Application\WecharAPI\Model\DefenseModel.class.php 第 212 行.
SQL: SHOW COLUMNS FROM `think_defensestudent` [ RunTime:0.000460s ]
NOTIC: [8] Undefined variable: year D:\wamp64\www\biye\Application\WecharAPI\Model\DefenseModel.class.php 第 217 行.
SQL: SELECT think_defense.defense_group,think_defense.year,think_defense.ERG_group,GROUP_CONCAT(DISTINCT think_teacher.Tname) AS TEA,GROUP_CONCAT(DISTINCT Sname) AS STU,think_admin.Tname AS admin,think_admin.Tnum AS adminnum,`class`,`time` FROM `think_defensestudent` right join think_defense  ON  think_defensestudent.defense_group = think_defense.defense_group INNER JOIN think_defenseteacher ON think_defenseteacher.defense_group = think_defense.defense_group INNER JOIN think_admin ON think_admin.Tnum = think_defense.admin INNER JOIN think_teacher ON think_defenseteacher.Tnum = think_teacher.Tnum  GROUP BY think_defense.defense_group HAVING adminnum=1585  [ RunTime:0.000630s ]

[ 2018-06-13T22:13:49+08:00 ] ::1 /biye/index.php/WecharAPI/Login/checkLoginphone
INFO: [ app_init ] --START--
INFO: Run Behavior\BuildLiteBehavior [ RunTime:0.000033s ]
INFO: [ app_init ] --END-- [ RunTime:0.000539s ]
INFO: [ app_begin ] --START--
INFO: Run Behavior\ReadHtmlCacheBehavior [ RunTime:0.000715s ]
INFO: [ app_begin ] --END-- [ RunTime:0.000878s ]
NOTIC: [8192] mysql_connect(): The mysql extension is deprecated and will be removed in the future: use mysqli or PDO instead D:\wamp64\www\biye\ThinkPHP\Library\Think\Db\Driver\Mysql.class.php 第 52 行.
SQL: SHOW COLUMNS FROM `think_teacher` [ RunTime:0.001073s ]
SQL: SHOW COLUMNS FROM `think_admin` [ RunTime:0.000410s ]
SQL: SELECT * FROM `think_admin` WHERE `Tnum` = '1585' AND `pwd` = 'ac1d6390f491e900c4c287a46ad3ed4b' LIMIT 1   [ RunTime:0.000224s ]
SQL: SELECT `ERG_group` FROM `think_teacher` WHERE ( Tnum=1585 ) LIMIT 1   [ RunTime:0.000213s ]
SQL: SELECT * FROM `think_teacher` WHERE `Tnum` = '1585' AND `pwd` = 'ac1d6390f491e900c4c287a46ad3ed4b' LIMIT 1   [ RunTime:0.000230s ]

[ 2018-06-13T22:13:49+08:00 ] ::1 /biye/index.php/WecharAPI/PInformation/indexphone
INFO: [ app_init ] --START--
INFO: Run Behavior\BuildLiteBehavior [ RunTime:0.000025s ]
INFO: [ app_init ] --END-- [ RunTime:0.000429s ]
INFO: [ app_begin ] --START--
INFO: Run Behavior\ReadHtmlCacheBehavior [ RunTime:0.000585s ]
INFO: [ app_begin ] --END-- [ RunTime:0.000713s ]
NOTIC: [2048] Declaration of WecharAPI\Controller\PInformationController::show() should be compatible with Think\Controller::show($content, $charset = '', $contentType = '', $prefix = '') D:\wamp64\www\biye\Application\WecharAPI\Controller\PInformationController.class.php 第 104 行.
NOTIC: [8192] mysql_connect(): The mysql extension is deprecated and will be removed in the future: use mysqli or PDO instead D:\wamp64\www\biye\ThinkPHP\Library\Think\Db\Driver\Mysql.class.php 第 52 行.
SQL: SHOW COLUMNS FROM `think_information` [ RunTime:0.000520s ]
SQL: SELECT COUNT(*) AS tp_count FROM `think_information` LIMIT 1   [ RunTime:0.000229s ]
SQL: SELECT * FROM `think_information`  [ RunTime:0.000189s ]

