[ 2018-06-11T08:08:56+08:00 ] ::1 /biye/WecharAPI/PDefence/indexphone
INFO: [ app_init ] --START--
INFO: Run Behavior\BuildLiteBehavior [ RunTime:0.000045s ]
INFO: [ app_init ] --END-- [ RunTime:0.000991s ]

[ 2018-06-11T09:47:55+08:00 ] ::1 /biye/WecharAPI/Config/openSystem
INFO: [ app_init ] --START--
INFO: Run Behavior\BuildLiteBehavior [ RunTime:0.000023s ]
INFO: [ app_init ] --END-- [ RunTime:0.000578s ]

[ 2018-06-11T09:49:00+08:00 ] ::1 /biye/WecharAPI/Config/openSystem
INFO: [ app_init ] --START--
INFO: Run Behavior\BuildLiteBehavior [ RunTime:0.000028s ]
INFO: [ app_init ] --END-- [ RunTime:0.000850s ]

[ 2018-06-11T09:57:05+08:00 ] ::1 /biye/WecharAPI/Config/openSystem
INFO: [ app_init ] --START--
INFO: Run Behavior\BuildLiteBehavior [ RunTime:0.000026s ]
INFO: [ app_init ] --END-- [ RunTime:0.000744s ]

[ 2018-06-11T09:58:13+08:00 ] ::1 /biye/WecharAPI/Config/openSystem
INFO: [ app_init ] --START--
INFO: Run Behavior\BuildLiteBehavior [ RunTime:0.000040s ]
INFO: [ app_init ] --END-- [ RunTime:0.000865s ]

[ 2018-06-11T09:58:16+08:00 ] ::1 /biye/WecharAPI/Config/openSystem
INFO: [ app_init ] --START--
INFO: Run Behavior\BuildLiteBehavior [ RunTime:0.000022s ]
INFO: [ app_init ] --END-- [ RunTime:0.000472s ]

[ 2018-06-11T10:06:32+08:00 ] ::1 /biye/WecharAPI/Config/colseSystem
INFO: [ app_init ] --START--
INFO: Run Behavior\BuildLiteBehavior [ RunTime:0.000024s ]
INFO: [ app_init ] --END-- [ RunTime:0.000651s ]
ERR: 非法操作:colseSystem

[ 2018-06-11T10:07:27+08:00 ] ::1 /biye/WecharAPI/Config/colseSystem
INFO: [ app_init ] --START--
INFO: Run Behavior\BuildLiteBehavior [ RunTime:0.000023s ]
INFO: [ app_init ] --END-- [ RunTime:0.000493s ]
ERR: 非法操作:colseSystem

[ 2018-06-11T10:07:59+08:00 ] ::1 /biye/WecharAPI/Config/closeSystem
INFO: [ app_init ] --START--
INFO: Run Behavior\BuildLiteBehavior [ RunTime:0.000028s ]
INFO: [ app_init ] --END-- [ RunTime:0.000668s ]

[ 2018-06-11T10:08:08+08:00 ] ::1 /biye/WecharAPI/Config/openSystem
INFO: [ app_init ] --START--
INFO: Run Behavior\BuildLiteBehavior [ RunTime:0.000026s ]
INFO: [ app_init ] --END-- [ RunTime:0.000578s ]

[ 2018-06-11T10:08:18+08:00 ] ::1 /biye/WecharAPI/PDefence/indexphone
INFO: [ app_init ] --START--
INFO: Run Behavior\BuildLiteBehavior [ RunTime:0.000041s ]
INFO: [ app_init ] --END-- [ RunTime:0.000898s ]

[ 2018-06-11T10:08:20+08:00 ] ::1 /biye/WecharAPI/PTeacherManage/ERG_groupphone
INFO: [ app_init ] --START--
INFO: Run Behavior\BuildLiteBehavior [ RunTime:0.000023s ]
INFO: [ app_init ] --END-- [ RunTime:0.000492s ]

[ 2018-06-11T10:08:20+08:00 ] ::1 /biye/WecharAPI/PTeacherManage/indexphone
INFO: [ app_init ] --START--
INFO: Run Behavior\BuildLiteBehavior [ RunTime:0.000038s ]
INFO: [ app_init ] --END-- [ RunTime:0.000756s ]

[ 2018-06-11T10:08:21+08:00 ] ::1 /biye/WecharAPI/PDefence/indexphone
INFO: [ app_init ] --START--
INFO: Run Behavior\BuildLiteBehavior [ RunTime:0.000028s ]
INFO: [ app_init ] --END-- [ RunTime:0.000572s ]

[ 2018-06-11T10:08:24+08:00 ] ::1 /biye/WecharAPI/PTeacherManage/indexphone
INFO: [ app_init ] --START--
INFO: Run Behavior\BuildLiteBehavior [ RunTime:0.000042s ]
INFO: [ app_init ] --END-- [ RunTime:0.000847s ]

[ 2018-06-11T10:08:25+08:00 ] ::1 /biye/WecharAPI/PTeacherManage/ERG_groupphone
INFO: [ app_init ] --START--
INFO: Run Behavior\BuildLiteBehavior [ RunTime:0.000022s ]
INFO: [ app_init ] --END-- [ RunTime:0.000462s ]

[ 2018-06-11T10:12:45+08:00 ] ::1 /biye/WecharAPI/PDefence/indexphone
INFO: [ app_init ] --START--
INFO: Run Behavior\BuildLiteBehavior [ RunTime:0.000026s ]
INFO: [ app_init ] --END-- [ RunTime:0.000602s ]

[ 2018-06-11T10:12:46+08:00 ] ::1 /biye/WecharAPI/PTeacherManage/ERG_groupphone
INFO: [ app_init ] --START--
INFO: Run Behavior\BuildLiteBehavior [ RunTime:0.000046s ]
INFO: [ app_init ] --END-- [ RunTime:0.000926s ]

[ 2018-06-11T10:13:01+08:00 ] ::1 /biye/WecharAPI/PTeacherManage/indexphone
INFO: [ app_init ] --START--
INFO: Run Behavior\BuildLiteBehavior [ RunTime:0.000026s ]
INFO: [ app_init ] --END-- [ RunTime:0.000567s ]

[ 2018-06-11T10:13:01+08:00 ] ::1 /biye/WecharAPI/PTeacherManage/ERG_groupphone
INFO: [ app_init ] --START--
INFO: Run Behavior\BuildLiteBehavior [ RunTime:0.000037s ]
INFO: [ app_init ] --END-- [ RunTime:0.001013s ]

[ 2018-06-11T10:13:03+08:00 ] ::1 /biye/WecharAPI/PTeacherManage/indexphone
INFO: [ app_init ] --START--
INFO: Run Behavior\BuildLiteBehavior [ RunTime:0.000046s ]
INFO: [ app_init ] --END-- [ RunTime:0.000928s ]

[ 2018-06-11T10:13:04+08:00 ] ::1 /biye/WecharAPI/PTeacherManage/ERG_groupphone
INFO: [ app_init ] --START--
INFO: Run Behavior\BuildLiteBehavior [ RunTime:0.000023s ]
INFO: [ app_init ] --END-- [ RunTime:0.000482s ]

[ 2018-06-11T10:16:05+08:00 ] ::1 /biye/WecharAPI/PTeacherManage/ERG_groupphone
INFO: [ app_init ] --START--
INFO: Run Behavior\BuildLiteBehavior [ RunTime:0.000041s ]
INFO: [ app_init ] --END-- [ RunTime:0.000994s ]

[ 2018-06-11T10:27:15+08:00 ] ::1 /biye/WecharAPI/PTeacherManage/ERG_groupphone
INFO: [ app_init ] --START--
INFO: Run Behavior\BuildLiteBehavior [ RunTime:0.000026s ]
INFO: [ app_init ] --END-- [ RunTime:0.000524s ]

[ 2018-06-11T10:27:18+08:00 ] ::1 /biye/WecharAPI/PInformation/PdelectNews
INFO: [ app_init ] --START--
INFO: Run Behavior\BuildLiteBehavior [ RunTime:0.000036s ]
INFO: [ app_init ] --END-- [ RunTime:0.000957s ]
ERR: 非法操作:PdelectNews

[ 2018-06-11T10:27:28+08:00 ] ::1 /biye/WecharAPI/PTeacherManage/ERG_groupphone
INFO: [ app_init ] --START--
INFO: Run Behavior\BuildLiteBehavior [ RunTime:0.000044s ]
INFO: [ app_init ] --END-- [ RunTime:0.001048s ]

[ 2018-06-11T10:32:24+08:00 ] ::1 /biye/WecharAPI/PInformation/PdelectNews
INFO: [ app_init ] --START--
INFO: Run Behavior\BuildLiteBehavior [ RunTime:0.000025s ]
INFO: [ app_init ] --END-- [ RunTime:0.000671s ]
ERR: 非法操作:PdelectNews

[ 2018-06-11T10:35:09+08:00 ] ::1 /biye/WecharAPI/PInformation/PdelectNews
INFO: [ app_init ] --START--
INFO: Run Behavior\BuildLiteBehavior [ RunTime:0.000045s ]
INFO: [ app_init ] --END-- [ RunTime:0.000769s ]
ERR: 非法操作:PdelectNews

[ 2018-06-11T10:45:18+08:00 ] ::1 /biye/WecharAPI/PInformation/indexphone
INFO: [ app_init ] --START--
INFO: Run Behavior\BuildLiteBehavior [ RunTime:0.000023s ]
INFO: [ app_init ] --END-- [ RunTime:0.000640s ]

[ 2018-06-11T10:51:17+08:00 ] ::1 /biye/WecharAPI/PTeacherManage/ERG_groupphone
INFO: [ app_init ] --START--
INFO: Run Behavior\BuildLiteBehavior [ RunTime:0.000027s ]
INFO: [ app_init ] --END-- [ RunTime:0.000732s ]

[ 2018-06-11T10:52:27+08:00 ] ::1 /biye/WecharAPI/PTeacherManage/ERG_groupphone
INFO: [ app_init ] --START--
INFO: Run Behavior\BuildLiteBehavior [ RunTime:0.000044s ]
INFO: [ app_init ] --END-- [ RunTime:0.000861s ]

[ 2018-06-11T10:53:49+08:00 ] ::1 /biye/WecharAPI/PTeacherManage/ERG_groupphone
INFO: [ app_init ] --START--
INFO: Run Behavior\BuildLiteBehavior [ RunTime:0.000067s ]
INFO: [ app_init ] --END-- [ RunTime:0.000927s ]

[ 2018-06-11T10:56:27+08:00 ] ::1 /biye/WecharAPI/PTeacherManage/ERG_groupphone
INFO: [ app_init ] --START--
INFO: Run Behavior\BuildLiteBehavior [ RunTime:0.000024s ]
INFO: [ app_init ] --END-- [ RunTime:0.000553s ]

[ 2018-06-11T10:58:25+08:00 ] ::1 /biye/WecharAPI/PTeacherManage/ERG_groupphone
INFO: [ app_init ] --START--
INFO: Run Behavior\BuildLiteBehavior [ RunTime:0.000044s ]
INFO: [ app_init ] --END-- [ RunTime:0.000964s ]

[ 2018-06-11T10:58:31+08:00 ] ::1 /biye/WecharAPI/Config/addErgAction
INFO: [ app_init ] --START--
INFO: Run Behavior\BuildLiteBehavior [ RunTime:0.000023s ]
INFO: [ app_init ] --END-- [ RunTime:0.000571s ]

[ 2018-06-11T11:00:56+08:00 ] ::1 /biye/WecharAPI/PTeacherManage/ERG_groupphone
INFO: [ app_init ] --START--
INFO: Run Behavior\BuildLiteBehavior [ RunTime:0.000043s ]
INFO: [ app_init ] --END-- [ RunTime:0.001036s ]

[ 2018-06-11T11:00:59+08:00 ] ::1 /biye/WecharAPI/Config/addErgAction
INFO: [ app_init ] --START--
INFO: Run Behavior\BuildLiteBehavior [ RunTime:0.000025s ]
INFO: [ app_init ] --END-- [ RunTime:0.000552s ]

[ 2018-06-11T11:01:00+08:00 ] ::1 /biye/WecharAPI/PTeacherManage/indexphone
INFO: [ app_init ] --START--
INFO: Run Behavior\BuildLiteBehavior [ RunTime:0.000025s ]
INFO: [ app_init ] --END-- [ RunTime:0.000520s ]

[ 2018-06-11T11:01:01+08:00 ] ::1 /biye/WecharAPI/PTeacherManage/ERG_groupphone
INFO: [ app_init ] --START--
INFO: Run Behavior\BuildLiteBehavior [ RunTime:0.000040s ]
INFO: [ app_init ] --END-- [ RunTime:0.000759s ]

