[ 2018-06-13T15:22:53+08:00 ] ::1 /biye/
INFO: [ app_init ] --START--
INFO: Run Behavior\BuildLiteBehavior [ RunTime:0.000029s ]
INFO: [ app_init ] --END-- [ RunTime:0.001059s ]

[ 2018-06-13T15:22:55+08:00 ] ::1 /biye/index.php/Home/Login/index.html
INFO: [ app_init ] --START--
INFO: Run Behavior\BuildLiteBehavior [ RunTime:0.000027s ]
INFO: [ app_init ] --END-- [ RunTime:0.000473s ]

[ 2018-06-13T15:22:55+08:00 ] ::1 /biye/index.php/Home/Login/getVerify
INFO: [ app_init ] --START--
INFO: Run Behavior\BuildLiteBehavior [ RunTime:0.000025s ]
INFO: [ app_init ] --END-- [ RunTime:0.000436s ]

[ 2018-06-13T15:25:16+08:00 ] ::1 /biye/index.php/Home/Login/index.html
INFO: [ app_init ] --START--
INFO: Run Behavior\BuildLiteBehavior [ RunTime:0.000023s ]
INFO: [ app_init ] --END-- [ RunTime:0.000552s ]

[ 2018-06-13T15:25:16+08:00 ] ::1 /biye/index.php/Home/Login/getVerify
INFO: [ app_init ] --START--
INFO: Run Behavior\BuildLiteBehavior [ RunTime:0.000025s ]
INFO: [ app_init ] --END-- [ RunTime:0.000525s ]

[ 2018-06-13T15:25:47+08:00 ] ::1 /biye/index.php/home/Login/index.html
INFO: [ app_init ] --START--
INFO: Run Behavior\BuildLiteBehavior [ RunTime:0.000029s ]
INFO: [ app_init ] --END-- [ RunTime:0.000544s ]

[ 2018-06-13T15:25:48+08:00 ] ::1 /biye/index.php/Home/Login/getVerify
INFO: [ app_init ] --START--
INFO: Run Behavior\BuildLiteBehavior [ RunTime:0.000047s ]
INFO: [ app_init ] --END-- [ RunTime:0.000671s ]

[ 2018-06-13T15:30:30+08:00 ] ::1 /biye/index.php/home/Login/index.html
INFO: [ app_init ] --START--
INFO: Run Behavior\BuildLiteBehavior [ RunTime:0.000026s ]
INFO: [ app_init ] --END-- [ RunTime:0.000471s ]

[ 2018-06-13T15:30:30+08:00 ] ::1 /biye/index.php/Home/Login/getVerify
INFO: [ app_init ] --START--
INFO: Run Behavior\BuildLiteBehavior [ RunTime:0.000069s ]
INFO: [ app_init ] --END-- [ RunTime:0.000724s ]

[ 2018-06-13T15:30:39+08:00 ] ::1 /biye/index.php/home/Login/index.html
INFO: [ app_init ] --START--
INFO: Run Behavior\BuildLiteBehavior [ RunTime:0.000041s ]
INFO: [ app_init ] --END-- [ RunTime:0.000638s ]

[ 2018-06-13T15:31:04+08:00 ] ::1 /biye/index.php/home/Login/index.html
INFO: [ app_init ] --START--
INFO: Run Behavior\BuildLiteBehavior [ RunTime:0.000026s ]
INFO: [ app_init ] --END-- [ RunTime:0.000598s ]

[ 2018-06-13T16:06:14+08:00 ] ::1 /biye/index.php/home/Login/index.html
INFO: [ app_init ] --START--
INFO: Run Behavior\BuildLiteBehavior [ RunTime:0.000023s ]
INFO: [ app_init ] --END-- [ RunTime:0.000476s ]

[ 2018-06-13T16:06:19+08:00 ] ::1 /biye/index.php/home/Login/index.html
INFO: [ app_init ] --START--
INFO: Run Behavior\BuildLiteBehavior [ RunTime:0.000026s ]
INFO: [ app_init ] --END-- [ RunTime:0.000582s ]

[ 2018-06-13T16:06:20+08:00 ] ::1 /biye/index.php/Home/Index/index.html
INFO: [ app_init ] --START--
INFO: Run Behavior\BuildLiteBehavior [ RunTime:0.000034s ]
INFO: [ app_init ] --END-- [ RunTime:0.000793s ]

[ 2018-06-13T16:06:22+08:00 ] ::1 /biye/index.php/Home/Student/index
INFO: [ app_init ] --START--
INFO: Run Behavior\BuildLiteBehavior [ RunTime:0.000028s ]
INFO: [ app_init ] --END-- [ RunTime:0.000630s ]

[ 2018-06-13T16:06:23+08:00 ] ::1 /biye/index.php/Home/Student/editpwd/1540225125
INFO: [ app_init ] --START--
INFO: Run Behavior\BuildLiteBehavior [ RunTime:0.000027s ]
INFO: [ app_init ] --END-- [ RunTime:0.000637s ]

[ 2018-06-13T16:07:05+08:00 ] ::1 /biye/index.php/Home/Student/editpwd
INFO: [ app_init ] --START--
INFO: Run Behavior\BuildLiteBehavior [ RunTime:0.000026s ]
INFO: [ app_init ] --END-- [ RunTime:0.000634s ]

[ 2018-06-13T16:07:08+08:00 ] ::1 /biye/index.php/Home/Student/index.html
INFO: [ app_init ] --START--
INFO: Run Behavior\BuildLiteBehavior [ RunTime:0.000041s ]
INFO: [ app_init ] --END-- [ RunTime:0.000856s ]

[ 2018-06-13T16:07:09+08:00 ] ::1 /biye/index.php/Home/Student/index
INFO: [ app_init ] --START--
INFO: Run Behavior\BuildLiteBehavior [ RunTime:0.000034s ]
INFO: [ app_init ] --END-- [ RunTime:0.000699s ]

[ 2018-06-13T16:07:10+08:00 ] ::1 /biye/index.php/Home/Student/editpwd/1540225125
INFO: [ app_init ] --START--
INFO: Run Behavior\BuildLiteBehavior [ RunTime:0.000027s ]
INFO: [ app_init ] --END-- [ RunTime:0.000565s ]

[ 2018-06-13T16:07:21+08:00 ] ::1 /biye/index.php/Home/Student/editpwd
INFO: [ app_init ] --START--
INFO: Run Behavior\BuildLiteBehavior [ RunTime:0.000028s ]
INFO: [ app_init ] --END-- [ RunTime:0.000634s ]

[ 2018-06-13T16:07:23+08:00 ] ::1 /biye/index.php/Home/Student/index.html
INFO: [ app_init ] --START--
INFO: Run Behavior\BuildLiteBehavior [ RunTime:0.000030s ]
INFO: [ app_init ] --END-- [ RunTime:0.000672s ]

[ 2018-06-13T16:07:24+08:00 ] ::1 /biye/index.php/Home/Student/index
INFO: [ app_init ] --START--
INFO: Run Behavior\BuildLiteBehavior [ RunTime:0.000027s ]
INFO: [ app_init ] --END-- [ RunTime:0.000627s ]

[ 2018-06-13T16:07:25+08:00 ] ::1 /biye/index.php/Home/Student/editpwd/1540225125
INFO: [ app_init ] --START--
INFO: Run Behavior\BuildLiteBehavior [ RunTime:0.000028s ]
INFO: [ app_init ] --END-- [ RunTime:0.000637s ]

[ 2018-06-13T16:08:35+08:00 ] ::1 /biye/index.php/Home/Student/editpwd/1540225125
INFO: [ app_init ] --START--
INFO: Run Behavior\BuildLiteBehavior [ RunTime:0.000027s ]
INFO: [ app_init ] --END-- [ RunTime:0.000555s ]

[ 2018-06-13T17:37:32+08:00 ] ::1 /biye/index.php/Home/Student/editpwd/1540225125
INFO: [ app_init ] --START--
INFO: Run Behavior\BuildLiteBehavior [ RunTime:0.000036s ]
INFO: [ app_init ] --END-- [ RunTime:0.000576s ]

[ 2018-06-13T17:37:37+08:00 ] ::1 /biye/index.php/Home/Student/editpwd
INFO: [ app_init ] --START--
INFO: Run Behavior\BuildLiteBehavior [ RunTime:0.000025s ]
INFO: [ app_init ] --END-- [ RunTime:0.000593s ]

[ 2018-06-13T17:37:38+08:00 ] ::1 /biye/index.php/Home/Student/index.html
INFO: [ app_init ] --START--
INFO: Run Behavior\BuildLiteBehavior [ RunTime:0.000027s ]
INFO: [ app_init ] --END-- [ RunTime:0.000632s ]

[ 2018-06-13T17:37:39+08:00 ] ::1 /biye/index.php/Home/Student/index
INFO: [ app_init ] --START--
INFO: Run Behavior\BuildLiteBehavior [ RunTime:0.000029s ]
INFO: [ app_init ] --END-- [ RunTime:0.000653s ]

[ 2018-06-13T17:37:40+08:00 ] ::1 /biye/index.php/Home/Student/editpwd/1540225125
INFO: [ app_init ] --START--
INFO: Run Behavior\BuildLiteBehavior [ RunTime:0.000029s ]
INFO: [ app_init ] --END-- [ RunTime:0.000681s ]

[ 2018-06-13T17:37:44+08:00 ] ::1 /biye/index.php/Home/Student/editpwd
INFO: [ app_init ] --START--
INFO: Run Behavior\BuildLiteBehavior [ RunTime:0.000038s ]
INFO: [ app_init ] --END-- [ RunTime:0.000566s ]

[ 2018-06-13T17:37:51+08:00 ] ::1 /biye/index.php/Home/Student/editpwd
INFO: [ app_init ] --START--
INFO: Run Behavior\BuildLiteBehavior [ RunTime:0.000040s ]
INFO: [ app_init ] --END-- [ RunTime:0.000960s ]

[ 2018-06-13T17:37:52+08:00 ] ::1 /biye/index.php/Home/Student/index.html
INFO: [ app_init ] --START--
INFO: Run Behavior\BuildLiteBehavior [ RunTime:0.000029s ]
INFO: [ app_init ] --END-- [ RunTime:0.000669s ]

[ 2018-06-13T17:37:54+08:00 ] ::1 /biye/index.php/Home/Student/editpwd/1540225125
INFO: [ app_init ] --START--
INFO: Run Behavior\BuildLiteBehavior [ RunTime:0.000028s ]
INFO: [ app_init ] --END-- [ RunTime:0.000654s ]

[ 2018-06-13T17:37:57+08:00 ] ::1 /biye/index.php/Home/Student/editpwd
INFO: [ app_init ] --START--
INFO: Run Behavior\BuildLiteBehavior [ RunTime:0.000028s ]
INFO: [ app_init ] --END-- [ RunTime:0.000731s ]

[ 2018-06-13T17:37:58+08:00 ] ::1 /biye/index.php/Home/Student/index.html
INFO: [ app_init ] --START--
INFO: Run Behavior\BuildLiteBehavior [ RunTime:0.000101s ]
INFO: [ app_init ] --END-- [ RunTime:0.001905s ]

[ 2018-06-13T17:38:46+08:00 ] ::1 /biye/index.php/Home/Student/index.html
INFO: [ app_init ] --START--
INFO: Run Behavior\BuildLiteBehavior [ RunTime:0.000033s ]
INFO: [ app_init ] --END-- [ RunTime:0.000636s ]

[ 2018-06-13T17:41:22+08:00 ] ::1 /biye/index.php/Home/Student/index
INFO: [ app_init ] --START--
INFO: Run Behavior\BuildLiteBehavior [ RunTime:0.000032s ]
INFO: [ app_init ] --END-- [ RunTime:0.000572s ]

[ 2018-06-13T17:41:23+08:00 ] ::1 /biye/index.php/Home/Grade/index
INFO: [ app_init ] --START--
INFO: Run Behavior\BuildLiteBehavior [ RunTime:0.000031s ]
INFO: [ app_init ] --END-- [ RunTime:0.000567s ]

[ 2018-06-13T17:41:24+08:00 ] ::1 /biye/index.php/Home/Grade/index
INFO: [ app_init ] --START--
INFO: Run Behavior\BuildLiteBehavior [ RunTime:0.000032s ]
INFO: [ app_init ] --END-- [ RunTime:0.000621s ]

[ 2018-06-13T17:41:25+08:00 ] ::1 /biye/index.php/Home/MyTopic/index
INFO: [ app_init ] --START--
INFO: Run Behavior\BuildLiteBehavior [ RunTime:0.000031s ]
INFO: [ app_init ] --END-- [ RunTime:0.000595s ]

[ 2018-06-13T17:41:26+08:00 ] ::1 /biye/index.php/Home/Grade/index
INFO: [ app_init ] --START--
INFO: Run Behavior\BuildLiteBehavior [ RunTime:0.000034s ]
INFO: [ app_init ] --END-- [ RunTime:0.000628s ]

[ 2018-06-13T17:41:33+08:00 ] ::1 /biye/index.php/Home/Topic/index
INFO: [ app_init ] --START--
INFO: Run Behavior\BuildLiteBehavior [ RunTime:0.000049s ]
INFO: [ app_init ] --END-- [ RunTime:0.001062s ]

[ 2018-06-13T17:41:34+08:00 ] ::1 /biye/index.php/Home/Apply/index
INFO: [ app_init ] --START--
INFO: Run Behavior\BuildLiteBehavior [ RunTime:0.000028s ]
INFO: [ app_init ] --END-- [ RunTime:0.000644s ]

[ 2018-06-13T17:41:34+08:00 ] ::1 /biye/index.php/Home/MyTopic/index
INFO: [ app_init ] --START--
INFO: Run Behavior\BuildLiteBehavior [ RunTime:0.000023s ]
INFO: [ app_init ] --END-- [ RunTime:0.000545s ]

[ 2018-06-13T17:41:35+08:00 ] ::1 /biye/index.php/Home/Apply/index
INFO: [ app_init ] --START--
INFO: Run Behavior\BuildLiteBehavior [ RunTime:0.000045s ]
INFO: [ app_init ] --END-- [ RunTime:0.000662s ]

[ 2018-06-13T17:41:36+08:00 ] ::1 /biye/index.php/Home/Topic/index
INFO: [ app_init ] --START--
INFO: Run Behavior\BuildLiteBehavior [ RunTime:0.000028s ]
INFO: [ app_init ] --END-- [ RunTime:0.000671s ]

[ 2018-06-13T17:41:37+08:00 ] ::1 /biye/index.php/Home/Topic/index
INFO: [ app_init ] --START--
INFO: Run Behavior\BuildLiteBehavior [ RunTime:0.000027s ]
INFO: [ app_init ] --END-- [ RunTime:0.000636s ]

[ 2018-06-13T17:41:38+08:00 ] ::1 /biye/index.php/Home/Apply/index
INFO: [ app_init ] --START--
INFO: Run Behavior\BuildLiteBehavior [ RunTime:0.000027s ]
INFO: [ app_init ] --END-- [ RunTime:0.000625s ]

[ 2018-06-13T17:41:39+08:00 ] ::1 /biye/index.php/Home/index/index
INFO: [ app_init ] --START--
INFO: Run Behavior\BuildLiteBehavior [ RunTime:0.000027s ]
INFO: [ app_init ] --END-- [ RunTime:0.000627s ]

[ 2018-06-13T17:41:39+08:00 ] ::1 /biye/index.php/Home/Topic/index
INFO: [ app_init ] --START--
INFO: Run Behavior\BuildLiteBehavior [ RunTime:0.000025s ]
INFO: [ app_init ] --END-- [ RunTime:0.000598s ]

[ 2018-06-13T17:45:42+08:00 ] ::1 /biye/index.php/Home/Login/logout
INFO: [ app_init ] --START--
INFO: Run Behavior\BuildLiteBehavior [ RunTime:0.000028s ]
INFO: [ app_init ] --END-- [ RunTime:0.000584s ]

[ 2018-06-13T17:45:43+08:00 ] ::1 /biye/index.php/Home/Login/index.html
INFO: [ app_init ] --START--
INFO: Run Behavior\BuildLiteBehavior [ RunTime:0.000028s ]
INFO: [ app_init ] --END-- [ RunTime:0.000607s ]

[ 2018-06-13T17:45:48+08:00 ] ::1 /biye/index.php/Home/Login/index.html
INFO: [ app_init ] --START--
INFO: Run Behavior\BuildLiteBehavior [ RunTime:0.000029s ]
INFO: [ app_init ] --END-- [ RunTime:0.000576s ]

[ 2018-06-13T17:45:50+08:00 ] ::1 /biye/index.php/Home/Index/index.html
INFO: [ app_init ] --START--
INFO: Run Behavior\BuildLiteBehavior [ RunTime:0.000045s ]
INFO: [ app_init ] --END-- [ RunTime:0.000979s ]

[ 2018-06-13T17:45:51+08:00 ] ::1 /biye/index.php/Home/Topic/index
INFO: [ app_init ] --START--
INFO: Run Behavior\BuildLiteBehavior [ RunTime:0.000033s ]
INFO: [ app_init ] --END-- [ RunTime:0.000613s ]

[ 2018-06-13T17:47:00+08:00 ] ::1 /biye/index.php/Home/Student/index
INFO: [ app_init ] --START--
INFO: Run Behavior\BuildLiteBehavior [ RunTime:0.000027s ]
INFO: [ app_init ] --END-- [ RunTime:0.000576s ]

[ 2018-06-13T17:47:00+08:00 ] ::1 /biye/index.php/Home/Topic/index
INFO: [ app_init ] --START--
INFO: Run Behavior\BuildLiteBehavior [ RunTime:0.000034s ]
INFO: [ app_init ] --END-- [ RunTime:0.000887s ]

[ 2018-06-13T17:47:01+08:00 ] ::1 /biye/index.php/Home/Apply/index
INFO: [ app_init ] --START--
INFO: Run Behavior\BuildLiteBehavior [ RunTime:0.000025s ]
INFO: [ app_init ] --END-- [ RunTime:0.000509s ]

[ 2018-06-13T17:47:01+08:00 ] ::1 /biye/index.php/Home/MyTopic/index
INFO: [ app_init ] --START--
INFO: Run Behavior\BuildLiteBehavior [ RunTime:0.000033s ]
INFO: [ app_init ] --END-- [ RunTime:0.000527s ]

[ 2018-06-13T17:47:02+08:00 ] ::1 /biye/index.php/Home/Grade/index
INFO: [ app_init ] --START--
INFO: Run Behavior\BuildLiteBehavior [ RunTime:0.000024s ]
INFO: [ app_init ] --END-- [ RunTime:0.000483s ]

[ 2018-06-13T17:47:02+08:00 ] ::1 /biye/index.php/Home/Student/index
INFO: [ app_init ] --START--
INFO: Run Behavior\BuildLiteBehavior [ RunTime:0.000034s ]
INFO: [ app_init ] --END-- [ RunTime:0.000993s ]

[ 2018-06-13T17:47:03+08:00 ] ::1 /biye/index.php/Home/Grade/index
INFO: [ app_init ] --START--
INFO: Run Behavior\BuildLiteBehavior [ RunTime:0.000042s ]
INFO: [ app_init ] --END-- [ RunTime:0.000792s ]

[ 2018-06-13T17:47:03+08:00 ] ::1 /biye/index.php/Home/MyTopic/index
INFO: [ app_init ] --START--
INFO: Run Behavior\BuildLiteBehavior [ RunTime:0.000025s ]
INFO: [ app_init ] --END-- [ RunTime:0.000517s ]

[ 2018-06-13T17:47:05+08:00 ] ::1 /biye/index.php/Home/Login/logout
INFO: [ app_init ] --START--
INFO: Run Behavior\BuildLiteBehavior [ RunTime:0.000026s ]
INFO: [ app_init ] --END-- [ RunTime:0.000479s ]

[ 2018-06-13T17:47:06+08:00 ] ::1 /biye/index.php/Home/Login/index.html
INFO: [ app_init ] --START--
INFO: Run Behavior\BuildLiteBehavior [ RunTime:0.000041s ]
INFO: [ app_init ] --END-- [ RunTime:0.000783s ]

[ 2018-06-13T17:47:12+08:00 ] ::1 /biye/index.php/Home/Login/index.html
INFO: [ app_init ] --START--
INFO: Run Behavior\BuildLiteBehavior [ RunTime:0.000027s ]
INFO: [ app_init ] --END-- [ RunTime:0.000486s ]

[ 2018-06-13T17:47:13+08:00 ] ::1 /biye/index.php/Home/Index/index.html
INFO: [ app_init ] --START--
INFO: Run Behavior\BuildLiteBehavior [ RunTime:0.000083s ]
INFO: [ app_init ] --END-- [ RunTime:0.001669s ]

[ 2018-06-13T17:47:14+08:00 ] ::1 /biye/index.php/Home/Topic/index
INFO: [ app_init ] --START--
INFO: Run Behavior\BuildLiteBehavior [ RunTime:0.000031s ]
INFO: [ app_init ] --END-- [ RunTime:0.000592s ]

[ 2018-06-13T17:47:15+08:00 ] ::1 /biye/index.php/Home/Apply/index
INFO: [ app_init ] --START--
INFO: Run Behavior\BuildLiteBehavior [ RunTime:0.000031s ]
INFO: [ app_init ] --END-- [ RunTime:0.000585s ]

[ 2018-06-13T17:47:15+08:00 ] ::1 /biye/index.php/Home/MyTopic/index
INFO: [ app_init ] --START--
INFO: Run Behavior\BuildLiteBehavior [ RunTime:0.000029s ]
INFO: [ app_init ] --END-- [ RunTime:0.000507s ]

[ 2018-06-13T17:47:16+08:00 ] ::1 /biye/index.php/Home/Grade/index
INFO: [ app_init ] --START--
INFO: Run Behavior\BuildLiteBehavior [ RunTime:0.000026s ]
INFO: [ app_init ] --END-- [ RunTime:0.000478s ]

[ 2018-06-13T17:47:16+08:00 ] ::1 /biye/index.php/Home/Student/index
INFO: [ app_init ] --START--
INFO: Run Behavior\BuildLiteBehavior [ RunTime:0.000026s ]
INFO: [ app_init ] --END-- [ RunTime:0.000488s ]

[ 2018-06-13T17:47:17+08:00 ] ::1 /biye/index.php/Home/Grade/index
INFO: [ app_init ] --START--
INFO: Run Behavior\BuildLiteBehavior [ RunTime:0.000034s ]
INFO: [ app_init ] --END-- [ RunTime:0.000854s ]

[ 2018-06-13T17:47:17+08:00 ] ::1 /biye/index.php/Home/MyTopic/index
INFO: [ app_init ] --START--
INFO: Run Behavior\BuildLiteBehavior [ RunTime:0.000054s ]
INFO: [ app_init ] --END-- [ RunTime:0.000653s ]

[ 2018-06-13T17:47:17+08:00 ] ::1 /biye/index.php/Home/Apply/index
INFO: [ app_init ] --START--
INFO: Run Behavior\BuildLiteBehavior [ RunTime:0.000032s ]
INFO: [ app_init ] --END-- [ RunTime:0.000601s ]

[ 2018-06-13T17:47:18+08:00 ] ::1 /biye/index.php/Home/Topic/index
INFO: [ app_init ] --START--
INFO: Run Behavior\BuildLiteBehavior [ RunTime:0.000026s ]
INFO: [ app_init ] --END-- [ RunTime:0.000478s ]

[ 2018-06-13T17:49:26+08:00 ] ::1 /biye/index.php/Home/Student/index
INFO: [ app_init ] --START--
INFO: Run Behavior\BuildLiteBehavior [ RunTime:0.000034s ]
INFO: [ app_init ] --END-- [ RunTime:0.000647s ]

[ 2018-06-13T17:49:27+08:00 ] ::1 /biye/index.php/Home/Student/editpwd/1540225125
INFO: [ app_init ] --START--
INFO: Run Behavior\BuildLiteBehavior [ RunTime:0.000032s ]
INFO: [ app_init ] --END-- [ RunTime:0.000597s ]

[ 2018-06-13T17:49:31+08:00 ] ::1 /biye/index.php/Home/Student/editpwd
INFO: [ app_init ] --START--
INFO: Run Behavior\BuildLiteBehavior [ RunTime:0.000042s ]
INFO: [ app_init ] --END-- [ RunTime:0.000660s ]

[ 2018-06-13T17:49:37+08:00 ] ::1 /biye/index.php/Home/Student/editpwd
INFO: [ app_init ] --START--
INFO: Run Behavior\BuildLiteBehavior [ RunTime:0.000031s ]
INFO: [ app_init ] --END-- [ RunTime:0.000581s ]

[ 2018-06-13T17:49:38+08:00 ] ::1 /biye/index.php/Home/Student/index.html
INFO: [ app_init ] --START--
INFO: Run Behavior\BuildLiteBehavior [ RunTime:0.000032s ]
INFO: [ app_init ] --END-- [ RunTime:0.000597s ]

[ 2018-06-13T17:49:40+08:00 ] ::1 /biye/index.php/Home/Student/editpwd/1540225125
INFO: [ app_init ] --START--
INFO: Run Behavior\BuildLiteBehavior [ RunTime:0.000040s ]
INFO: [ app_init ] --END-- [ RunTime:0.000920s ]

[ 2018-06-13T17:49:44+08:00 ] ::1 /biye/index.php/Home/Student/editpwd
INFO: [ app_init ] --START--
INFO: Run Behavior\BuildLiteBehavior [ RunTime:0.000026s ]
INFO: [ app_init ] --END-- [ RunTime:0.000478s ]

[ 2018-06-13T17:49:45+08:00 ] ::1 /biye/index.php/Home/Student/index.html
INFO: [ app_init ] --START--
INFO: Run Behavior\BuildLiteBehavior [ RunTime:0.000029s ]
INFO: [ app_init ] --END-- [ RunTime:0.000561s ]

[ 2018-06-13T17:50:22+08:00 ] ::1 /biye/index.php/Home/Login/logout
INFO: [ app_init ] --START--
INFO: Run Behavior\BuildLiteBehavior [ RunTime:0.000027s ]
INFO: [ app_init ] --END-- [ RunTime:0.000577s ]

[ 2018-06-13T17:50:23+08:00 ] ::1 /biye/index.php/Home/Login/index.html
INFO: [ app_init ] --START--
INFO: Run Behavior\BuildLiteBehavior [ RunTime:0.000042s ]
INFO: [ app_init ] --END-- [ RunTime:0.000895s ]

[ 2018-06-13T18:28:32+08:00 ] ::1 /biye/index.php/home/Login/index.html
INFO: [ app_init ] --START--
INFO: Run Behavior\BuildLiteBehavior [ RunTime:0.000027s ]
INFO: [ app_init ] --END-- [ RunTime:0.000548s ]

[ 2018-06-13T18:28:36+08:00 ] ::1 /biye/index.php/home/Login/index.html
INFO: [ app_init ] --START--
INFO: Run Behavior\BuildLiteBehavior [ RunTime:0.000028s ]
INFO: [ app_init ] --END-- [ RunTime:0.000573s ]

[ 2018-06-13T18:28:37+08:00 ] ::1 /biye/index.php/Home/Index/index.html
INFO: [ app_init ] --START--
INFO: Run Behavior\BuildLiteBehavior [ RunTime:0.000026s ]
INFO: [ app_init ] --END-- [ RunTime:0.000499s ]

[ 2018-06-13T18:28:39+08:00 ] ::1 /biye/index.php/Home/Student/index
INFO: [ app_init ] --START--
INFO: Run Behavior\BuildLiteBehavior [ RunTime:0.000027s ]
INFO: [ app_init ] --END-- [ RunTime:0.000557s ]

[ 2018-06-13T18:28:40+08:00 ] ::1 /biye/index.php/Home/Student/editpwd/1540225125
INFO: [ app_init ] --START--
INFO: Run Behavior\BuildLiteBehavior [ RunTime:0.000029s ]
INFO: [ app_init ] --END-- [ RunTime:0.000860s ]

[ 2018-06-13T18:28:56+08:00 ] ::1 /biye/index.php/Home/Student/editpwd/1540225125
INFO: [ app_init ] --START--
INFO: Run Behavior\BuildLiteBehavior [ RunTime:0.000028s ]
INFO: [ app_init ] --END-- [ RunTime:0.000575s ]

[ 2018-06-13T18:30:25+08:00 ] ::1 /biye/index.php/Home/Student/editpwd/1540225125
INFO: [ app_init ] --START--
INFO: Run Behavior\BuildLiteBehavior [ RunTime:0.000026s ]
INFO: [ app_init ] --END-- [ RunTime:0.000553s ]

[ 2018-06-13T18:30:41+08:00 ] ::1 /biye/index.php/Home/Student/editpwd
INFO: [ app_init ] --START--
INFO: Run Behavior\BuildLiteBehavior [ RunTime:0.000034s ]
INFO: [ app_init ] --END-- [ RunTime:0.000503s ]

[ 2018-06-13T18:30:55+08:00 ] ::1 /biye/index.php/Home/Student/editpwd
INFO: [ app_init ] --START--
INFO: Run Behavior\BuildLiteBehavior [ RunTime:0.000029s ]
INFO: [ app_init ] --END-- [ RunTime:0.000578s ]

[ 2018-06-13T18:30:56+08:00 ] ::1 /biye/index.php/Home/Student/index.html
INFO: [ app_init ] --START--
INFO: Run Behavior\BuildLiteBehavior [ RunTime:0.000044s ]
INFO: [ app_init ] --END-- [ RunTime:0.000962s ]

[ 2018-06-13T18:30:58+08:00 ] ::1 /biye/index.php/Home/Student/editpwd/1540225125
INFO: [ app_init ] --START--
INFO: Run Behavior\BuildLiteBehavior [ RunTime:0.000027s ]
INFO: [ app_init ] --END-- [ RunTime:0.000555s ]

[ 2018-06-13T18:31:03+08:00 ] ::1 /biye/index.php/Home/Student/editpwd
INFO: [ app_init ] --START--
INFO: Run Behavior\BuildLiteBehavior [ RunTime:0.000024s ]
INFO: [ app_init ] --END-- [ RunTime:0.000502s ]

[ 2018-06-13T18:31:11+08:00 ] ::1 /biye/index.php/Home/Student/editpwd
INFO: [ app_init ] --START--
INFO: Run Behavior\BuildLiteBehavior [ RunTime:0.000028s ]
INFO: [ app_init ] --END-- [ RunTime:0.000557s ]

[ 2018-06-13T18:31:19+08:00 ] ::1 /biye/index.php/Home/Student/editpwd
INFO: [ app_init ] --START--
INFO: Run Behavior\BuildLiteBehavior [ RunTime:0.000031s ]
INFO: [ app_init ] --END-- [ RunTime:0.000698s ]

[ 2018-06-13T18:31:20+08:00 ] ::1 /biye/index.php/Home/Student/index.html
INFO: [ app_init ] --START--
INFO: Run Behavior\BuildLiteBehavior [ RunTime:0.000040s ]
INFO: [ app_init ] --END-- [ RunTime:0.000812s ]

[ 2018-06-13T18:33:46+08:00 ] ::1 /biye/index.php/Home/Student/index.html
INFO: [ app_init ] --START--
INFO: Run Behavior\BuildLiteBehavior [ RunTime:0.000027s ]
INFO: [ app_init ] --END-- [ RunTime:0.000555s ]

[ 2018-06-13T18:33:48+08:00 ] ::1 /biye/index.php/Home/Login/logout
INFO: [ app_init ] --START--
INFO: Run Behavior\BuildLiteBehavior [ RunTime:0.000031s ]
INFO: [ app_init ] --END-- [ RunTime:0.000596s ]

[ 2018-06-13T18:33:49+08:00 ] ::1 /biye/index.php/Home/Login/index.html
INFO: [ app_init ] --START--
INFO: Run Behavior\BuildLiteBehavior [ RunTime:0.000057s ]
INFO: [ app_init ] --END-- [ RunTime:0.001083s ]

[ 2018-06-13T19:58:57+08:00 ] ::1 /biye/index.php/home/Login/index.html
INFO: [ app_init ] --START--
INFO: Run Behavior\BuildLiteBehavior [ RunTime:0.000032s ]
INFO: [ app_init ] --END-- [ RunTime:0.000583s ]

[ 2018-06-13T19:58:59+08:00 ] ::1 /biye/index.php/home/Login/index.html
INFO: [ app_init ] --START--
INFO: Run Behavior\BuildLiteBehavior [ RunTime:0.000028s ]
INFO: [ app_init ] --END-- [ RunTime:0.000568s ]

[ 2018-06-13T19:59:00+08:00 ] ::1 /biye/index.php/Home/Index/index.html
INFO: [ app_init ] --START--
INFO: Run Behavior\BuildLiteBehavior [ RunTime:0.000021s ]
INFO: [ app_init ] --END-- [ RunTime:0.000430s ]

[ 2018-06-13T19:59:01+08:00 ] ::1 /biye/index.php/Home/Apply/index
INFO: [ app_init ] --START--
INFO: Run Behavior\BuildLiteBehavior [ RunTime:0.000021s ]
INFO: [ app_init ] --END-- [ RunTime:0.000423s ]

[ 2018-06-13T19:59:02+08:00 ] ::1 /biye/index.php/Home/MyTopic/index
INFO: [ app_init ] --START--
INFO: Run Behavior\BuildLiteBehavior [ RunTime:0.000021s ]
INFO: [ app_init ] --END-- [ RunTime:0.000431s ]

[ 2018-06-13T19:59:03+08:00 ] ::1 /biye/index.php/Home/Grade/index
INFO: [ app_init ] --START--
INFO: Run Behavior\BuildLiteBehavior [ RunTime:0.000034s ]
INFO: [ app_init ] --END-- [ RunTime:0.000635s ]

[ 2018-06-13T19:59:03+08:00 ] ::1 /biye/index.php/Home/MyTopic/index
INFO: [ app_init ] --START--
INFO: Run Behavior\BuildLiteBehavior [ RunTime:0.000020s ]
INFO: [ app_init ] --END-- [ RunTime:0.000417s ]

[ 2018-06-13T20:01:34+08:00 ] ::1 /biye/index.php/Home/Apply/index
INFO: [ app_init ] --START--
INFO: Run Behavior\BuildLiteBehavior [ RunTime:0.000025s ]
INFO: [ app_init ] --END-- [ RunTime:0.000432s ]

[ 2018-06-13T20:02:42+08:00 ] ::1 /biye/index.php/Home/Apply/index
INFO: [ app_init ] --START--
INFO: Run Behavior\BuildLiteBehavior [ RunTime:0.000029s ]
INFO: [ app_init ] --END-- [ RunTime:0.000565s ]

[ 2018-06-13T20:03:07+08:00 ] ::1 /biye/index.php/Home/Apply/index
INFO: [ app_init ] --START--
INFO: Run Behavior\BuildLiteBehavior [ RunTime:0.000020s ]
INFO: [ app_init ] --END-- [ RunTime:0.000408s ]

[ 2018-06-13T20:03:19+08:00 ] ::1 /biye/index.php/Home/Apply/index
INFO: [ app_init ] --START--
INFO: Run Behavior\BuildLiteBehavior [ RunTime:0.000030s ]
INFO: [ app_init ] --END-- [ RunTime:0.000561s ]

[ 2018-06-13T20:03:26+08:00 ] ::1 /biye/index.php/Home/Apply/topic/Tnum/1090
INFO: [ app_init ] --START--
INFO: Run Behavior\BuildLiteBehavior [ RunTime:0.000021s ]
INFO: [ app_init ] --END-- [ RunTime:0.000448s ]

[ 2018-06-13T20:03:28+08:00 ] ::1 /biye/index.php/Home/Apply/topic
INFO: [ app_init ] --START--
INFO: Run Behavior\BuildLiteBehavior [ RunTime:0.000028s ]
INFO: [ app_init ] --END-- [ RunTime:0.000561s ]

[ 2018-06-13T20:03:29+08:00 ] ::1 /biye/index.php/Home/topic/index.html
INFO: [ app_init ] --START--
INFO: Run Behavior\BuildLiteBehavior [ RunTime:0.000024s ]
INFO: [ app_init ] --END-- [ RunTime:0.000446s ]

[ 2018-06-13T20:03:34+08:00 ] ::1 /biye/index.php/Home/Apply/index
INFO: [ app_init ] --START--
INFO: Run Behavior\BuildLiteBehavior [ RunTime:0.000028s ]
INFO: [ app_init ] --END-- [ RunTime:0.000551s ]

[ 2018-06-13T20:04:04+08:00 ] ::1 /biye/index.php/Home/Apply/topic/Tnum/1813
INFO: [ app_init ] --START--
INFO: Run Behavior\BuildLiteBehavior [ RunTime:0.000029s ]
INFO: [ app_init ] --END-- [ RunTime:0.000559s ]

[ 2018-06-13T20:04:07+08:00 ] ::1 /biye/index.php/Home/Apply/topic
INFO: [ app_init ] --START--
INFO: Run Behavior\BuildLiteBehavior [ RunTime:0.000022s ]
INFO: [ app_init ] --END-- [ RunTime:0.000447s ]

[ 2018-06-13T20:04:08+08:00 ] ::1 /biye/index.php/Home/topic/index.html
INFO: [ app_init ] --START--
INFO: Run Behavior\BuildLiteBehavior [ RunTime:0.000037s ]
INFO: [ app_init ] --END-- [ RunTime:0.000714s ]

[ 2018-06-13T20:04:35+08:00 ] ::1 /biye/index.php/Home/Topic/index
INFO: [ app_init ] --START--
INFO: Run Behavior\BuildLiteBehavior [ RunTime:0.000030s ]
INFO: [ app_init ] --END-- [ RunTime:0.000568s ]

[ 2018-06-13T20:04:39+08:00 ] ::1 /biye/index.php/Home/Topic/topicxx/Cnum/1844
INFO: [ app_init ] --START--
INFO: Run Behavior\BuildLiteBehavior [ RunTime:0.000028s ]
INFO: [ app_init ] --END-- [ RunTime:0.000562s ]

[ 2018-06-13T20:04:42+08:00 ] ::1 /biye/index.php/Home/Topic/index
INFO: [ app_init ] --START--
INFO: Run Behavior\BuildLiteBehavior [ RunTime:0.000028s ]
INFO: [ app_init ] --END-- [ RunTime:0.000561s ]

[ 2018-06-13T20:04:43+08:00 ] ::1 /biye/index.php/Home/Apply/index
INFO: [ app_init ] --START--
INFO: Run Behavior\BuildLiteBehavior [ RunTime:0.000031s ]
INFO: [ app_init ] --END-- [ RunTime:0.000592s ]

[ 2018-06-13T20:04:44+08:00 ] ::1 /biye/index.php/Home/MyTopic/index
INFO: [ app_init ] --START--
INFO: Run Behavior\BuildLiteBehavior [ RunTime:0.000028s ]
INFO: [ app_init ] --END-- [ RunTime:0.000561s ]

[ 2018-06-13T20:04:47+08:00 ] ::1 /biye/index.php/Home/Topic/index
INFO: [ app_init ] --START--
INFO: Run Behavior\BuildLiteBehavior [ RunTime:0.000028s ]
INFO: [ app_init ] --END-- [ RunTime:0.000548s ]

[ 2018-06-13T20:04:48+08:00 ] ::1 /biye/index.php/Home/Apply/index
INFO: [ app_init ] --START--
INFO: Run Behavior\BuildLiteBehavior [ RunTime:0.000042s ]
INFO: [ app_init ] --END-- [ RunTime:0.000701s ]

[ 2018-06-13T20:04:51+08:00 ] ::1 /biye/index.php/Home/Apply/topic/Tnum/1585
INFO: [ app_init ] --START--
INFO: Run Behavior\BuildLiteBehavior [ RunTime:0.000027s ]
INFO: [ app_init ] --END-- [ RunTime:0.000543s ]

[ 2018-06-13T20:04:53+08:00 ] ::1 /biye/index.php/Home/Apply/topic
INFO: [ app_init ] --START--
INFO: Run Behavior\BuildLiteBehavior [ RunTime:0.000027s ]
INFO: [ app_init ] --END-- [ RunTime:0.000549s ]

[ 2018-06-13T20:04:54+08:00 ] ::1 /biye/index.php/Home/topic/index.html
INFO: [ app_init ] --START--
INFO: Run Behavior\BuildLiteBehavior [ RunTime:0.000047s ]
INFO: [ app_init ] --END-- [ RunTime:0.000941s ]

[ 2018-06-13T20:04:55+08:00 ] ::1 /biye/index.php/Home/Apply/index
INFO: [ app_init ] --START--
INFO: Run Behavior\BuildLiteBehavior [ RunTime:0.000023s ]
INFO: [ app_init ] --END-- [ RunTime:0.000436s ]

[ 2018-06-13T20:04:57+08:00 ] ::1 /biye/index.php/Home/Topic/index
INFO: [ app_init ] --START--
INFO: Run Behavior\BuildLiteBehavior [ RunTime:0.000029s ]
INFO: [ app_init ] --END-- [ RunTime:0.000592s ]

[ 2018-06-13T20:04:59+08:00 ] ::1 /biye/index.php/Home/MyTopic/index
INFO: [ app_init ] --START--
INFO: Run Behavior\BuildLiteBehavior [ RunTime:0.000028s ]
INFO: [ app_init ] --END-- [ RunTime:0.000565s ]

[ 2018-06-13T20:05:01+08:00 ] ::1 /biye/index.php/Home/Topic/index
INFO: [ app_init ] --START--
INFO: Run Behavior\BuildLiteBehavior [ RunTime:0.000052s ]
INFO: [ app_init ] --END-- [ RunTime:0.000843s ]

[ 2018-06-13T20:05:10+08:00 ] ::1 /biye/index.php/Home/Topic/index
INFO: [ app_init ] --START--
INFO: Run Behavior\BuildLiteBehavior [ RunTime:0.000021s ]
INFO: [ app_init ] --END-- [ RunTime:0.000419s ]

[ 2018-06-13T20:05:12+08:00 ] ::1 /biye/index.php/Home/Apply/index
INFO: [ app_init ] --START--
INFO: Run Behavior\BuildLiteBehavior [ RunTime:0.000023s ]
INFO: [ app_init ] --END-- [ RunTime:0.000466s ]

[ 2018-06-13T20:05:14+08:00 ] ::1 /biye/index.php/Home/Topic/index
INFO: [ app_init ] --START--
INFO: Run Behavior\BuildLiteBehavior [ RunTime:0.000024s ]
INFO: [ app_init ] --END-- [ RunTime:0.000435s ]

[ 2018-06-13T20:05:15+08:00 ] ::1 /biye/index.php/Home/Apply/index
INFO: [ app_init ] --START--
INFO: Run Behavior\BuildLiteBehavior [ RunTime:0.000025s ]
INFO: [ app_init ] --END-- [ RunTime:0.000437s ]

[ 2018-06-13T20:05:16+08:00 ] ::1 /biye/index.php/Home/Topic/index
INFO: [ app_init ] --START--
INFO: Run Behavior\BuildLiteBehavior [ RunTime:0.000033s ]
INFO: [ app_init ] --END-- [ RunTime:0.000571s ]

[ 2018-06-13T20:05:19+08:00 ] ::1 /biye/index.php/Home/Apply/index
INFO: [ app_init ] --START--
INFO: Run Behavior\BuildLiteBehavior [ RunTime:0.000029s ]
INFO: [ app_init ] --END-- [ RunTime:0.000554s ]

[ 2018-06-13T20:05:22+08:00 ] ::1 /biye/index.php/Home/Topic/index
INFO: [ app_init ] --START--
INFO: Run Behavior\BuildLiteBehavior [ RunTime:0.000029s ]
INFO: [ app_init ] --END-- [ RunTime:0.000552s ]

[ 2018-06-13T20:05:26+08:00 ] ::1 /biye/index.php/Home/Topic/topicxx/Cnum/1843
INFO: [ app_init ] --START--
INFO: Run Behavior\BuildLiteBehavior [ RunTime:0.000028s ]
INFO: [ app_init ] --END-- [ RunTime:0.000567s ]

[ 2018-06-13T20:05:29+08:00 ] ::1 /biye/index.php/Home/Apply/index
INFO: [ app_init ] --START--
INFO: Run Behavior\BuildLiteBehavior [ RunTime:0.000028s ]
INFO: [ app_init ] --END-- [ RunTime:0.000548s ]

[ 2018-06-13T20:05:35+08:00 ] ::1 /biye/index.php/Home/Apply/index
INFO: [ app_init ] --START--
INFO: Run Behavior\BuildLiteBehavior [ RunTime:0.000028s ]
INFO: [ app_init ] --END-- [ RunTime:0.000544s ]

[ 2018-06-13T20:05:38+08:00 ] ::1 /biye/index.php/Home/Apply/topic/Tnum/1813
INFO: [ app_init ] --START--
INFO: Run Behavior\BuildLiteBehavior [ RunTime:0.000029s ]
INFO: [ app_init ] --END-- [ RunTime:0.000554s ]

[ 2018-06-13T20:06:13+08:00 ] ::1 /biye/index.php/Home/Topic/index
INFO: [ app_init ] --START--
INFO: Run Behavior\BuildLiteBehavior [ RunTime:0.000022s ]
INFO: [ app_init ] --END-- [ RunTime:0.000491s ]

[ 2018-06-13T20:07:40+08:00 ] ::1 /biye/index.php/Home/Topic/index
INFO: [ app_init ] --START--
INFO: Run Behavior\BuildLiteBehavior [ RunTime:0.000028s ]
INFO: [ app_init ] --END-- [ RunTime:0.000562s ]

[ 2018-06-13T20:07:41+08:00 ] ::1 /biye/index.php/Home/Topic/index
INFO: [ app_init ] --START--
INFO: Run Behavior\BuildLiteBehavior [ RunTime:0.000041s ]
INFO: [ app_init ] --END-- [ RunTime:0.000727s ]

[ 2018-06-13T20:07:42+08:00 ] ::1 /biye/index.php/Home/Topic/Apply/topic/Tnum/1813
INFO: [ app_init ] --START--
INFO: Run Behavior\BuildLiteBehavior [ RunTime:0.000031s ]
INFO: [ app_init ] --END-- [ RunTime:0.000594s ]
ERR: 非法操作:Apply

[ 2018-06-13T20:07:58+08:00 ] ::1 /biye/index.php/Home/Topic/Apply/topic/Tnum/1813
INFO: [ app_init ] --START--
INFO: Run Behavior\BuildLiteBehavior [ RunTime:0.000028s ]
INFO: [ app_init ] --END-- [ RunTime:0.000562s ]
ERR: 非法操作:Apply

[ 2018-06-13T20:07:59+08:00 ] ::1 /biye/index.php/Home/Topic/index
INFO: [ app_init ] --START--
INFO: Run Behavior\BuildLiteBehavior [ RunTime:0.000030s ]
INFO: [ app_init ] --END-- [ RunTime:0.000584s ]

[ 2018-06-13T20:08:04+08:00 ] ::1 /biye/index.php/Home/Apply/topic/Tnum/1813
INFO: [ app_init ] --START--
INFO: Run Behavior\BuildLiteBehavior [ RunTime:0.000022s ]
INFO: [ app_init ] --END-- [ RunTime:0.000426s ]

[ 2018-06-13T20:08:08+08:00 ] ::1 /biye/index.php/Home/Apply/topic/Tnum/1813
INFO: [ app_init ] --START--
INFO: Run Behavior\BuildLiteBehavior [ RunTime:0.000044s ]
INFO: [ app_init ] --END-- [ RunTime:0.000862s ]

[ 2018-06-13T20:08:10+08:00 ] ::1 /biye/index.php/Home/Apply/topic/Tnum/1813
INFO: [ app_init ] --START--
INFO: Run Behavior\BuildLiteBehavior [ RunTime:0.000026s ]
INFO: [ app_init ] --END-- [ RunTime:0.000437s ]

[ 2018-06-13T20:08:20+08:00 ] ::1 /biye/index.php/Home/Apply/topic/Tnum/1813
INFO: [ app_init ] --START--
INFO: Run Behavior\BuildLiteBehavior [ RunTime:0.000026s ]
INFO: [ app_init ] --END-- [ RunTime:0.000551s ]

[ 2018-06-13T20:08:22+08:00 ] ::1 /biye/index.php/Home/Topic/index
INFO: [ app_init ] --START--
INFO: Run Behavior\BuildLiteBehavior [ RunTime:0.000020s ]
INFO: [ app_init ] --END-- [ RunTime:0.000426s ]

[ 2018-06-13T20:08:24+08:00 ] ::1 /biye/index.php/Home/MyTopic/index
INFO: [ app_init ] --START--
INFO: Run Behavior\BuildLiteBehavior [ RunTime:0.000022s ]
INFO: [ app_init ] --END-- [ RunTime:0.000452s ]

[ 2018-06-13T20:08:33+08:00 ] ::1 /biye/index.php/Home/MyTopic/index
INFO: [ app_init ] --START--
INFO: Run Behavior\BuildLiteBehavior [ RunTime:0.000027s ]
INFO: [ app_init ] --END-- [ RunTime:0.000561s ]

[ 2018-06-13T20:09:03+08:00 ] ::1 /biye/index.php/Home/Topic/index
INFO: [ app_init ] --START--
INFO: Run Behavior\BuildLiteBehavior [ RunTime:0.000022s ]
INFO: [ app_init ] --END-- [ RunTime:0.000430s ]

[ 2018-06-13T20:09:40+08:00 ] ::1 /biye/index.php/Home/Topic/index
INFO: [ app_init ] --START--
INFO: Run Behavior\BuildLiteBehavior [ RunTime:0.000023s ]
INFO: [ app_init ] --END-- [ RunTime:0.000667s ]

[ 2018-06-13T20:09:43+08:00 ] ::1 /biye/index.php/Home/Apply/index
INFO: [ app_init ] --START--
INFO: Run Behavior\BuildLiteBehavior [ RunTime:0.000031s ]
INFO: [ app_init ] --END-- [ RunTime:0.000881s ]

[ 2018-06-13T20:09:44+08:00 ] ::1 /biye/index.php/Home/MyTopic/index
INFO: [ app_init ] --START--
INFO: Run Behavior\BuildLiteBehavior [ RunTime:0.000045s ]
INFO: [ app_init ] --END-- [ RunTime:0.001239s ]

[ 2018-06-13T20:09:49+08:00 ] ::1 /biye/index.php/Home/Topic/index
INFO: [ app_init ] --START--
INFO: Run Behavior\BuildLiteBehavior [ RunTime:0.000028s ]
INFO: [ app_init ] --END-- [ RunTime:0.000839s ]

[ 2018-06-13T20:09:53+08:00 ] ::1 /biye/index.php/Home/Apply/topic/Tnum/1813
INFO: [ app_init ] --START--
INFO: Run Behavior\BuildLiteBehavior [ RunTime:0.000021s ]
INFO: [ app_init ] --END-- [ RunTime:0.000634s ]

[ 2018-06-13T20:09:57+08:00 ] ::1 /biye/index.php/Home/Apply/topic
INFO: [ app_init ] --START--
INFO: Run Behavior\BuildLiteBehavior [ RunTime:0.000022s ]
INFO: [ app_init ] --END-- [ RunTime:0.000797s ]

[ 2018-06-13T20:10:00+08:00 ] ::1 /biye/index.php/Home/topic/index.html
INFO: [ app_init ] --START--
INFO: Run Behavior\BuildLiteBehavior [ RunTime:0.000030s ]
INFO: [ app_init ] --END-- [ RunTime:0.000733s ]

[ 2018-06-13T20:10:27+08:00 ] ::1 /biye/index.php/Home/topic/index.html
INFO: [ app_init ] --START--
INFO: Run Behavior\BuildLiteBehavior [ RunTime:0.000028s ]
INFO: [ app_init ] --END-- [ RunTime:0.000839s ]

[ 2018-06-13T20:10:29+08:00 ] ::1 /biye/index.php/Home/MyTopic/index
INFO: [ app_init ] --START--
INFO: Run Behavior\BuildLiteBehavior [ RunTime:0.000022s ]
INFO: [ app_init ] --END-- [ RunTime:0.000661s ]

[ 2018-06-13T20:10:30+08:00 ] ::1 /biye/index.php/Home/MyTopic/index
INFO: [ app_init ] --START--
INFO: Run Behavior\BuildLiteBehavior [ RunTime:0.000027s ]
INFO: [ app_init ] --END-- [ RunTime:0.000884s ]

[ 2018-06-13T20:10:31+08:00 ] ::1 /biye/index.php/Home/MyTopic/index
INFO: [ app_init ] --START--
INFO: Run Behavior\BuildLiteBehavior [ RunTime:0.000023s ]
INFO: [ app_init ] --END-- [ RunTime:0.000788s ]

[ 2018-06-13T20:10:34+08:00 ] ::1 /biye/index.php/Home/Topic/index
INFO: [ app_init ] --START--
INFO: Run Behavior\BuildLiteBehavior [ RunTime:0.000021s ]
INFO: [ app_init ] --END-- [ RunTime:0.000651s ]

[ 2018-06-13T20:10:37+08:00 ] ::1 /biye/index.php/Home/Apply/topic/Tnum/1813
INFO: [ app_init ] --START--
INFO: Run Behavior\BuildLiteBehavior [ RunTime:0.000020s ]
INFO: [ app_init ] --END-- [ RunTime:0.000652s ]

[ 2018-06-13T20:10:39+08:00 ] ::1 /biye/index.php/Home/Apply/topic
INFO: [ app_init ] --START--
INFO: Run Behavior\BuildLiteBehavior [ RunTime:0.000028s ]
INFO: [ app_init ] --END-- [ RunTime:0.000849s ]

[ 2018-06-13T20:10:41+08:00 ] ::1 /biye/index.php/Home/topic/index.html
INFO: [ app_init ] --START--
INFO: Run Behavior\BuildLiteBehavior [ RunTime:0.000023s ]
INFO: [ app_init ] --END-- [ RunTime:0.000658s ]

[ 2018-06-13T20:12:06+08:00 ] ::1 /biye/index.php/Home/topic/index.html
INFO: [ app_init ] --START--
INFO: Run Behavior\BuildLiteBehavior [ RunTime:0.000028s ]
INFO: [ app_init ] --END-- [ RunTime:0.000727s ]

[ 2018-06-13T20:12:08+08:00 ] ::1 /biye/index.php/Home/Apply/topic/Tnum/1813
INFO: [ app_init ] --START--
INFO: Run Behavior\BuildLiteBehavior [ RunTime:0.000027s ]
INFO: [ app_init ] --END-- [ RunTime:0.000738s ]

[ 2018-06-13T20:12:12+08:00 ] ::1 /biye/index.php/Home/Apply/topic/Tnum/1813
INFO: [ app_init ] --START--
INFO: Run Behavior\BuildLiteBehavior [ RunTime:0.000028s ]
INFO: [ app_init ] --END-- [ RunTime:0.000640s ]

[ 2018-06-13T20:12:41+08:00 ] ::1 /biye/index.php/Home/topic/index.html
INFO: [ app_init ] --START--
INFO: Run Behavior\BuildLiteBehavior [ RunTime:0.000027s ]
INFO: [ app_init ] --END-- [ RunTime:0.000601s ]

[ 2018-06-13T20:13:20+08:00 ] ::1 /biye/index.php/Home/topic/index.html
INFO: [ app_init ] --START--
INFO: Run Behavior\BuildLiteBehavior [ RunTime:0.000028s ]
INFO: [ app_init ] --END-- [ RunTime:0.000725s ]

[ 2018-06-13T20:13:26+08:00 ] ::1 /biye/index.php/Home/Apply/topic/Tnum/1585
INFO: [ app_init ] --START--
INFO: Run Behavior\BuildLiteBehavior [ RunTime:0.000022s ]
INFO: [ app_init ] --END-- [ RunTime:0.000506s ]

[ 2018-06-13T20:13:29+08:00 ] ::1 /biye/index.php/Home/Apply/topic
INFO: [ app_init ] --START--
INFO: Run Behavior\BuildLiteBehavior [ RunTime:0.000023s ]
INFO: [ app_init ] --END-- [ RunTime:0.000947s ]

[ 2018-06-13T20:13:30+08:00 ] ::1 /biye/index.php/Home/MyTopic/index.html
INFO: [ app_init ] --START--
INFO: Run Behavior\BuildLiteBehavior [ RunTime:0.000035s ]
INFO: [ app_init ] --END-- [ RunTime:0.000700s ]

[ 2018-06-13T20:13:40+08:00 ] ::1 /biye/index.php/Home/Topic/index
INFO: [ app_init ] --START--
INFO: Run Behavior\BuildLiteBehavior [ RunTime:0.000027s ]
INFO: [ app_init ] --END-- [ RunTime:0.000539s ]

[ 2018-06-13T20:14:27+08:00 ] ::1 /biye/index.php/Home/Apply/topic/Tnum/1585
INFO: [ app_init ] --START--
INFO: Run Behavior\BuildLiteBehavior [ RunTime:0.000024s ]
INFO: [ app_init ] --END-- [ RunTime:0.000667s ]

[ 2018-06-13T20:14:32+08:00 ] ::1 /biye/index.php/Home/Apply/topic
INFO: [ app_init ] --START--
INFO: Run Behavior\BuildLiteBehavior [ RunTime:0.000025s ]
INFO: [ app_init ] --END-- [ RunTime:0.000671s ]

[ 2018-06-13T20:14:33+08:00 ] ::1 /biye/index.php/Home/MyTopic/index.html
INFO: [ app_init ] --START--
INFO: Run Behavior\BuildLiteBehavior [ RunTime:0.000032s ]
INFO: [ app_init ] --END-- [ RunTime:0.001089s ]

[ 2018-06-13T20:14:50+08:00 ] ::1 /biye/index.php/Home/MyTopic/index.html
INFO: [ app_init ] --START--
INFO: Run Behavior\BuildLiteBehavior [ RunTime:0.000021s ]
INFO: [ app_init ] --END-- [ RunTime:0.000494s ]

[ 2018-06-13T20:15:15+08:00 ] ::1 /biye/index.php/Home/MyTopic/index
INFO: [ app_init ] --START--
INFO: Run Behavior\BuildLiteBehavior [ RunTime:0.000022s ]
INFO: [ app_init ] --END-- [ RunTime:0.000571s ]

[ 2018-06-13T20:15:16+08:00 ] ::1 /biye/index.php/Home/Grade/index
INFO: [ app_init ] --START--
INFO: Run Behavior\BuildLiteBehavior [ RunTime:0.000028s ]
INFO: [ app_init ] --END-- [ RunTime:0.000663s ]

[ 2018-06-13T20:15:17+08:00 ] ::1 /biye/index.php/Home/Apply/index
INFO: [ app_init ] --START--
INFO: Run Behavior\BuildLiteBehavior [ RunTime:0.000020s ]
INFO: [ app_init ] --END-- [ RunTime:0.000502s ]

[ 2018-06-13T20:15:17+08:00 ] ::1 /biye/index.php/Home/Topic/index
INFO: [ app_init ] --START--
INFO: Run Behavior\BuildLiteBehavior [ RunTime:0.000028s ]
INFO: [ app_init ] --END-- [ RunTime:0.000680s ]

[ 2018-06-13T20:15:18+08:00 ] ::1 /biye/index.php/Home/MyTopic/index
INFO: [ app_init ] --START--
INFO: Run Behavior\BuildLiteBehavior [ RunTime:0.000028s ]
INFO: [ app_init ] --END-- [ RunTime:0.000693s ]

[ 2018-06-13T20:15:19+08:00 ] ::1 /biye/index.php/Home/Topic/index
INFO: [ app_init ] --START--
INFO: Run Behavior\BuildLiteBehavior [ RunTime:0.000029s ]
INFO: [ app_init ] --END-- [ RunTime:0.000713s ]

[ 2018-06-13T20:15:21+08:00 ] ::1 /biye/index.php/Home/Grade/index
INFO: [ app_init ] --START--
INFO: Run Behavior\BuildLiteBehavior [ RunTime:0.000027s ]
INFO: [ app_init ] --END-- [ RunTime:0.000659s ]

[ 2018-06-13T20:15:21+08:00 ] ::1 /biye/index.php/Home/Student/index
INFO: [ app_init ] --START--
INFO: Run Behavior\BuildLiteBehavior [ RunTime:0.000031s ]
INFO: [ app_init ] --END-- [ RunTime:0.000755s ]

[ 2018-06-13T20:15:22+08:00 ] ::1 /biye/index.php/Home/MyTopic/index
INFO: [ app_init ] --START--
INFO: Run Behavior\BuildLiteBehavior [ RunTime:0.000023s ]
INFO: [ app_init ] --END-- [ RunTime:0.000510s ]

[ 2018-06-13T20:19:06+08:00 ] ::1 /biye/index.php/Home/MyTopic/index
INFO: [ app_init ] --START--
INFO: Run Behavior\BuildLiteBehavior [ RunTime:0.000021s ]
INFO: [ app_init ] --END-- [ RunTime:0.000430s ]

[ 2018-06-13T20:19:07+08:00 ] ::1 /biye/index.php/Home/Grade/index
INFO: [ app_init ] --START--
INFO: Run Behavior\BuildLiteBehavior [ RunTime:0.000021s ]
INFO: [ app_init ] --END-- [ RunTime:0.000464s ]

[ 2018-06-13T20:19:07+08:00 ] ::1 /biye/index.php/Home/MyTopic/index
INFO: [ app_init ] --START--
INFO: Run Behavior\BuildLiteBehavior [ RunTime:0.000021s ]
INFO: [ app_init ] --END-- [ RunTime:0.000415s ]

[ 2018-06-13T20:19:08+08:00 ] ::1 /biye/index.php/Home/Grade/index
INFO: [ app_init ] --START--
INFO: Run Behavior\BuildLiteBehavior [ RunTime:0.000020s ]
INFO: [ app_init ] --END-- [ RunTime:0.000408s ]

[ 2018-06-13T20:19:08+08:00 ] ::1 /biye/index.php/Home/Apply/index
INFO: [ app_init ] --START--
INFO: Run Behavior\BuildLiteBehavior [ RunTime:0.000021s ]
INFO: [ app_init ] --END-- [ RunTime:0.000426s ]

[ 2018-06-13T20:23:36+08:00 ] ::1 /biye/index.php/Home/Apply/index
INFO: [ app_init ] --START--
INFO: Run Behavior\BuildLiteBehavior [ RunTime:0.000040s ]
INFO: [ app_init ] --END-- [ RunTime:0.000657s ]

[ 2018-06-13T20:23:45+08:00 ] ::1 /biye/index.php/Home/Apply/index
INFO: [ app_init ] --START--
INFO: Run Behavior\BuildLiteBehavior [ RunTime:0.000032s ]
INFO: [ app_init ] --END-- [ RunTime:0.000566s ]

[ 2018-06-13T20:36:42+08:00 ] ::1 /biye/index.php/Home/Apply/index
INFO: [ app_init ] --START--
INFO: Run Behavior\BuildLiteBehavior [ RunTime:0.000027s ]
INFO: [ app_init ] --END-- [ RunTime:0.000541s ]

[ 2018-06-13T20:36:43+08:00 ] ::1 /biye/index.php/Home/Apply/index
INFO: [ app_init ] --START--
INFO: Run Behavior\BuildLiteBehavior [ RunTime:0.000027s ]
INFO: [ app_init ] --END-- [ RunTime:0.000379s ]

[ 2018-06-13T20:36:43+08:00 ] ::1 /biye/index.php/Home/MyTopic/index
INFO: [ app_init ] --START--
INFO: Run Behavior\BuildLiteBehavior [ RunTime:0.000021s ]
INFO: [ app_init ] --END-- [ RunTime:0.000356s ]

[ 2018-06-13T20:36:44+08:00 ] ::1 /biye/index.php/Home/Grade/index
INFO: [ app_init ] --START--
INFO: Run Behavior\BuildLiteBehavior [ RunTime:0.000037s ]
INFO: [ app_init ] --END-- [ RunTime:0.000484s ]

[ 2018-06-13T20:36:45+08:00 ] ::1 /biye/index.php/Home/Student/index
INFO: [ app_init ] --START--
INFO: Run Behavior\BuildLiteBehavior [ RunTime:0.000021s ]
INFO: [ app_init ] --END-- [ RunTime:0.000379s ]

[ 2018-06-13T20:36:45+08:00 ] ::1 /biye/index.php/Home/Grade/index
INFO: [ app_init ] --START--
INFO: Run Behavior\BuildLiteBehavior [ RunTime:0.000026s ]
INFO: [ app_init ] --END-- [ RunTime:0.000459s ]

[ 2018-06-13T20:36:46+08:00 ] ::1 /biye/index.php/Home/MyTopic/index
INFO: [ app_init ] --START--
INFO: Run Behavior\BuildLiteBehavior [ RunTime:0.000020s ]
INFO: [ app_init ] --END-- [ RunTime:0.000357s ]

[ 2018-06-13T20:36:46+08:00 ] ::1 /biye/index.php/Home/Apply/index
INFO: [ app_init ] --START--
INFO: Run Behavior\BuildLiteBehavior [ RunTime:0.000028s ]
INFO: [ app_init ] --END-- [ RunTime:0.000494s ]

[ 2018-06-13T20:36:47+08:00 ] ::1 /biye/index.php/Home/Topic/index
INFO: [ app_init ] --START--
INFO: Run Behavior\BuildLiteBehavior [ RunTime:0.000027s ]
INFO: [ app_init ] --END-- [ RunTime:0.000470s ]

[ 2018-06-13T20:36:48+08:00 ] ::1 /biye/index.php/Home/Apply/index
INFO: [ app_init ] --START--
INFO: Run Behavior\BuildLiteBehavior [ RunTime:0.000022s ]
INFO: [ app_init ] --END-- [ RunTime:0.000374s ]

[ 2018-06-13T20:36:49+08:00 ] ::1 /biye/index.php/Home/MyTopic/index
INFO: [ app_init ] --START--
INFO: Run Behavior\BuildLiteBehavior [ RunTime:0.000027s ]
INFO: [ app_init ] --END-- [ RunTime:0.000471s ]

[ 2018-06-13T20:36:49+08:00 ] ::1 /biye/index.php/Home/Grade/index
INFO: [ app_init ] --START--
INFO: Run Behavior\BuildLiteBehavior [ RunTime:0.000037s ]
INFO: [ app_init ] --END-- [ RunTime:0.000627s ]

[ 2018-06-13T20:36:50+08:00 ] ::1 /biye/index.php/Home/Student/index
INFO: [ app_init ] --START--
INFO: Run Behavior\BuildLiteBehavior [ RunTime:0.000027s ]
INFO: [ app_init ] --END-- [ RunTime:0.000458s ]

[ 2018-06-13T20:36:50+08:00 ] ::1 /biye/index.php/Home/Grade/index
INFO: [ app_init ] --START--
INFO: Run Behavior\BuildLiteBehavior [ RunTime:0.000026s ]
INFO: [ app_init ] --END-- [ RunTime:0.000453s ]

[ 2018-06-13T20:36:51+08:00 ] ::1 /biye/index.php/Home/MyTopic/index
INFO: [ app_init ] --START--
INFO: Run Behavior\BuildLiteBehavior [ RunTime:0.000027s ]
INFO: [ app_init ] --END-- [ RunTime:0.000465s ]

[ 2018-06-13T20:36:52+08:00 ] ::1 /biye/index.php/Home/Apply/index
INFO: [ app_init ] --START--
INFO: Run Behavior\BuildLiteBehavior [ RunTime:0.000029s ]
INFO: [ app_init ] --END-- [ RunTime:0.000484s ]

[ 2018-06-13T20:36:53+08:00 ] ::1 /biye/index.php/Home/Topic/index
INFO: [ app_init ] --START--
INFO: Run Behavior\BuildLiteBehavior [ RunTime:0.000020s ]
INFO: [ app_init ] --END-- [ RunTime:0.000354s ]

[ 2018-06-13T20:37:23+08:00 ] ::1 /biye/index.php/Home/Topic/index
INFO: [ app_init ] --START--
INFO: Run Behavior\BuildLiteBehavior [ RunTime:0.000027s ]
INFO: [ app_init ] --END-- [ RunTime:0.000482s ]

[ 2018-06-13T20:37:24+08:00 ] ::1 /biye/index.php/Home/Topic/index
INFO: [ app_init ] --START--
INFO: Run Behavior\BuildLiteBehavior [ RunTime:0.000028s ]
INFO: [ app_init ] --END-- [ RunTime:0.000585s ]

[ 2018-06-13T20:37:24+08:00 ] ::1 /biye/index.php/Home/Apply/index
INFO: [ app_init ] --START--
INFO: Run Behavior\BuildLiteBehavior [ RunTime:0.000027s ]
INFO: [ app_init ] --END-- [ RunTime:0.000558s ]

[ 2018-06-13T20:37:25+08:00 ] ::1 /biye/index.php/Home/MyTopic/index
INFO: [ app_init ] --START--
INFO: Run Behavior\BuildLiteBehavior [ RunTime:0.000027s ]
INFO: [ app_init ] --END-- [ RunTime:0.000552s ]

[ 2018-06-13T20:37:25+08:00 ] ::1 /biye/index.php/Home/Grade/index
INFO: [ app_init ] --START--
INFO: Run Behavior\BuildLiteBehavior [ RunTime:0.000040s ]
INFO: [ app_init ] --END-- [ RunTime:0.000747s ]

[ 2018-06-13T20:37:26+08:00 ] ::1 /biye/index.php/Home/Student/index
INFO: [ app_init ] --START--
INFO: Run Behavior\BuildLiteBehavior [ RunTime:0.000043s ]
INFO: [ app_init ] --END-- [ RunTime:0.000819s ]

[ 2018-06-13T20:37:29+08:00 ] ::1 /biye/index.php/Home/Login/logout
INFO: [ app_init ] --START--
INFO: Run Behavior\BuildLiteBehavior [ RunTime:0.000028s ]
INFO: [ app_init ] --END-- [ RunTime:0.000566s ]

[ 2018-06-13T20:37:30+08:00 ] ::1 /biye/index.php/Home/Login/index.html
INFO: [ app_init ] --START--
INFO: Run Behavior\BuildLiteBehavior [ RunTime:0.000023s ]
INFO: [ app_init ] --END-- [ RunTime:0.000445s ]

