[ 2018-05-13T10:30:35+08:00 ] ::1 /biye/
INFO: [ app_init ] --START--
INFO: Run Behavior\BuildLiteBehavior [ RunTime:0.000032s ]
INFO: [ app_init ] --END-- [ RunTime:0.000667s ]

[ 2018-05-13T10:30:37+08:00 ] ::1 /biye/index.php/Home/Login/index.html
INFO: [ app_init ] --START--
INFO: Run Behavior\BuildLiteBehavior [ RunTime:0.000036s ]
INFO: [ app_init ] --END-- [ RunTime:0.000554s ]

[ 2018-05-13T10:30:37+08:00 ] ::1 /biye/index.php/Home/Login/getVerify
INFO: [ app_init ] --START--
INFO: Run Behavior\BuildLiteBehavior [ RunTime:0.000025s ]
INFO: [ app_init ] --END-- [ RunTime:0.000568s ]

[ 2018-05-13T10:31:24+08:00 ] ::1 /biye/index.php/Home/Login/index.html
INFO: [ app_init ] --START--
INFO: Run Behavior\BuildLiteBehavior [ RunTime:0.000032s ]
INFO: [ app_init ] --END-- [ RunTime:0.001681s ]

[ 2018-05-13T10:31:25+08:00 ] ::1 /biye/index.php/Home/Index/index.html
INFO: [ app_init ] --START--
INFO: Run Behavior\BuildLiteBehavior [ RunTime:0.000031s ]
INFO: [ app_init ] --END-- [ RunTime:0.001061s ]

[ 2018-05-13T10:31:27+08:00 ] ::1 /biye/index.php/Home/MyTopic/index
INFO: [ app_init ] --START--
INFO: Run Behavior\BuildLiteBehavior [ RunTime:0.000025s ]
INFO: [ app_init ] --END-- [ RunTime:0.000740s ]

[ 2018-05-13T10:31:28+08:00 ] ::1 /biye/index.php/Home/Grade/index
INFO: [ app_init ] --START--
INFO: Run Behavior\BuildLiteBehavior [ RunTime:0.000026s ]
INFO: [ app_init ] --END-- [ RunTime:0.000624s ]

[ 2018-05-13T10:31:29+08:00 ] ::1 /biye/index.php/Home/Grade/index
INFO: [ app_init ] --START--
INFO: Run Behavior\BuildLiteBehavior [ RunTime:0.000025s ]
INFO: [ app_init ] --END-- [ RunTime:0.000658s ]

