[ 2018-05-15T08:29:05+08:00 ] ::1 /biye/
INFO: [ app_init ] --START--
INFO: Run Behavior\BuildLiteBehavior [ RunTime:0.000026s ]
INFO: [ app_init ] --END-- [ RunTime:0.000765s ]

[ 2018-05-15T08:29:07+08:00 ] ::1 /biye/index.php/Home/Login/index.html
INFO: [ app_init ] --START--
INFO: Run Behavior\BuildLiteBehavior [ RunTime:0.000042s ]
INFO: [ app_init ] --END-- [ RunTime:0.001115s ]

[ 2018-05-15T08:29:07+08:00 ] ::1 /biye/index.php/Home/Login/getVerify
INFO: [ app_init ] --START--
INFO: Run Behavior\BuildLiteBehavior [ RunTime:0.000065s ]
INFO: [ app_init ] --END-- [ RunTime:0.003804s ]

[ 2018-05-15T11:52:14+08:00 ] ::1 /biye/index.php/home/Login/index.html
INFO: [ app_init ] --START--
INFO: Run Behavior\BuildLiteBehavior [ RunTime:0.000024s ]
INFO: [ app_init ] --END-- [ RunTime:0.000638s ]

[ 2018-05-15T11:52:14+08:00 ] ::1 /biye/index.php/Home/Login/getVerify
INFO: [ app_init ] --START--
INFO: Run Behavior\BuildLiteBehavior [ RunTime:0.000027s ]
INFO: [ app_init ] --END-- [ RunTime:0.001138s ]

[ 2018-05-15T11:52:27+08:00 ] ::1 /biye/index.php/home/Login/index.html
INFO: [ app_init ] --START--
INFO: Run Behavior\BuildLiteBehavior [ RunTime:0.000024s ]
INFO: [ app_init ] --END-- [ RunTime:0.000777s ]

[ 2018-05-15T11:52:31+08:00 ] ::1 /biye/index.php/Home/Login/getVerify/0.607677231988749
INFO: [ app_init ] --START--
INFO: Run Behavior\BuildLiteBehavior [ RunTime:0.000025s ]
INFO: [ app_init ] --END-- [ RunTime:0.000746s ]

[ 2018-05-15T11:52:32+08:00 ] ::1 /biye/index.php/Home/Login/getVerify/0.025359653843375463
INFO: [ app_init ] --START--
INFO: Run Behavior\BuildLiteBehavior [ RunTime:0.000024s ]
INFO: [ app_init ] --END-- [ RunTime:0.000719s ]

[ 2018-05-15T11:52:33+08:00 ] ::1 /biye/index.php/Home/Login/getVerify/0.3958729932406515
INFO: [ app_init ] --START--
INFO: Run Behavior\BuildLiteBehavior [ RunTime:0.000024s ]
INFO: [ app_init ] --END-- [ RunTime:0.000710s ]

[ 2018-05-15T11:52:39+08:00 ] ::1 /biye/index.php/home/Login/undefined
INFO: [ app_init ] --START--
INFO: Run Behavior\BuildLiteBehavior [ RunTime:0.000039s ]
INFO: [ app_init ] --END-- [ RunTime:0.001092s ]
ERR: 非法操作:undefined

[ 2018-05-15T11:52:46+08:00 ] ::1 /biye/index.php/Home/Login/getVerify/0.44135514317903957
INFO: [ app_init ] --START--
INFO: Run Behavior\BuildLiteBehavior [ RunTime:0.000024s ]
INFO: [ app_init ] --END-- [ RunTime:0.000695s ]

[ 2018-05-15T11:52:47+08:00 ] ::1 /biye/index.php/Home/Login/getVerify/0.6819940647189805
INFO: [ app_init ] --START--
INFO: Run Behavior\BuildLiteBehavior [ RunTime:0.000025s ]
INFO: [ app_init ] --END-- [ RunTime:0.000702s ]

[ 2018-05-15T11:52:48+08:00 ] ::1 /biye/index.php/Home/Login/getVerify/0.34276691279741933
INFO: [ app_init ] --START--
INFO: Run Behavior\BuildLiteBehavior [ RunTime:0.000023s ]
INFO: [ app_init ] --END-- [ RunTime:0.000738s ]

[ 2018-05-15T11:52:49+08:00 ] ::1 /biye/index.php/Home/Login/getVerify/0.029815853919757496
INFO: [ app_init ] --START--
INFO: Run Behavior\BuildLiteBehavior [ RunTime:0.000024s ]
INFO: [ app_init ] --END-- [ RunTime:0.000775s ]

[ 2018-05-15T11:52:53+08:00 ] ::1 /biye/index.php/home/Login/index.html
INFO: [ app_init ] --START--
INFO: Run Behavior\BuildLiteBehavior [ RunTime:0.000030s ]
INFO: [ app_init ] --END-- [ RunTime:0.001154s ]

[ 2018-05-15T11:52:54+08:00 ] ::1 /biye/index.php/Home/Index/index.html
INFO: [ app_init ] --START--
INFO: Run Behavior\BuildLiteBehavior [ RunTime:0.000028s ]
INFO: [ app_init ] --END-- [ RunTime:0.000851s ]

[ 2018-05-15T11:52:56+08:00 ] ::1 /biye/index.php/Home/Grade/index
INFO: [ app_init ] --START--
INFO: Run Behavior\BuildLiteBehavior [ RunTime:0.000028s ]
INFO: [ app_init ] --END-- [ RunTime:0.000706s ]

[ 2018-05-15T11:55:34+08:00 ] ::1 /biye/index.php/Home/Grade/index
INFO: [ app_init ] --START--
INFO: Run Behavior\BuildLiteBehavior [ RunTime:0.000025s ]
INFO: [ app_init ] --END-- [ RunTime:0.000623s ]

[ 2018-05-15T11:56:43+08:00 ] ::1 /biye/index.php/Home/Grade/index
INFO: [ app_init ] --START--
INFO: Run Behavior\BuildLiteBehavior [ RunTime:0.000025s ]
INFO: [ app_init ] --END-- [ RunTime:0.000649s ]

[ 2018-05-15T11:57:26+08:00 ] ::1 /biye/index.php/Home/Grade/index
INFO: [ app_init ] --START--
INFO: Run Behavior\BuildLiteBehavior [ RunTime:0.000023s ]
INFO: [ app_init ] --END-- [ RunTime:0.000627s ]

[ 2018-05-15T11:57:33+08:00 ] ::1 /biye/index.php/Home/Grade/index
INFO: [ app_init ] --START--
INFO: Run Behavior\BuildLiteBehavior [ RunTime:0.000025s ]
INFO: [ app_init ] --END-- [ RunTime:0.000616s ]

[ 2018-05-15T11:57:38+08:00 ] ::1 /biye/index.php/Home/Grade/index
INFO: [ app_init ] --START--
INFO: Run Behavior\BuildLiteBehavior [ RunTime:0.000025s ]
INFO: [ app_init ] --END-- [ RunTime:0.000629s ]

[ 2018-05-15T11:58:03+08:00 ] ::1 /biye/index.php/Home/Apply/index
INFO: [ app_init ] --START--
INFO: Run Behavior\BuildLiteBehavior [ RunTime:0.000023s ]
INFO: [ app_init ] --END-- [ RunTime:0.000529s ]

[ 2018-05-15T11:58:08+08:00 ] ::1 /biye/index.php/Home/Topic/index
INFO: [ app_init ] --START--
INFO: Run Behavior\BuildLiteBehavior [ RunTime:0.000026s ]
INFO: [ app_init ] --END-- [ RunTime:0.000559s ]

[ 2018-05-15T11:58:11+08:00 ] ::1 /biye/index.php/Home/Topic/topicxx/Cnum/1837
INFO: [ app_init ] --START--
INFO: Run Behavior\BuildLiteBehavior [ RunTime:0.000024s ]
INFO: [ app_init ] --END-- [ RunTime:0.000525s ]

[ 2018-05-15T11:58:15+08:00 ] ::1 /biye/index.php/Home/student/index
INFO: [ app_init ] --START--
INFO: Run Behavior\BuildLiteBehavior [ RunTime:0.000034s ]
INFO: [ app_init ] --END-- [ RunTime:0.000644s ]

[ 2018-05-15T11:58:15+08:00 ] ::1 /biye/index.php/Home/Grade/index
INFO: [ app_init ] --START--
INFO: Run Behavior\BuildLiteBehavior [ RunTime:0.000026s ]
INFO: [ app_init ] --END-- [ RunTime:0.000677s ]

[ 2018-05-15T11:58:16+08:00 ] ::1 /biye/index.php/Home/MyTopic/index
INFO: [ app_init ] --START--
INFO: Run Behavior\BuildLiteBehavior [ RunTime:0.000026s ]
INFO: [ app_init ] --END-- [ RunTime:0.000590s ]

[ 2018-05-15T11:58:17+08:00 ] ::1 /biye/index.php/Home/Login/logout
INFO: [ app_init ] --START--
INFO: Run Behavior\BuildLiteBehavior [ RunTime:0.000026s ]
INFO: [ app_init ] --END-- [ RunTime:0.000681s ]

[ 2018-05-15T11:58:18+08:00 ] ::1 /biye/index.php/Home/Login/index.html
INFO: [ app_init ] --START--
INFO: Run Behavior\BuildLiteBehavior [ RunTime:0.000024s ]
INFO: [ app_init ] --END-- [ RunTime:0.000538s ]

[ 2018-05-15T11:58:18+08:00 ] ::1 /biye/index.php/Home/Login/getVerify
INFO: [ app_init ] --START--
INFO: Run Behavior\BuildLiteBehavior [ RunTime:0.000025s ]
INFO: [ app_init ] --END-- [ RunTime:0.000631s ]

[ 2018-05-15T13:32:12+08:00 ] ::1 /biye/
INFO: [ app_init ] --START--
INFO: Run Behavior\BuildLiteBehavior [ RunTime:0.000027s ]
INFO: [ app_init ] --END-- [ RunTime:0.001955s ]

[ 2018-05-15T13:32:14+08:00 ] ::1 /biye/index.php/Home/Login/index.html
INFO: [ app_init ] --START--
INFO: Run Behavior\BuildLiteBehavior [ RunTime:0.000026s ]
INFO: [ app_init ] --END-- [ RunTime:0.000975s ]

[ 2018-05-15T13:32:14+08:00 ] ::1 /biye/index.php/Home/Login/getVerify
INFO: [ app_init ] --START--
INFO: Run Behavior\BuildLiteBehavior [ RunTime:0.000028s ]
INFO: [ app_init ] --END-- [ RunTime:0.001195s ]

[ 2018-05-15T14:31:39+08:00 ] ::1 /biye/index.php/home/Login/index.html
INFO: [ app_init ] --START--
INFO: Run Behavior\BuildLiteBehavior [ RunTime:0.000025s ]
INFO: [ app_init ] --END-- [ RunTime:0.000685s ]

[ 2018-05-15T14:31:39+08:00 ] ::1 /biye/index.php/Home/Login/getVerify
INFO: [ app_init ] --START--
INFO: Run Behavior\BuildLiteBehavior [ RunTime:0.000043s ]
INFO: [ app_init ] --END-- [ RunTime:0.001150s ]

[ 2018-05-15T14:31:46+08:00 ] ::1 /biye/index.php/Home/Login/getVerify/0.5911334055797328
INFO: [ app_init ] --START--
INFO: Run Behavior\BuildLiteBehavior [ RunTime:0.000026s ]
INFO: [ app_init ] --END-- [ RunTime:0.000841s ]

[ 2018-05-15T14:31:47+08:00 ] ::1 /biye/index.php/Home/Login/getVerify/0.9956083696943636
INFO: [ app_init ] --START--
INFO: Run Behavior\BuildLiteBehavior [ RunTime:0.000025s ]
INFO: [ app_init ] --END-- [ RunTime:0.000661s ]

[ 2018-05-15T14:31:54+08:00 ] ::1 /biye/index.php/home/Login/index.html
INFO: [ app_init ] --START--
INFO: Run Behavior\BuildLiteBehavior [ RunTime:0.000025s ]
INFO: [ app_init ] --END-- [ RunTime:0.000713s ]

[ 2018-05-15T14:31:56+08:00 ] ::1 /biye/index.php/home/Login/index.html
INFO: [ app_init ] --START--
INFO: Run Behavior\BuildLiteBehavior [ RunTime:0.000028s ]
INFO: [ app_init ] --END-- [ RunTime:0.000776s ]

[ 2018-05-15T14:31:56+08:00 ] ::1 /biye/index.php/Home/Login/getVerify
INFO: [ app_init ] --START--
INFO: Run Behavior\BuildLiteBehavior [ RunTime:0.000026s ]
INFO: [ app_init ] --END-- [ RunTime:0.000698s ]

[ 2018-05-15T14:32:00+08:00 ] ::1 /biye/index.php/Home/Login/getVerify/0.32474329736813723
INFO: [ app_init ] --START--
INFO: Run Behavior\BuildLiteBehavior [ RunTime:0.000023s ]
INFO: [ app_init ] --END-- [ RunTime:0.000691s ]

[ 2018-05-15T14:32:01+08:00 ] ::1 /biye/index.php/Home/Login/getVerify/0.09449350949878621
INFO: [ app_init ] --START--
INFO: Run Behavior\BuildLiteBehavior [ RunTime:0.000029s ]
INFO: [ app_init ] --END-- [ RunTime:0.000667s ]

[ 2018-05-15T14:32:06+08:00 ] ::1 /biye/index.php/home/Login/index.html
INFO: [ app_init ] --START--
INFO: Run Behavior\BuildLiteBehavior [ RunTime:0.000024s ]
INFO: [ app_init ] --END-- [ RunTime:0.000640s ]

[ 2018-05-15T14:32:08+08:00 ] ::1 /biye/index.php/Home/Index/index.html
INFO: [ app_init ] --START--
INFO: Run Behavior\BuildLiteBehavior [ RunTime:0.000044s ]
INFO: [ app_init ] --END-- [ RunTime:0.001061s ]

[ 2018-05-15T14:32:09+08:00 ] ::1 /biye/index.php/Home/Student/index
INFO: [ app_init ] --START--
INFO: Run Behavior\BuildLiteBehavior [ RunTime:0.000041s ]
INFO: [ app_init ] --END-- [ RunTime:0.001044s ]

[ 2018-05-15T14:32:11+08:00 ] ::1 /biye/index.php/Home/Apply/index
INFO: [ app_init ] --START--
INFO: Run Behavior\BuildLiteBehavior [ RunTime:0.000024s ]
INFO: [ app_init ] --END-- [ RunTime:0.000683s ]

[ 2018-05-15T14:32:13+08:00 ] ::1 /biye/index.php/Home/Apply/topic/Tnum/1813
INFO: [ app_init ] --START--
INFO: Run Behavior\BuildLiteBehavior [ RunTime:0.000024s ]
INFO: [ app_init ] --END-- [ RunTime:0.000698s ]

[ 2018-05-15T14:32:17+08:00 ] ::1 /biye/index.php/Home/Apply/topic
INFO: [ app_init ] --START--
INFO: Run Behavior\BuildLiteBehavior [ RunTime:0.000032s ]
INFO: [ app_init ] --END-- [ RunTime:0.001011s ]

[ 2018-05-15T14:32:20+08:00 ] ::1 /biye/index.php/Home/topic/index.html
INFO: [ app_init ] --START--
INFO: Run Behavior\BuildLiteBehavior [ RunTime:0.000027s ]
INFO: [ app_init ] --END-- [ RunTime:0.001025s ]

[ 2018-05-15T14:55:09+08:00 ] ::1 /biye/index.php/Home/Login/logout
INFO: [ app_init ] --START--
INFO: Run Behavior\BuildLiteBehavior [ RunTime:0.000022s ]
INFO: [ app_init ] --END-- [ RunTime:0.000529s ]

[ 2018-05-15T14:55:10+08:00 ] ::1 /biye/index.php/Home/Login/index.html
INFO: [ app_init ] --START--
INFO: Run Behavior\BuildLiteBehavior [ RunTime:0.000023s ]
INFO: [ app_init ] --END-- [ RunTime:0.000524s ]

[ 2018-05-15T14:55:10+08:00 ] ::1 /biye/index.php/Home/Login/getVerify
INFO: [ app_init ] --START--
INFO: Run Behavior\BuildLiteBehavior [ RunTime:0.000048s ]
INFO: [ app_init ] --END-- [ RunTime:0.001100s ]

